{"C:\\Program Files\\JetBrains\\WebStorm 2019.2.2\\plugins\\NodeJS\\js\\mocha-intellij\\lib\\mochaIntellijReporter.js":{"path":"C:\\Program Files\\JetBrains\\WebStorm 2019.2.2\\plugins\\NodeJS\\js\\mocha-intellij\\lib\\mochaIntellijReporter.js","statementMap":{"0":{"start":{"line":1,"column":11},"end":{"line":1,"column":41}},"1":{"start":{"line":2,"column":11},"end":{"line":2,"column":41}},"2":{"start":{"line":3,"column":15},"end":{"line":3,"column":41}},"3":{"start":{"line":4,"column":18},"end":{"line":4,"column":57}},"4":{"start":{"line":5,"column":25},"end":{"line":5,"column":58}},"5":{"start":{"line":13,"column":15},"end":{"line":13,"column":51}},"6":{"start":{"line":14,"column":19},"end":{"line":14,"column":28}},"7":{"start":{"line":15,"column":2},"end":{"line":26,"column":3}},"8":{"start":{"line":16,"column":16},"end":{"line":16,"column":31}},"9":{"start":{"line":17,"column":20},"end":{"line":17,"column":31}},"10":{"start":{"line":18,"column":20},"end":{"line":18,"column":51}},"11":{"start":{"line":19,"column":4},"end":{"line":24,"column":5}},"12":{"start":{"line":20,"column":25},"end":{"line":20,"column":63}},"13":{"start":{"line":21,"column":6},"end":{"line":21,"column":92}},"14":{"start":{"line":22,"column":6},"end":{"line":22,"column":27}},"15":{"start":{"line":23,"column":6},"end":{"line":23,"column":49}},"16":{"start":{"line":25,"column":4},"end":{"line":25,"column":27}},"17":{"start":{"line":27,"column":2},"end":{"line":27,"column":20}},"18":{"start":{"line":31,"column":15},"end":{"line":31,"column":17}},"19":{"start":{"line":32,"column":10},"end":{"line":32,"column":15}},"20":{"start":{"line":33,"column":2},"end":{"line":36,"column":3}},"21":{"start":{"line":34,"column":4},"end":{"line":34,"column":19}},"22":{"start":{"line":35,"column":4},"end":{"line":35,"column":17}},"23":{"start":{"line":37,"column":2},"end":{"line":37,"column":19}},"24":{"start":{"line":38,"column":2},"end":{"line":38,"column":16}},"25":{"start":{"line":47,"column":14},"end":{"line":47,"column":16}},"26":{"start":{"line":48,"column":13},"end":{"line":48,"column":19}},"27":{"start":{"line":49,"column":13},"end":{"line":49,"column":27}},"28":{"start":{"line":50,"column":2},"end":{"line":53,"column":3}},"29":{"start":{"line":51,"column":4},"end":{"line":51,"column":26}},"30":{"start":{"line":52,"column":4},"end":{"line":52,"column":23}},"31":{"start":{"line":54,"column":2},"end":{"line":54,"column":18}},"32":{"start":{"line":55,"column":2},"end":{"line":55,"column":24}},"33":{"start":{"line":56,"column":2},"end":{"line":56,"column":52}},"34":{"start":{"line":60,"column":16},"end":{"line":60,"column":33}},"35":{"start":{"line":61,"column":14},"end":{"line":61,"column":23}},"36":{"start":{"line":62,"column":2},"end":{"line":66,"column":3}},"37":{"start":{"line":63,"column":4},"end":{"line":65,"column":5}},"38":{"start":{"line":67,"column":14},"end":{"line":67,"column":36}},"39":{"start":{"line":68,"column":2},"end":{"line":75,"column":3}},"40":{"start":{"line":69,"column":4},"end":{"line":69,"column":53}},"41":{"start":{"line":70,"column":4},"end":{"line":70,"column":40}},"42":{"start":{"line":71,"column":13},"end":{"line":71,"column":17}},"43":{"start":{"line":72,"column":4},"end":{"line":74,"column":5}},"44":{"start":{"line":73,"column":6},"end":{"line":73,"column":41}},"45":{"start":{"line":76,"column":2},"end":{"line":79,"column":3}},"46":{"start":{"line":88,"column":17},"end":{"line":88,"column":46}},"47":{"start":{"line":89,"column":2},"end":{"line":91,"column":3}},"48":{"start":{"line":90,"column":4},"end":{"line":90,"column":58}},"49":{"start":{"line":92,"column":18},"end":{"line":92,"column":62}},"50":{"start":{"line":93,"column":21},"end":{"line":93,"column":59}},"51":{"start":{"line":94,"column":2},"end":{"line":94,"column":81}},"52":{"start":{"line":95,"column":2},"end":{"line":95,"column":22}},"53":{"start":{"line":96,"column":2},"end":{"line":96,"column":42}},"54":{"start":{"line":97,"column":2},"end":{"line":97,"column":18}},"55":{"start":{"line":106,"column":17},"end":{"line":106,"column":46}},"56":{"start":{"line":107,"column":2},"end":{"line":109,"column":3}},"57":{"start":{"line":108,"column":4},"end":{"line":108,"column":44}},"58":{"start":{"line":110,"column":2},"end":{"line":110,"column":19}},"59":{"start":{"line":111,"column":2},"end":{"line":111,"column":18}},"60":{"start":{"line":120,"column":2},"end":{"line":134,"column":3}},"61":{"start":{"line":121,"column":4},"end":{"line":133,"column":5}},"62":{"start":{"line":122,"column":6},"end":{"line":122,"column":30}},"63":{"start":{"line":125,"column":20},"end":{"line":125,"column":39}},"64":{"start":{"line":126,"column":6},"end":{"line":132,"column":7}},"65":{"start":{"line":127,"column":18},"end":{"line":127,"column":50}},"66":{"start":{"line":128,"column":8},"end":{"line":130,"column":9}},"67":{"start":{"line":129,"column":10},"end":{"line":129,"column":55}},"68":{"start":{"line":131,"column":8},"end":{"line":131,"column":32}},"69":{"start":{"line":144,"column":17},"end":{"line":144,"column":46}},"70":{"start":{"line":145,"column":2},"end":{"line":154,"column":3}},"71":{"start":{"line":146,"column":19},"end":{"line":146,"column":123}},"72":{"start":{"line":147,"column":4},"end":{"line":153,"column":5}},"73":{"start":{"line":149,"column":6},"end":{"line":149,"column":29}},"74":{"start":{"line":152,"column":6},"end":{"line":152,"column":34}},"75":{"start":{"line":156,"column":2},"end":{"line":163,"column":3}},"76":{"start":{"line":161,"column":4},"end":{"line":161,"column":29}},"77":{"start":{"line":162,"column":4},"end":{"line":162,"column":11}},"78":{"start":{"line":164,"column":2},"end":{"line":164,"column":35}},"79":{"start":{"line":165,"column":2},"end":{"line":190,"column":3}},"80":{"start":{"line":166,"column":19},"end":{"line":166,"column":50}},"81":{"start":{"line":167,"column":17},"end":{"line":167,"column":46}},"82":{"start":{"line":168,"column":22},"end":{"line":168,"column":26}},"83":{"start":{"line":168,"column":40},"end":{"line":168,"column":44}},"84":{"start":{"line":169,"column":4},"end":{"line":181,"column":5}},"85":{"start":{"line":170,"column":6},"end":{"line":180,"column":7}},"86":{"start":{"line":174,"column":8},"end":{"line":174,"column":42}},"87":{"start":{"line":175,"column":8},"end":{"line":175,"column":38}},"88":{"start":{"line":178,"column":8},"end":{"line":178,"column":54}},"89":{"start":{"line":179,"column":8},"end":{"line":179,"column":50}},"90":{"start":{"line":182,"column":18},"end":{"line":182,"column":37}},"91":{"start":{"line":183,"column":4},"end":{"line":185,"column":104}},"92":{"start":{"line":188,"column":17},"end":{"line":188,"column":83}},"93":{"start":{"line":189,"column":4},"end":{"line":189,"column":83}},"94":{"start":{"line":191,"column":2},"end":{"line":196,"column":3}},"95":{"start":{"line":192,"column":4},"end":{"line":192,"column":33}},"96":{"start":{"line":195,"column":4},"end":{"line":195,"column":27}},"97":{"start":{"line":206,"column":2},"end":{"line":208,"column":3}},"98":{"start":{"line":207,"column":4},"end":{"line":207,"column":21}},"99":{"start":{"line":209,"column":2},"end":{"line":209,"column":15}},"100":{"start":{"line":217,"column":2},"end":{"line":217,"column":30}},"101":{"start":{"line":225,"column":2},"end":{"line":225,"column":85}},"102":{"start":{"line":233,"column":2},"end":{"line":233,"column":86}},"103":{"start":{"line":242,"column":2},"end":{"line":247,"column":5}},"104":{"start":{"line":243,"column":19},"end":{"line":243,"column":48}},"105":{"start":{"line":244,"column":4},"end":{"line":246,"column":5}},"106":{"start":{"line":245,"column":6},"end":{"line":245,"column":51}},"107":{"start":{"line":251,"column":2},"end":{"line":251,"column":46}},"108":{"start":{"line":255,"column":13},"end":{"line":255,"column":18}},"109":{"start":{"line":256,"column":20},"end":{"line":256,"column":54}},"110":{"start":{"line":257,"column":2},"end":{"line":263,"column":3}},"111":{"start":{"line":258,"column":19},"end":{"line":258,"column":55}},"112":{"start":{"line":259,"column":4},"end":{"line":262,"column":5}},"113":{"start":{"line":260,"column":6},"end":{"line":260,"column":45}},"114":{"start":{"line":261,"column":6},"end":{"line":261,"column":18}},"115":{"start":{"line":264,"column":2},"end":{"line":266,"column":3}},"116":{"start":{"line":265,"column":4},"end":{"line":265,"column":46}},"117":{"start":{"line":273,"column":18},"end":{"line":273,"column":49}},"118":{"start":{"line":274,"column":2},"end":{"line":276,"column":3}},"119":{"start":{"line":275,"column":4},"end":{"line":275,"column":61}},"120":{"start":{"line":277,"column":2},"end":{"line":277,"column":26}},"121":{"start":{"line":280,"column":21},"end":{"line":280,"column":47}},"122":{"start":{"line":281,"column":0},"end":{"line":283,"column":1}},"123":{"start":{"line":282,"column":2},"end":{"line":282,"column":59}},"124":{"start":{"line":286,"column":2},"end":{"line":288,"column":3}},"125":{"start":{"line":287,"column":4},"end":{"line":287,"column":36}},"126":{"start":{"line":291,"column":23},"end":{"line":293,"column":4}},"127":{"start":{"line":292,"column":4},"end":{"line":292,"column":27}},"128":{"start":{"line":295,"column":2},"end":{"line":317,"column":6}},"129":{"start":{"line":296,"column":4},"end":{"line":298,"column":7}},"130":{"start":{"line":297,"column":6},"end":{"line":297,"column":30}},"131":{"start":{"line":299,"column":4},"end":{"line":299,"column":49}},"132":{"start":{"line":300,"column":4},"end":{"line":300,"column":26}},"133":{"start":{"line":302,"column":16},"end":{"line":302,"column":18}},"134":{"start":{"line":303,"column":4},"end":{"line":311,"column":7}},"135":{"start":{"line":304,"column":18},"end":{"line":304,"column":22}},"136":{"start":{"line":305,"column":6},"end":{"line":307,"column":7}},"137":{"start":{"line":306,"column":8},"end":{"line":306,"column":52}},"138":{"start":{"line":308,"column":6},"end":{"line":310,"column":7}},"139":{"start":{"line":309,"column":8},"end":{"line":309,"column":25}},"140":{"start":{"line":313,"column":4},"end":{"line":313,"column":73}},"141":{"start":{"line":314,"column":4},"end":{"line":316,"column":7}},"142":{"start":{"line":315,"column":6},"end":{"line":315,"column":35}},"143":{"start":{"line":319,"column":2},"end":{"line":324,"column":6}},"144":{"start":{"line":320,"column":20},"end":{"line":320,"column":51}},"145":{"start":{"line":321,"column":4},"end":{"line":323,"column":5}},"146":{"start":{"line":322,"column":6},"end":{"line":322,"column":24}},"147":{"start":{"line":326,"column":2},"end":{"line":329,"column":6}},"148":{"start":{"line":327,"column":4},"end":{"line":327,"column":32}},"149":{"start":{"line":328,"column":4},"end":{"line":328,"column":26}},"150":{"start":{"line":331,"column":2},"end":{"line":334,"column":6}},"151":{"start":{"line":332,"column":4},"end":{"line":332,"column":32}},"152":{"start":{"line":333,"column":4},"end":{"line":333,"column":53}},"153":{"start":{"line":336,"column":2},"end":{"line":338,"column":6}},"154":{"start":{"line":337,"column":4},"end":{"line":337,"column":53}},"155":{"start":{"line":340,"column":2},"end":{"line":353,"column":6}},"156":{"start":{"line":341,"column":4},"end":{"line":352,"column":5}},"157":{"start":{"line":342,"column":6},"end":{"line":342,"column":34}},"158":{"start":{"line":343,"column":6},"end":{"line":343,"column":51}},"159":{"start":{"line":345,"column":9},"end":{"line":352,"column":5}},"160":{"start":{"line":346,"column":6},"end":{"line":346,"column":34}},"161":{"start":{"line":347,"column":6},"end":{"line":347,"column":38}},"162":{"start":{"line":348,"column":6},"end":{"line":348,"column":68}},"163":{"start":{"line":351,"column":6},"end":{"line":351,"column":54}},"164":{"start":{"line":355,"column":2},"end":{"line":360,"column":6}},"165":{"start":{"line":356,"column":4},"end":{"line":356,"column":32}},"166":{"start":{"line":357,"column":4},"end":{"line":359,"column":5}},"167":{"start":{"line":358,"column":6},"end":{"line":358,"column":25}},"168":{"start":{"line":362,"column":2},"end":{"line":366,"column":6}},"169":{"start":{"line":363,"column":4},"end":{"line":363,"column":32}},"170":{"start":{"line":364,"column":4},"end":{"line":364,"column":27}},"171":{"start":{"line":365,"column":4},"end":{"line":365,"column":16}},"172":{"start":{"line":370,"column":0},"end":{"line":370,"column":34}}},"fnMap":{"0":{"name":"findOrCreateAndRegisterSuiteNode","decl":{"start":{"line":12,"column":9},"end":{"line":12,"column":41}},"loc":{"start":{"line":12,"column":54},"end":{"line":28,"column":1}},"line":12},"1":{"name":"getSuitesFromRootDownTo","decl":{"start":{"line":30,"column":9},"end":{"line":30,"column":32}},"loc":{"start":{"line":30,"column":40},"end":{"line":39,"column":1}},"line":30},"2":{"name":"getLocationPath","decl":{"start":{"line":46,"column":9},"end":{"line":46,"column":24}},"loc":{"start":{"line":46,"column":44},"end":{"line":57,"column":1}},"line":46},"3":{"name":"extractErrInfo","decl":{"start":{"line":59,"column":9},"end":{"line":59,"column":23}},"loc":{"start":{"line":59,"column":29},"end":{"line":80,"column":1}},"line":59},"4":{"name":"registerTestNode","decl":{"start":{"line":87,"column":9},"end":{"line":87,"column":25}},"loc":{"start":{"line":87,"column":38},"end":{"line":98,"column":1}},"line":87},"5":{"name":"startTest","decl":{"start":{"line":105,"column":9},"end":{"line":105,"column":18}},"loc":{"start":{"line":105,"column":31},"end":{"line":112,"column":1}},"line":105},"6":{"name":"addStdErr","decl":{"start":{"line":119,"column":9},"end":{"line":119,"column":18}},"loc":{"start":{"line":119,"column":34},"end":{"line":135,"column":1}},"line":119},"7":{"name":"finishTestNode","decl":{"start":{"line":143,"column":9},"end":{"line":143,"column":23}},"loc":{"start":{"line":143,"column":57},"end":{"line":197,"column":1}},"line":143},"8":{"name":"getOwnProperty","decl":{"start":{"line":204,"column":9},"end":{"line":204,"column":23}},"loc":{"start":{"line":204,"column":34},"end":{"line":210,"column":1}},"line":204},"9":{"name":"isHook","decl":{"start":{"line":216,"column":9},"end":{"line":216,"column":15}},"loc":{"start":{"line":216,"column":22},"end":{"line":218,"column":1}},"line":216},"10":{"name":"isBeforeAllHook","decl":{"start":{"line":224,"column":9},"end":{"line":224,"column":24}},"loc":{"start":{"line":224,"column":31},"end":{"line":226,"column":1}},"line":224},"11":{"name":"isBeforeEachHook","decl":{"start":{"line":232,"column":9},"end":{"line":232,"column":25}},"loc":{"start":{"line":232,"column":32},"end":{"line":234,"column":1}},"line":232},"12":{"name":"markChildrenFailed","decl":{"start":{"line":241,"column":9},"end":{"line":241,"column":27}},"loc":{"start":{"line":241,"column":48},"end":{"line":248,"column":1}},"line":241},"13":{"name":"(anonymous_13)","decl":{"start":{"line":242,"column":22},"end":{"line":242,"column":23}},"loc":{"start":{"line":242,"column":38},"end":{"line":247,"column":3}},"line":242},"14":{"name":"getCurrentTest","decl":{"start":{"line":250,"column":9},"end":{"line":250,"column":23}},"loc":{"start":{"line":250,"column":29},"end":{"line":252,"column":1}},"line":250},"15":{"name":"handleBeforeEachHookFailure","decl":{"start":{"line":254,"column":9},"end":{"line":254,"column":36}},"loc":{"start":{"line":254,"column":64},"end":{"line":267,"column":1}},"line":254},"16":{"name":"finishSuite","decl":{"start":{"line":272,"column":9},"end":{"line":272,"column":20}},"loc":{"start":{"line":272,"column":28},"end":{"line":278,"column":1}},"line":272},"17":{"name":"IntellijReporter","decl":{"start":{"line":285,"column":9},"end":{"line":285,"column":25}},"loc":{"start":{"line":285,"column":34},"end":{"line":368,"column":1}},"line":285},"18":{"name":"(anonymous_18)","decl":{"start":{"line":291,"column":46},"end":{"line":291,"column":47}},"loc":{"start":{"line":291,"column":66},"end":{"line":293,"column":3}},"line":291},"19":{"name":"(anonymous_19)","decl":{"start":{"line":295,"column":33},"end":{"line":295,"column":34}},"loc":{"start":{"line":295,"column":45},"end":{"line":317,"column":3}},"line":295},"20":{"name":"(anonymous_20)","decl":{"start":{"line":296,"column":20},"end":{"line":296,"column":21}},"loc":{"start":{"line":296,"column":35},"end":{"line":298,"column":5}},"line":296},"21":{"name":"(anonymous_21)","decl":{"start":{"line":303,"column":33},"end":{"line":303,"column":34}},"loc":{"start":{"line":303,"column":49},"end":{"line":311,"column":5}},"line":303},"22":{"name":"(anonymous_22)","decl":{"start":{"line":314,"column":18},"end":{"line":314,"column":19}},"loc":{"start":{"line":314,"column":34},"end":{"line":316,"column":5}},"line":314},"23":{"name":"(anonymous_23)","decl":{"start":{"line":319,"column":33},"end":{"line":319,"column":34}},"loc":{"start":{"line":319,"column":50},"end":{"line":324,"column":3}},"line":319},"24":{"name":"(anonymous_24)","decl":{"start":{"line":326,"column":32},"end":{"line":326,"column":33}},"loc":{"start":{"line":326,"column":48},"end":{"line":329,"column":3}},"line":326},"25":{"name":"(anonymous_25)","decl":{"start":{"line":331,"column":35},"end":{"line":331,"column":36}},"loc":{"start":{"line":331,"column":51},"end":{"line":334,"column":3}},"line":331},"26":{"name":"(anonymous_26)","decl":{"start":{"line":336,"column":32},"end":{"line":336,"column":33}},"loc":{"start":{"line":336,"column":48},"end":{"line":338,"column":3}},"line":336},"27":{"name":"(anonymous_27)","decl":{"start":{"line":340,"column":32},"end":{"line":340,"column":33}},"loc":{"start":{"line":340,"column":53},"end":{"line":353,"column":3}},"line":340},"28":{"name":"(anonymous_28)","decl":{"start":{"line":355,"column":37},"end":{"line":355,"column":38}},"loc":{"start":{"line":355,"column":54},"end":{"line":360,"column":3}},"line":355},"29":{"name":"(anonymous_29)","decl":{"start":{"line":362,"column":31},"end":{"line":362,"column":32}},"loc":{"start":{"line":362,"column":43},"end":{"line":366,"column":3}},"line":362}},"branchMap":{"0":{"loc":{"start":{"line":19,"column":4},"end":{"line":24,"column":5}},"type":"if","locations":[{"start":{"line":19,"column":4},"end":{"line":24,"column":5}},{"start":{"line":19,"column":4},"end":{"line":24,"column":5}}],"line":19},"1":{"loc":{"start":{"line":33,"column":9},"end":{"line":33,"column":29}},"type":"binary-expr","locations":[{"start":{"line":33,"column":9},"end":{"line":33,"column":18}},{"start":{"line":33,"column":22},"end":{"line":33,"column":29}}],"line":33},"2":{"loc":{"start":{"line":60,"column":16},"end":{"line":60,"column":33}},"type":"binary-expr","locations":[{"start":{"line":60,"column":16},"end":{"line":60,"column":27}},{"start":{"line":60,"column":31},"end":{"line":60,"column":33}}],"line":60},"3":{"loc":{"start":{"line":62,"column":2},"end":{"line":66,"column":3}},"type":"if","locations":[{"start":{"line":62,"column":2},"end":{"line":66,"column":3}},{"start":{"line":62,"column":2},"end":{"line":66,"column":3}}],"line":62},"4":{"loc":{"start":{"line":62,"column":6},"end":{"line":62,"column":55}},"type":"binary-expr","locations":[{"start":{"line":62,"column":6},"end":{"line":62,"column":27}},{"start":{"line":62,"column":31},"end":{"line":62,"column":55}}],"line":62},"5":{"loc":{"start":{"line":68,"column":2},"end":{"line":75,"column":3}},"type":"if","locations":[{"start":{"line":68,"column":2},"end":{"line":75,"column":3}},{"start":{"line":68,"column":2},"end":{"line":75,"column":3}}],"line":68},"6":{"loc":{"start":{"line":72,"column":4},"end":{"line":74,"column":5}},"type":"if","locations":[{"start":{"line":72,"column":4},"end":{"line":74,"column":5}},{"start":{"line":72,"column":4},"end":{"line":74,"column":5}}],"line":72},"7":{"loc":{"start":{"line":89,"column":2},"end":{"line":91,"column":3}},"type":"if","locations":[{"start":{"line":89,"column":2},"end":{"line":91,"column":3}},{"start":{"line":89,"column":2},"end":{"line":91,"column":3}}],"line":89},"8":{"loc":{"start":{"line":107,"column":2},"end":{"line":109,"column":3}},"type":"if","locations":[{"start":{"line":107,"column":2},"end":{"line":109,"column":3}},{"start":{"line":107,"column":2},"end":{"line":109,"column":3}}],"line":107},"9":{"loc":{"start":{"line":120,"column":2},"end":{"line":134,"column":3}},"type":"if","locations":[{"start":{"line":120,"column":2},"end":{"line":134,"column":3}},{"start":{"line":120,"column":2},"end":{"line":134,"column":3}}],"line":120},"10":{"loc":{"start":{"line":121,"column":4},"end":{"line":133,"column":5}},"type":"if","locations":[{"start":{"line":121,"column":4},"end":{"line":133,"column":5}},{"start":{"line":121,"column":4},"end":{"line":133,"column":5}}],"line":121},"11":{"loc":{"start":{"line":126,"column":6},"end":{"line":132,"column":7}},"type":"if","locations":[{"start":{"line":126,"column":6},"end":{"line":132,"column":7}},{"start":{"line":126,"column":6},"end":{"line":132,"column":7}}],"line":126},"12":{"loc":{"start":{"line":127,"column":18},"end":{"line":127,"column":50}},"type":"binary-expr","locations":[{"start":{"line":127,"column":18},"end":{"line":127,"column":33}},{"start":{"line":127,"column":37},"end":{"line":127,"column":50}}],"line":127},"13":{"loc":{"start":{"line":128,"column":8},"end":{"line":130,"column":9}},"type":"if","locations":[{"start":{"line":128,"column":8},"end":{"line":130,"column":9}},{"start":{"line":128,"column":8},"end":{"line":130,"column":9}}],"line":128},"14":{"loc":{"start":{"line":128,"column":12},"end":{"line":128,"column":44}},"type":"binary-expr","locations":[{"start":{"line":128,"column":12},"end":{"line":128,"column":27}},{"start":{"line":128,"column":31},"end":{"line":128,"column":44}}],"line":128},"15":{"loc":{"start":{"line":145,"column":2},"end":{"line":154,"column":3}},"type":"if","locations":[{"start":{"line":145,"column":2},"end":{"line":154,"column":3}},{"start":{"line":145,"column":2},"end":{"line":154,"column":3}}],"line":145},"16":{"loc":{"start":{"line":146,"column":19},"end":{"line":146,"column":123}},"type":"binary-expr","locations":[{"start":{"line":146,"column":19},"end":{"line":146,"column":35}},{"start":{"line":146,"column":39},"end":{"line":146,"column":74}},{"start":{"line":146,"column":78},"end":{"line":146,"column":123}}],"line":146},"17":{"loc":{"start":{"line":147,"column":4},"end":{"line":153,"column":5}},"type":"if","locations":[{"start":{"line":147,"column":4},"end":{"line":153,"column":5}},{"start":{"line":147,"column":4},"end":{"line":153,"column":5}}],"line":147},"18":{"loc":{"start":{"line":147,"column":8},"end":{"line":147,"column":29}},"type":"binary-expr","locations":[{"start":{"line":147,"column":8},"end":{"line":147,"column":14}},{"start":{"line":147,"column":18},"end":{"line":147,"column":29}}],"line":147},"19":{"loc":{"start":{"line":156,"column":2},"end":{"line":163,"column":3}},"type":"if","locations":[{"start":{"line":156,"column":2},"end":{"line":163,"column":3}},{"start":{"line":156,"column":2},"end":{"line":163,"column":3}}],"line":156},"20":{"loc":{"start":{"line":156,"column":6},"end":{"line":156,"column":47}},"type":"binary-expr","locations":[{"start":{"line":156,"column":6},"end":{"line":156,"column":22}},{"start":{"line":156,"column":26},"end":{"line":156,"column":47}}],"line":156},"21":{"loc":{"start":{"line":165,"column":2},"end":{"line":190,"column":3}},"type":"if","locations":[{"start":{"line":165,"column":2},"end":{"line":190,"column":3}},{"start":{"line":165,"column":2},"end":{"line":190,"column":3}}],"line":165},"22":{"loc":{"start":{"line":169,"column":4},"end":{"line":181,"column":5}},"type":"if","locations":[{"start":{"line":169,"column":4},"end":{"line":181,"column":5}},{"start":{"line":169,"column":4},"end":{"line":181,"column":5}}],"line":169},"23":{"loc":{"start":{"line":169,"column":8},"end":{"line":169,"column":79}},"type":"binary-expr","locations":[{"start":{"line":169,"column":8},"end":{"line":169,"column":30}},{"start":{"line":169,"column":34},"end":{"line":169,"column":53}},{"start":{"line":169,"column":57},"end":{"line":169,"column":79}}],"line":169},"24":{"loc":{"start":{"line":170,"column":6},"end":{"line":180,"column":7}},"type":"if","locations":[{"start":{"line":170,"column":6},"end":{"line":180,"column":7}},{"start":{"line":170,"column":6},"end":{"line":180,"column":7}}],"line":170},"25":{"loc":{"start":{"line":170,"column":10},"end":{"line":170,"column":76}},"type":"binary-expr","locations":[{"start":{"line":170,"column":10},"end":{"line":170,"column":42}},{"start":{"line":170,"column":46},"end":{"line":170,"column":76}}],"line":170},"26":{"loc":{"start":{"line":188,"column":17},"end":{"line":188,"column":83}},"type":"cond-expr","locations":[{"start":{"line":188,"column":32},"end":{"line":188,"column":56}},{"start":{"line":188,"column":59},"end":{"line":188,"column":83}}],"line":188},"27":{"loc":{"start":{"line":191,"column":2},"end":{"line":196,"column":3}},"type":"if","locations":[{"start":{"line":191,"column":2},"end":{"line":196,"column":3}},{"start":{"line":191,"column":2},"end":{"line":196,"column":3}}],"line":191},"28":{"loc":{"start":{"line":206,"column":2},"end":{"line":208,"column":3}},"type":"if","locations":[{"start":{"line":206,"column":2},"end":{"line":208,"column":3}},{"start":{"line":206,"column":2},"end":{"line":208,"column":3}}],"line":206},"29":{"loc":{"start":{"line":225,"column":9},"end":{"line":225,"column":84}},"type":"binary-expr","locations":[{"start":{"line":225,"column":9},"end":{"line":225,"column":21}},{"start":{"line":225,"column":25},"end":{"line":225,"column":35}},{"start":{"line":225,"column":39},"end":{"line":225,"column":84}}],"line":225},"30":{"loc":{"start":{"line":233,"column":9},"end":{"line":233,"column":85}},"type":"binary-expr","locations":[{"start":{"line":233,"column":9},"end":{"line":233,"column":21}},{"start":{"line":233,"column":25},"end":{"line":233,"column":35}},{"start":{"line":233,"column":39},"end":{"line":233,"column":85}}],"line":233},"31":{"loc":{"start":{"line":244,"column":4},"end":{"line":246,"column":5}},"type":"if","locations":[{"start":{"line":244,"column":4},"end":{"line":246,"column":5}},{"start":{"line":244,"column":4},"end":{"line":246,"column":5}}],"line":244},"32":{"loc":{"start":{"line":251,"column":9},"end":{"line":251,"column":45}},"type":"cond-expr","locations":[{"start":{"line":251,"column":23},"end":{"line":251,"column":38}},{"start":{"line":251,"column":41},"end":{"line":251,"column":45}}],"line":251},"33":{"loc":{"start":{"line":257,"column":2},"end":{"line":263,"column":3}},"type":"if","locations":[{"start":{"line":257,"column":2},"end":{"line":263,"column":3}},{"start":{"line":257,"column":2},"end":{"line":263,"column":3}}],"line":257},"34":{"loc":{"start":{"line":259,"column":4},"end":{"line":262,"column":5}},"type":"if","locations":[{"start":{"line":259,"column":4},"end":{"line":262,"column":5}},{"start":{"line":259,"column":4},"end":{"line":262,"column":5}}],"line":259},"35":{"loc":{"start":{"line":264,"column":2},"end":{"line":266,"column":3}},"type":"if","locations":[{"start":{"line":264,"column":2},"end":{"line":266,"column":3}},{"start":{"line":264,"column":2},"end":{"line":266,"column":3}}],"line":264},"36":{"loc":{"start":{"line":274,"column":2},"end":{"line":276,"column":3}},"type":"if","locations":[{"start":{"line":274,"column":2},"end":{"line":276,"column":3}},{"start":{"line":274,"column":2},"end":{"line":276,"column":3}}],"line":274},"37":{"loc":{"start":{"line":281,"column":0},"end":{"line":283,"column":1}},"type":"if","locations":[{"start":{"line":281,"column":0},"end":{"line":283,"column":1}},{"start":{"line":281,"column":0},"end":{"line":283,"column":1}}],"line":281},"38":{"loc":{"start":{"line":286,"column":2},"end":{"line":288,"column":3}},"type":"if","locations":[{"start":{"line":286,"column":2},"end":{"line":288,"column":3}},{"start":{"line":286,"column":2},"end":{"line":288,"column":3}}],"line":286},"39":{"loc":{"start":{"line":305,"column":6},"end":{"line":307,"column":7}},"type":"if","locations":[{"start":{"line":305,"column":6},"end":{"line":307,"column":7}},{"start":{"line":305,"column":6},"end":{"line":307,"column":7}}],"line":305},"40":{"loc":{"start":{"line":308,"column":6},"end":{"line":310,"column":7}},"type":"if","locations":[{"start":{"line":308,"column":6},"end":{"line":310,"column":7}},{"start":{"line":308,"column":6},"end":{"line":310,"column":7}}],"line":308},"41":{"loc":{"start":{"line":321,"column":4},"end":{"line":323,"column":5}},"type":"if","locations":[{"start":{"line":321,"column":4},"end":{"line":323,"column":5}},{"start":{"line":321,"column":4},"end":{"line":323,"column":5}}],"line":321},"42":{"loc":{"start":{"line":341,"column":4},"end":{"line":352,"column":5}},"type":"if","locations":[{"start":{"line":341,"column":4},"end":{"line":352,"column":5}},{"start":{"line":341,"column":4},"end":{"line":352,"column":5}}],"line":341},"43":{"loc":{"start":{"line":345,"column":9},"end":{"line":352,"column":5}},"type":"if","locations":[{"start":{"line":345,"column":9},"end":{"line":352,"column":5}},{"start":{"line":345,"column":9},"end":{"line":352,"column":5}}],"line":345},"44":{"loc":{"start":{"line":357,"column":4},"end":{"line":359,"column":5}},"type":"if","locations":[{"start":{"line":357,"column":4},"end":{"line":359,"column":5}},{"start":{"line":357,"column":4},"end":{"line":359,"column":5}}],"line":357}},"s":{"0":1,"1":1,"2":1,"3":1,"4":1,"5":2,"6":2,"7":2,"8":2,"9":2,"10":2,"11":2,"12":1,"13":1,"14":1,"15":1,"16":2,"17":2,"18":2,"19":2,"20":2,"21":2,"22":2,"23":2,"24":2,"25":3,"26":3,"27":3,"28":3,"29":2,"30":2,"31":3,"32":3,"33":3,"34":2,"35":2,"36":2,"37":1,"38":1,"39":1,"40":1,"41":1,"42":1,"43":1,"44":0,"45":1,"46":2,"47":2,"48":0,"49":2,"50":2,"51":2,"52":2,"53":2,"54":2,"55":2,"56":2,"57":1,"58":2,"59":2,"60":0,"61":0,"62":0,"63":0,"64":0,"65":0,"66":0,"67":0,"68":0,"69":2,"70":2,"71":0,"72":0,"73":0,"74":0,"75":2,"76":0,"77":0,"78":2,"79":2,"80":2,"81":2,"82":2,"83":2,"84":2,"85":0,"86":0,"87":0,"88":0,"89":0,"90":2,"91":2,"92":0,"93":0,"94":2,"95":0,"96":2,"97":8,"98":0,"99":8,"100":2,"101":1,"102":1,"103":1,"104":1,"105":1,"106":1,"107":0,"108":0,"109":0,"110":0,"111":0,"112":0,"113":0,"114":0,"115":0,"116":0,"117":1,"118":1,"119":0,"120":1,"121":1,"122":1,"123":1,"124":1,"125":1,"126":1,"127":0,"128":1,"129":1,"130":13,"131":1,"132":1,"133":1,"134":1,"135":16,"136":16,"137":16,"138":16,"139":1,"140":1,"141":1,"142":1,"143":1,"144":2,"145":2,"146":1,"147":1,"148":0,"149":0,"150":1,"151":0,"152":0,"153":1,"154":0,"155":1,"156":1,"157":0,"158":0,"159":1,"160":1,"161":1,"162":1,"163":0,"164":1,"165":2,"166":2,"167":1,"168":1,"169":1,"170":1,"171":1,"172":1},"f":{"0":2,"1":2,"2":3,"3":2,"4":2,"5":2,"6":0,"7":2,"8":8,"9":2,"10":1,"11":1,"12":1,"13":1,"14":0,"15":0,"16":1,"17":1,"18":0,"19":1,"20":13,"21":16,"22":1,"23":2,"24":0,"25":0,"26":0,"27":1,"28":2,"29":1},"b":{"0":[1,1],"1":[4,4],"2":[2,0],"3":[1,1],"4":[2,1],"5":[1,0],"6":[0,1],"7":[0,2],"8":[1,1],"9":[0,0],"10":[0,0],"11":[0,0],"12":[0,0],"13":[0,0],"14":[0,0],"15":[0,2],"16":[0,0,0],"17":[0,0],"18":[0,0],"19":[0,2],"20":[2,1],"21":[2,0],"22":[0,2],"23":[2,2,0],"24":[0,0],"25":[0,0],"26":[0,0],"27":[0,2],"28":[0,8],"29":[1,1,1],"30":[1,1,1],"31":[1,0],"32":[0,0],"33":[0,0],"34":[0,0],"35":[0,0],"36":[0,1],"37":[1,0],"38":[1,0],"39":[16,0],"40":[1,15],"41":[1,1],"42":[0,1],"43":[1,0],"44":[1,1]},"_coverageSchema":"332fd63041d2c1bcb487cc26dd0d5f7d97098a6c","hash":"d17f3d0be72190db7fabc85437bba699d9753564","contentHash":"e8237442493011a0044715f6f7e3d825_11.3.0"},"C:\\Program Files\\JetBrains\\WebStorm 2019.2.2\\plugins\\NodeJS\\js\\mocha-intellij\\lib\\mochaIntellijTree.js":{"path":"C:\\Program Files\\JetBrains\\WebStorm 2019.2.2\\plugins\\NodeJS\\js\\mocha-intellij\\lib\\mochaIntellijTree.js","statementMap":{"0":{"start":{"line":1,"column":11},"end":{"line":1,"column":41}},"1":{"start":{"line":4,"column":2},"end":{"line":11,"column":5}},"2":{"start":{"line":20,"column":2},"end":{"line":22,"column":4}},"3":{"start":{"line":21,"column":4},"end":{"line":21,"column":22}},"4":{"start":{"line":28,"column":2},"end":{"line":28,"column":74}},"5":{"start":{"line":33,"column":2},"end":{"line":33,"column":18}},"6":{"start":{"line":36,"column":0},"end":{"line":38,"column":2}},"7":{"start":{"line":37,"column":2},"end":{"line":37,"column":45}},"8":{"start":{"line":40,"column":0},"end":{"line":42,"column":2}},"9":{"start":{"line":41,"column":2},"end":{"line":41,"column":46}},"10":{"start":{"line":62,"column":2},"end":{"line":62,"column":19}},"11":{"start":{"line":67,"column":2},"end":{"line":67,"column":15}},"12":{"start":{"line":72,"column":2},"end":{"line":72,"column":23}},"13":{"start":{"line":77,"column":2},"end":{"line":77,"column":19}},"14":{"start":{"line":82,"column":2},"end":{"line":82,"column":19}},"15":{"start":{"line":87,"column":2},"end":{"line":87,"column":35}},"16":{"start":{"line":92,"column":2},"end":{"line":92,"column":27}},"17":{"start":{"line":97,"column":2},"end":{"line":97,"column":33}},"18":{"start":{"line":106,"column":2},"end":{"line":106,"column":19}},"19":{"start":{"line":108,"column":0},"end":{"line":110,"column":2}},"20":{"start":{"line":109,"column":4},"end":{"line":109,"column":21}},"21":{"start":{"line":111,"column":0},"end":{"line":111,"column":45}},"22":{"start":{"line":112,"column":0},"end":{"line":112,"column":51}},"23":{"start":{"line":113,"column":0},"end":{"line":113,"column":45}},"24":{"start":{"line":114,"column":0},"end":{"line":114,"column":47}},"25":{"start":{"line":121,"column":0},"end":{"line":125,"column":2}},"26":{"start":{"line":122,"column":13},"end":{"line":122,"column":38}},"27":{"start":{"line":123,"column":2},"end":{"line":123,"column":26}},"28":{"start":{"line":124,"column":2},"end":{"line":124,"column":36}},"29":{"start":{"line":131,"column":0},"end":{"line":136,"column":2}},"30":{"start":{"line":132,"column":2},"end":{"line":134,"column":3}},"31":{"start":{"line":133,"column":4},"end":{"line":133,"column":38}},"32":{"start":{"line":135,"column":2},"end":{"line":135,"column":54}},"33":{"start":{"line":143,"column":0},"end":{"line":163,"column":2}},"34":{"start":{"line":144,"column":25},"end":{"line":144,"column":51}},"35":{"start":{"line":145,"column":13},"end":{"line":145,"column":26}},"36":{"start":{"line":146,"column":2},"end":{"line":146,"column":27}},"37":{"start":{"line":147,"column":2},"end":{"line":147,"column":33}},"38":{"start":{"line":148,"column":17},"end":{"line":148,"column":49}},"39":{"start":{"line":149,"column":2},"end":{"line":149,"column":42}},"40":{"start":{"line":150,"column":2},"end":{"line":150,"column":62}},"41":{"start":{"line":151,"column":2},"end":{"line":151,"column":36}},"42":{"start":{"line":152,"column":2},"end":{"line":157,"column":3}},"43":{"start":{"line":153,"column":4},"end":{"line":153,"column":41}},"44":{"start":{"line":154,"column":4},"end":{"line":156,"column":5}},"45":{"start":{"line":155,"column":6},"end":{"line":155,"column":102}},"46":{"start":{"line":158,"column":2},"end":{"line":160,"column":3}},"47":{"start":{"line":159,"column":4},"end":{"line":159,"column":72}},"48":{"start":{"line":161,"column":2},"end":{"line":161,"column":16}},"49":{"start":{"line":162,"column":2},"end":{"line":162,"column":14}},"50":{"start":{"line":172,"column":0},"end":{"line":183,"column":2}},"51":{"start":{"line":173,"column":2},"end":{"line":175,"column":3}},"52":{"start":{"line":174,"column":4},"end":{"line":174,"column":46}},"53":{"start":{"line":176,"column":2},"end":{"line":179,"column":3}},"54":{"start":{"line":178,"column":4},"end":{"line":178,"column":11}},"55":{"start":{"line":180,"column":13},"end":{"line":180,"column":35}},"56":{"start":{"line":181,"column":2},"end":{"line":181,"column":26}},"57":{"start":{"line":182,"column":2},"end":{"line":182,"column":33}},"58":{"start":{"line":189,"column":0},"end":{"line":198,"column":2}},"59":{"start":{"line":190,"column":2},"end":{"line":192,"column":3}},"60":{"start":{"line":191,"column":4},"end":{"line":191,"column":37}},"61":{"start":{"line":193,"column":2},"end":{"line":196,"column":3}},"62":{"start":{"line":194,"column":22},"end":{"line":194,"column":48}},"63":{"start":{"line":195,"column":4},"end":{"line":195,"column":89}},"64":{"start":{"line":197,"column":2},"end":{"line":197,"column":54}},"65":{"start":{"line":205,"column":0},"end":{"line":207,"column":2}},"66":{"start":{"line":206,"column":2},"end":{"line":206,"column":51}},"67":{"start":{"line":214,"column":0},"end":{"line":227,"column":2}},"68":{"start":{"line":215,"column":2},"end":{"line":217,"column":3}},"69":{"start":{"line":216,"column":4},"end":{"line":216,"column":56}},"70":{"start":{"line":218,"column":13},"end":{"line":218,"column":36}},"71":{"start":{"line":219,"column":2},"end":{"line":219,"column":26}},"72":{"start":{"line":220,"column":2},"end":{"line":220,"column":34}},"73":{"start":{"line":221,"column":2},"end":{"line":226,"column":3}},"74":{"start":{"line":222,"column":17},"end":{"line":222,"column":28}},"75":{"start":{"line":223,"column":4},"end":{"line":225,"column":5}},"76":{"start":{"line":224,"column":6},"end":{"line":224,"column":31}},"77":{"start":{"line":232,"column":0},"end":{"line":234,"column":2}},"78":{"start":{"line":233,"column":2},"end":{"line":233,"column":43}},"79":{"start":{"line":240,"column":0},"end":{"line":249,"column":2}},"80":{"start":{"line":241,"column":13},"end":{"line":241,"column":56}},"81":{"start":{"line":242,"column":2},"end":{"line":242,"column":40}},"82":{"start":{"line":243,"column":24},"end":{"line":243,"column":62}},"83":{"start":{"line":244,"column":2},"end":{"line":246,"column":3}},"84":{"start":{"line":245,"column":4},"end":{"line":245,"column":28}},"85":{"start":{"line":247,"column":2},"end":{"line":247,"column":14}},"86":{"start":{"line":248,"column":2},"end":{"line":248,"column":14}},"87":{"start":{"line":256,"column":0},"end":{"line":258,"column":2}},"88":{"start":{"line":257,"column":2},"end":{"line":257,"column":51}},"89":{"start":{"line":260,"column":0},"end":{"line":267,"column":2}},"90":{"start":{"line":261,"column":2},"end":{"line":266,"column":3}},"91":{"start":{"line":262,"column":4},"end":{"line":264,"column":5}},"92":{"start":{"line":263,"column":6},"end":{"line":263,"column":41}},"93":{"start":{"line":265,"column":4},"end":{"line":265,"column":18}},"94":{"start":{"line":283,"column":2},"end":{"line":283,"column":72}},"95":{"start":{"line":288,"column":2},"end":{"line":288,"column":21}},"96":{"start":{"line":293,"column":2},"end":{"line":293,"column":22}},"97":{"start":{"line":298,"column":2},"end":{"line":298,"column":30}},"98":{"start":{"line":301,"column":0},"end":{"line":301,"column":29}},"99":{"start":{"line":308,"column":0},"end":{"line":313,"column":2}},"100":{"start":{"line":309,"column":2},"end":{"line":311,"column":3}},"101":{"start":{"line":310,"column":4},"end":{"line":310,"column":37}},"102":{"start":{"line":312,"column":2},"end":{"line":312,"column":14}},"103":{"start":{"line":319,"column":0},"end":{"line":321,"column":2}},"104":{"start":{"line":320,"column":2},"end":{"line":320,"column":28}},"105":{"start":{"line":327,"column":0},"end":{"line":329,"column":2}},"106":{"start":{"line":328,"column":2},"end":{"line":328,"column":29}},"107":{"start":{"line":335,"column":0},"end":{"line":337,"column":2}},"108":{"start":{"line":336,"column":2},"end":{"line":336,"column":14}},"109":{"start":{"line":346,"column":0},"end":{"line":355,"column":2}},"110":{"start":{"line":347,"column":2},"end":{"line":349,"column":3}},"111":{"start":{"line":348,"column":4},"end":{"line":348,"column":68}},"112":{"start":{"line":350,"column":16},"end":{"line":350,"column":34}},"113":{"start":{"line":351,"column":14},"end":{"line":351,"column":97}},"114":{"start":{"line":352,"column":2},"end":{"line":352,"column":28}},"115":{"start":{"line":353,"column":2},"end":{"line":353,"column":36}},"116":{"start":{"line":354,"column":2},"end":{"line":354,"column":15}},"117":{"start":{"line":365,"column":0},"end":{"line":374,"column":2}},"118":{"start":{"line":366,"column":2},"end":{"line":368,"column":3}},"119":{"start":{"line":367,"column":4},"end":{"line":367,"column":68}},"120":{"start":{"line":369,"column":16},"end":{"line":369,"column":34}},"121":{"start":{"line":370,"column":14},"end":{"line":370,"column":102}},"122":{"start":{"line":371,"column":2},"end":{"line":371,"column":28}},"123":{"start":{"line":372,"column":2},"end":{"line":372,"column":36}},"124":{"start":{"line":373,"column":2},"end":{"line":373,"column":15}},"125":{"start":{"line":379,"column":0},"end":{"line":386,"column":2}},"126":{"start":{"line":380,"column":2},"end":{"line":380,"column":28}},"127":{"start":{"line":381,"column":2},"end":{"line":385,"column":3}},"128":{"start":{"line":382,"column":4},"end":{"line":384,"column":5}},"129":{"start":{"line":383,"column":6},"end":{"line":383,"column":24}},"130":{"start":{"line":400,"column":2},"end":{"line":400,"column":72}},"131":{"start":{"line":405,"column":2},"end":{"line":405,"column":27}},"132":{"start":{"line":410,"column":2},"end":{"line":410,"column":34}},"133":{"start":{"line":415,"column":2},"end":{"line":415,"column":30}},"134":{"start":{"line":420,"column":2},"end":{"line":420,"column":34}},"135":{"start":{"line":425,"column":2},"end":{"line":425,"column":31}},"136":{"start":{"line":430,"column":2},"end":{"line":430,"column":29}},"137":{"start":{"line":435,"column":2},"end":{"line":435,"column":36}},"138":{"start":{"line":440,"column":2},"end":{"line":440,"column":34}},"139":{"start":{"line":443,"column":0},"end":{"line":443,"column":24}},"140":{"start":{"line":451,"column":2},"end":{"line":451,"column":19}},"141":{"start":{"line":453,"column":0},"end":{"line":455,"column":2}},"142":{"start":{"line":454,"column":4},"end":{"line":454,"column":21}},"143":{"start":{"line":457,"column":0},"end":{"line":457,"column":49}},"144":{"start":{"line":458,"column":0},"end":{"line":458,"column":49}},"145":{"start":{"line":459,"column":0},"end":{"line":459,"column":47}},"146":{"start":{"line":460,"column":0},"end":{"line":460,"column":45}},"147":{"start":{"line":462,"column":0},"end":{"line":462,"column":31}},"148":{"start":{"line":475,"column":0},"end":{"line":489,"column":2}},"149":{"start":{"line":478,"column":2},"end":{"line":478,"column":25}},"150":{"start":{"line":479,"column":2},"end":{"line":479,"column":39}},"151":{"start":{"line":480,"column":2},"end":{"line":480,"column":31}},"152":{"start":{"line":481,"column":2},"end":{"line":481,"column":39}},"153":{"start":{"line":482,"column":2},"end":{"line":482,"column":69}},"154":{"start":{"line":483,"column":2},"end":{"line":483,"column":63}},"155":{"start":{"line":484,"column":2},"end":{"line":484,"column":84}},"156":{"start":{"line":485,"column":2},"end":{"line":485,"column":78}},"157":{"start":{"line":486,"column":2},"end":{"line":488,"column":3}},"158":{"start":{"line":487,"column":4},"end":{"line":487,"column":59}},"159":{"start":{"line":495,"column":0},"end":{"line":497,"column":2}},"160":{"start":{"line":496,"column":2},"end":{"line":496,"column":23}},"161":{"start":{"line":503,"column":0},"end":{"line":516,"column":2}},"162":{"start":{"line":504,"column":2},"end":{"line":515,"column":3}},"163":{"start":{"line":506,"column":6},"end":{"line":506,"column":28}},"164":{"start":{"line":508,"column":6},"end":{"line":508,"column":27}},"165":{"start":{"line":510,"column":6},"end":{"line":510,"column":26}},"166":{"start":{"line":512,"column":6},"end":{"line":512,"column":26}},"167":{"start":{"line":514,"column":6},"end":{"line":514,"column":57}},"168":{"start":{"line":523,"column":0},"end":{"line":550,"column":2}},"169":{"start":{"line":524,"column":15},"end":{"line":524,"column":17}},"170":{"start":{"line":525,"column":2},"end":{"line":527,"column":3}},"171":{"start":{"line":526,"column":4},"end":{"line":526,"column":58}},"172":{"start":{"line":528,"column":2},"end":{"line":530,"column":3}},"173":{"start":{"line":529,"column":4},"end":{"line":529,"column":31}},"174":{"start":{"line":531,"column":2},"end":{"line":533,"column":3}},"175":{"start":{"line":532,"column":4},"end":{"line":532,"column":80}},"176":{"start":{"line":534,"column":2},"end":{"line":536,"column":3}},"177":{"start":{"line":535,"column":4},"end":{"line":535,"column":84}},"178":{"start":{"line":537,"column":2},"end":{"line":539,"column":3}},"179":{"start":{"line":538,"column":4},"end":{"line":538,"column":82}},"180":{"start":{"line":540,"column":2},"end":{"line":542,"column":3}},"181":{"start":{"line":541,"column":4},"end":{"line":541,"column":78}},"182":{"start":{"line":543,"column":2},"end":{"line":545,"column":3}},"183":{"start":{"line":544,"column":4},"end":{"line":544,"column":91}},"184":{"start":{"line":546,"column":2},"end":{"line":548,"column":3}},"185":{"start":{"line":547,"column":4},"end":{"line":547,"column":87}},"186":{"start":{"line":549,"column":2},"end":{"line":549,"column":45}},"187":{"start":{"line":555,"column":0},"end":{"line":561,"column":2}},"188":{"start":{"line":556,"column":2},"end":{"line":560,"column":3}},"189":{"start":{"line":557,"column":15},"end":{"line":558,"column":60}},"190":{"start":{"line":559,"column":4},"end":{"line":559,"column":28}},"191":{"start":{"line":563,"column":0},"end":{"line":563,"column":22}}},"fnMap":{"0":{"name":"inherit","decl":{"start":{"line":3,"column":9},"end":{"line":3,"column":16}},"loc":{"start":{"line":3,"column":32},"end":{"line":12,"column":1}},"line":3},"1":{"name":"Tree","decl":{"start":{"line":15,"column":9},"end":{"line":15,"column":13}},"loc":{"start":{"line":15,"column":21},"end":{"line":34,"column":1}},"line":15},"2":{"name":"(anonymous_2)","decl":{"start":{"line":20,"column":17},"end":{"line":20,"column":18}},"loc":{"start":{"line":20,"column":32},"end":{"line":22,"column":3}},"line":20},"3":{"name":"(anonymous_3)","decl":{"start":{"line":36,"column":32},"end":{"line":36,"column":33}},"loc":{"start":{"line":36,"column":44},"end":{"line":38,"column":1}},"line":36},"4":{"name":"(anonymous_4)","decl":{"start":{"line":40,"column":33},"end":{"line":40,"column":34}},"loc":{"start":{"line":40,"column":45},"end":{"line":42,"column":1}},"line":40},"5":{"name":"Node","decl":{"start":{"line":57,"column":9},"end":{"line":57,"column":13}},"loc":{"start":{"line":57,"column":68},"end":{"line":98,"column":1}},"line":57},"6":{"name":"NodeState","decl":{"start":{"line":105,"column":9},"end":{"line":105,"column":18}},"loc":{"start":{"line":105,"column":25},"end":{"line":107,"column":1}},"line":105},"7":{"name":"(anonymous_7)","decl":{"start":{"line":108,"column":31},"end":{"line":108,"column":32}},"loc":{"start":{"line":108,"column":42},"end":{"line":110,"column":1}},"line":108},"8":{"name":"(anonymous_8)","decl":{"start":{"line":121,"column":26},"end":{"line":121,"column":27}},"loc":{"start":{"line":121,"column":38},"end":{"line":125,"column":1}},"line":121},"9":{"name":"(anonymous_9)","decl":{"start":{"line":131,"column":36},"end":{"line":131,"column":37}},"loc":{"start":{"line":131,"column":48},"end":{"line":136,"column":1}},"line":131},"10":{"name":"(anonymous_10)","decl":{"start":{"line":143,"column":32},"end":{"line":143,"column":33}},"loc":{"start":{"line":143,"column":51},"end":{"line":163,"column":1}},"line":143},"11":{"name":"(anonymous_11)","decl":{"start":{"line":172,"column":23},"end":{"line":172,"column":24}},"loc":{"start":{"line":172,"column":35},"end":{"line":183,"column":1}},"line":172},"12":{"name":"(anonymous_12)","decl":{"start":{"line":189,"column":33},"end":{"line":189,"column":34}},"loc":{"start":{"line":189,"column":45},"end":{"line":198,"column":1}},"line":189},"13":{"name":"(anonymous_13)","decl":{"start":{"line":205,"column":37},"end":{"line":205,"column":38}},"loc":{"start":{"line":205,"column":49},"end":{"line":207,"column":1}},"line":205},"14":{"name":"(anonymous_14)","decl":{"start":{"line":214,"column":24},"end":{"line":214,"column":25}},"loc":{"start":{"line":214,"column":54},"end":{"line":227,"column":1}},"line":214},"15":{"name":"(anonymous_15)","decl":{"start":{"line":232,"column":28},"end":{"line":232,"column":29}},"loc":{"start":{"line":232,"column":40},"end":{"line":234,"column":1}},"line":232},"16":{"name":"(anonymous_16)","decl":{"start":{"line":240,"column":34},"end":{"line":240,"column":35}},"loc":{"start":{"line":240,"column":46},"end":{"line":249,"column":1}},"line":240},"17":{"name":"(anonymous_17)","decl":{"start":{"line":256,"column":49},"end":{"line":256,"column":50}},"loc":{"start":{"line":256,"column":61},"end":{"line":258,"column":1}},"line":256},"18":{"name":"(anonymous_18)","decl":{"start":{"line":260,"column":33},"end":{"line":260,"column":34}},"loc":{"start":{"line":260,"column":45},"end":{"line":267,"column":1}},"line":260},"19":{"name":"TestSuiteNode","decl":{"start":{"line":282,"column":9},"end":{"line":282,"column":22}},"loc":{"start":{"line":282,"column":77},"end":{"line":299,"column":1}},"line":282},"20":{"name":"(anonymous_20)","decl":{"start":{"line":308,"column":46},"end":{"line":308,"column":47}},"loc":{"start":{"line":308,"column":66},"end":{"line":313,"column":1}},"line":308},"21":{"name":"(anonymous_21)","decl":{"start":{"line":319,"column":46},"end":{"line":319,"column":47}},"loc":{"start":{"line":319,"column":58},"end":{"line":321,"column":1}},"line":319},"22":{"name":"(anonymous_22)","decl":{"start":{"line":327,"column":47},"end":{"line":327,"column":48}},"loc":{"start":{"line":327,"column":59},"end":{"line":329,"column":1}},"line":327},"23":{"name":"(anonymous_23)","decl":{"start":{"line":335,"column":58},"end":{"line":335,"column":59}},"loc":{"start":{"line":335,"column":70},"end":{"line":337,"column":1}},"line":335},"24":{"name":"(anonymous_24)","decl":{"start":{"line":346,"column":39},"end":{"line":346,"column":40}},"loc":{"start":{"line":346,"column":94},"end":{"line":355,"column":1}},"line":346},"25":{"name":"(anonymous_25)","decl":{"start":{"line":365,"column":44},"end":{"line":365,"column":45}},"loc":{"start":{"line":365,"column":99},"end":{"line":374,"column":1}},"line":365},"26":{"name":"(anonymous_26)","decl":{"start":{"line":379,"column":42},"end":{"line":379,"column":43}},"loc":{"start":{"line":379,"column":53},"end":{"line":386,"column":1}},"line":379},"27":{"name":"TestNode","decl":{"start":{"line":399,"column":9},"end":{"line":399,"column":17}},"loc":{"start":{"line":399,"column":72},"end":{"line":441,"column":1}},"line":399},"28":{"name":"TestOutcome","decl":{"start":{"line":450,"column":9},"end":{"line":450,"column":20}},"loc":{"start":{"line":450,"column":27},"end":{"line":452,"column":1}},"line":450},"29":{"name":"(anonymous_29)","decl":{"start":{"line":453,"column":33},"end":{"line":453,"column":34}},"loc":{"start":{"line":453,"column":45},"end":{"line":455,"column":1}},"line":453},"30":{"name":"(anonymous_30)","decl":{"start":{"line":475,"column":32},"end":{"line":475,"column":33}},"loc":{"start":{"line":477,"column":76},"end":{"line":489,"column":1}},"line":477},"31":{"name":"(anonymous_31)","decl":{"start":{"line":495,"column":41},"end":{"line":495,"column":42}},"loc":{"start":{"line":495,"column":53},"end":{"line":497,"column":1}},"line":495},"32":{"name":"(anonymous_32)","decl":{"start":{"line":503,"column":42},"end":{"line":503,"column":43}},"loc":{"start":{"line":503,"column":54},"end":{"line":516,"column":1}},"line":503},"33":{"name":"(anonymous_33)","decl":{"start":{"line":523,"column":53},"end":{"line":523,"column":54}},"loc":{"start":{"line":523,"column":65},"end":{"line":550,"column":1}},"line":523},"34":{"name":"(anonymous_34)","decl":{"start":{"line":555,"column":31},"end":{"line":555,"column":32}},"loc":{"start":{"line":555,"column":46},"end":{"line":561,"column":1}},"line":555}},"branchMap":{"0":{"loc":{"start":{"line":132,"column":2},"end":{"line":134,"column":3}},"type":"if","locations":[{"start":{"line":132,"column":2},"end":{"line":134,"column":3}},{"start":{"line":132,"column":2},"end":{"line":134,"column":3}}],"line":132},"1":{"loc":{"start":{"line":148,"column":17},"end":{"line":148,"column":49}},"type":"cond-expr","locations":[{"start":{"line":148,"column":31},"end":{"line":148,"column":45}},{"start":{"line":148,"column":48},"end":{"line":148,"column":49}}],"line":148},"2":{"loc":{"start":{"line":152,"column":2},"end":{"line":157,"column":3}},"type":"if","locations":[{"start":{"line":152,"column":2},"end":{"line":157,"column":3}},{"start":{"line":152,"column":2},"end":{"line":157,"column":3}}],"line":152},"3":{"loc":{"start":{"line":154,"column":4},"end":{"line":156,"column":5}},"type":"if","locations":[{"start":{"line":154,"column":4},"end":{"line":156,"column":5}},{"start":{"line":154,"column":4},"end":{"line":156,"column":5}}],"line":154},"4":{"loc":{"start":{"line":158,"column":2},"end":{"line":160,"column":3}},"type":"if","locations":[{"start":{"line":158,"column":2},"end":{"line":160,"column":3}},{"start":{"line":158,"column":2},"end":{"line":160,"column":3}}],"line":158},"5":{"loc":{"start":{"line":173,"column":2},"end":{"line":175,"column":3}},"type":"if","locations":[{"start":{"line":173,"column":2},"end":{"line":175,"column":3}},{"start":{"line":173,"column":2},"end":{"line":175,"column":3}}],"line":173},"6":{"loc":{"start":{"line":176,"column":2},"end":{"line":179,"column":3}},"type":"if","locations":[{"start":{"line":176,"column":2},"end":{"line":179,"column":3}},{"start":{"line":176,"column":2},"end":{"line":179,"column":3}}],"line":176},"7":{"loc":{"start":{"line":190,"column":2},"end":{"line":192,"column":3}},"type":"if","locations":[{"start":{"line":190,"column":2},"end":{"line":192,"column":3}},{"start":{"line":190,"column":2},"end":{"line":192,"column":3}}],"line":190},"8":{"loc":{"start":{"line":193,"column":2},"end":{"line":196,"column":3}},"type":"if","locations":[{"start":{"line":193,"column":2},"end":{"line":196,"column":3}},{"start":{"line":193,"column":2},"end":{"line":196,"column":3}}],"line":193},"9":{"loc":{"start":{"line":215,"column":2},"end":{"line":217,"column":3}},"type":"if","locations":[{"start":{"line":215,"column":2},"end":{"line":217,"column":3}},{"start":{"line":215,"column":2},"end":{"line":217,"column":3}}],"line":215},"10":{"loc":{"start":{"line":215,"column":6},"end":{"line":215,"column":77}},"type":"binary-expr","locations":[{"start":{"line":215,"column":6},"end":{"line":215,"column":41}},{"start":{"line":215,"column":45},"end":{"line":215,"column":77}}],"line":215},"11":{"loc":{"start":{"line":221,"column":2},"end":{"line":226,"column":3}},"type":"if","locations":[{"start":{"line":221,"column":2},"end":{"line":226,"column":3}},{"start":{"line":221,"column":2},"end":{"line":226,"column":3}}],"line":221},"12":{"loc":{"start":{"line":223,"column":4},"end":{"line":225,"column":5}},"type":"if","locations":[{"start":{"line":223,"column":4},"end":{"line":225,"column":5}},{"start":{"line":223,"column":4},"end":{"line":225,"column":5}}],"line":223},"13":{"loc":{"start":{"line":223,"column":8},"end":{"line":223,"column":50}},"type":"binary-expr","locations":[{"start":{"line":223,"column":8},"end":{"line":223,"column":22}},{"start":{"line":223,"column":26},"end":{"line":223,"column":50}}],"line":223},"14":{"loc":{"start":{"line":244,"column":2},"end":{"line":246,"column":3}},"type":"if","locations":[{"start":{"line":244,"column":2},"end":{"line":246,"column":3}},{"start":{"line":244,"column":2},"end":{"line":246,"column":3}}],"line":244},"15":{"loc":{"start":{"line":261,"column":2},"end":{"line":266,"column":3}},"type":"if","locations":[{"start":{"line":261,"column":2},"end":{"line":266,"column":3}},{"start":{"line":261,"column":2},"end":{"line":266,"column":3}}],"line":261},"16":{"loc":{"start":{"line":309,"column":2},"end":{"line":311,"column":3}},"type":"if","locations":[{"start":{"line":309,"column":2},"end":{"line":311,"column":3}},{"start":{"line":309,"column":2},"end":{"line":311,"column":3}}],"line":309},"17":{"loc":{"start":{"line":347,"column":2},"end":{"line":349,"column":3}},"type":"if","locations":[{"start":{"line":347,"column":2},"end":{"line":349,"column":3}},{"start":{"line":347,"column":2},"end":{"line":349,"column":3}}],"line":347},"18":{"loc":{"start":{"line":366,"column":2},"end":{"line":368,"column":3}},"type":"if","locations":[{"start":{"line":366,"column":2},"end":{"line":368,"column":3}},{"start":{"line":366,"column":2},"end":{"line":368,"column":3}}],"line":366},"19":{"loc":{"start":{"line":381,"column":2},"end":{"line":385,"column":3}},"type":"if","locations":[{"start":{"line":381,"column":2},"end":{"line":385,"column":3}},{"start":{"line":381,"column":2},"end":{"line":385,"column":3}}],"line":381},"20":{"loc":{"start":{"line":382,"column":4},"end":{"line":384,"column":5}},"type":"if","locations":[{"start":{"line":382,"column":4},"end":{"line":384,"column":5}},{"start":{"line":382,"column":4},"end":{"line":384,"column":5}}],"line":382},"21":{"loc":{"start":{"line":482,"column":21},"end":{"line":482,"column":68}},"type":"cond-expr","locations":[{"start":{"line":482,"column":50},"end":{"line":482,"column":61}},{"start":{"line":482,"column":64},"end":{"line":482,"column":68}}],"line":482},"22":{"loc":{"start":{"line":483,"column":19},"end":{"line":483,"column":62}},"type":"cond-expr","locations":[{"start":{"line":483,"column":46},"end":{"line":483,"column":55}},{"start":{"line":483,"column":58},"end":{"line":483,"column":62}}],"line":483},"23":{"loc":{"start":{"line":484,"column":26},"end":{"line":484,"column":83}},"type":"cond-expr","locations":[{"start":{"line":484,"column":60},"end":{"line":484,"column":76}},{"start":{"line":484,"column":79},"end":{"line":484,"column":83}}],"line":484},"24":{"loc":{"start":{"line":485,"column":24},"end":{"line":485,"column":77}},"type":"cond-expr","locations":[{"start":{"line":485,"column":56},"end":{"line":485,"column":70}},{"start":{"line":485,"column":73},"end":{"line":485,"column":77}}],"line":485},"25":{"loc":{"start":{"line":486,"column":2},"end":{"line":488,"column":3}},"type":"if","locations":[{"start":{"line":486,"column":2},"end":{"line":488,"column":3}},{"start":{"line":486,"column":2},"end":{"line":488,"column":3}}],"line":486},"26":{"loc":{"start":{"line":486,"column":6},"end":{"line":486,"column":52}},"type":"binary-expr","locations":[{"start":{"line":486,"column":6},"end":{"line":486,"column":37}},{"start":{"line":486,"column":41},"end":{"line":486,"column":52}}],"line":486},"27":{"loc":{"start":{"line":504,"column":2},"end":{"line":515,"column":3}},"type":"switch","locations":[{"start":{"line":505,"column":4},"end":{"line":506,"column":28}},{"start":{"line":507,"column":4},"end":{"line":508,"column":27}},{"start":{"line":509,"column":4},"end":{"line":510,"column":26}},{"start":{"line":511,"column":4},"end":{"line":512,"column":26}},{"start":{"line":513,"column":4},"end":{"line":514,"column":57}}],"line":504},"28":{"loc":{"start":{"line":525,"column":2},"end":{"line":527,"column":3}},"type":"if","locations":[{"start":{"line":525,"column":2},"end":{"line":527,"column":3}},{"start":{"line":525,"column":2},"end":{"line":527,"column":3}}],"line":525},"29":{"loc":{"start":{"line":528,"column":2},"end":{"line":530,"column":3}},"type":"if","locations":[{"start":{"line":528,"column":2},"end":{"line":530,"column":3}},{"start":{"line":528,"column":2},"end":{"line":530,"column":3}}],"line":528},"30":{"loc":{"start":{"line":531,"column":2},"end":{"line":533,"column":3}},"type":"if","locations":[{"start":{"line":531,"column":2},"end":{"line":533,"column":3}},{"start":{"line":531,"column":2},"end":{"line":533,"column":3}}],"line":531},"31":{"loc":{"start":{"line":534,"column":2},"end":{"line":536,"column":3}},"type":"if","locations":[{"start":{"line":534,"column":2},"end":{"line":536,"column":3}},{"start":{"line":534,"column":2},"end":{"line":536,"column":3}}],"line":534},"32":{"loc":{"start":{"line":537,"column":2},"end":{"line":539,"column":3}},"type":"if","locations":[{"start":{"line":537,"column":2},"end":{"line":539,"column":3}},{"start":{"line":537,"column":2},"end":{"line":539,"column":3}}],"line":537},"33":{"loc":{"start":{"line":540,"column":2},"end":{"line":542,"column":3}},"type":"if","locations":[{"start":{"line":540,"column":2},"end":{"line":542,"column":3}},{"start":{"line":540,"column":2},"end":{"line":542,"column":3}}],"line":540},"34":{"loc":{"start":{"line":543,"column":2},"end":{"line":545,"column":3}},"type":"if","locations":[{"start":{"line":543,"column":2},"end":{"line":545,"column":3}},{"start":{"line":543,"column":2},"end":{"line":545,"column":3}}],"line":543},"35":{"loc":{"start":{"line":546,"column":2},"end":{"line":548,"column":3}},"type":"if","locations":[{"start":{"line":546,"column":2},"end":{"line":548,"column":3}},{"start":{"line":546,"column":2},"end":{"line":548,"column":3}}],"line":546},"36":{"loc":{"start":{"line":549,"column":9},"end":{"line":549,"column":44}},"type":"cond-expr","locations":[{"start":{"line":549,"column":31},"end":{"line":549,"column":35}},{"start":{"line":549,"column":38},"end":{"line":549,"column":44}}],"line":549},"37":{"loc":{"start":{"line":556,"column":2},"end":{"line":560,"column":3}},"type":"if","locations":[{"start":{"line":556,"column":2},"end":{"line":560,"column":3}},{"start":{"line":556,"column":2},"end":{"line":560,"column":3}}],"line":556}},"s":{"0":1,"1":2,"2":1,"3":13,"4":1,"5":1,"6":1,"7":1,"8":1,"9":1,"10":4,"11":4,"12":4,"13":4,"14":4,"15":4,"16":4,"17":4,"18":4,"19":1,"20":0,"21":1,"22":1,"23":1,"24":1,"25":1,"26":3,"27":3,"28":3,"29":1,"30":3,"31":3,"32":0,"33":1,"34":3,"35":3,"36":3,"37":3,"38":3,"39":3,"40":3,"41":3,"42":3,"43":3,"44":3,"45":3,"46":3,"47":2,"48":3,"49":3,"50":1,"51":3,"52":0,"53":3,"54":0,"55":3,"56":3,"57":3,"58":1,"59":3,"60":0,"61":3,"62":3,"63":3,"64":0,"65":1,"66":0,"67":1,"68":3,"69":0,"70":3,"71":3,"72":3,"73":3,"74":0,"75":0,"76":0,"77":1,"78":1,"79":1,"80":3,"81":3,"82":3,"83":3,"84":2,"85":3,"86":3,"87":1,"88":0,"89":1,"90":0,"91":0,"92":0,"93":0,"94":2,"95":2,"96":2,"97":2,"98":1,"99":1,"100":0,"101":0,"102":0,"103":1,"104":2,"105":1,"106":1,"107":1,"108":1,"109":1,"110":2,"111":0,"112":2,"113":2,"114":2,"115":2,"116":2,"117":1,"118":1,"119":0,"120":1,"121":1,"122":1,"123":1,"124":1,"125":1,"126":0,"127":0,"128":0,"129":0,"130":2,"131":2,"132":2,"133":2,"134":2,"135":2,"136":2,"137":2,"138":2,"139":1,"140":4,"141":1,"142":0,"143":1,"144":1,"145":1,"146":1,"147":1,"148":1,"149":2,"150":2,"151":2,"152":2,"153":2,"154":2,"155":2,"156":2,"157":2,"158":0,"159":1,"160":4,"161":1,"162":2,"163":0,"164":0,"165":2,"166":0,"167":0,"168":1,"169":2,"170":2,"171":1,"172":2,"173":0,"174":2,"175":2,"176":2,"177":1,"178":2,"179":0,"180":2,"181":0,"182":2,"183":0,"184":2,"185":0,"186":2,"187":1,"188":0,"189":0,"190":0,"191":1},"f":{"0":2,"1":1,"2":13,"3":1,"4":1,"5":4,"6":4,"7":0,"8":3,"9":3,"10":3,"11":3,"12":3,"13":0,"14":3,"15":1,"16":3,"17":0,"18":0,"19":2,"20":0,"21":2,"22":1,"23":1,"24":2,"25":1,"26":0,"27":2,"28":4,"29":0,"30":2,"31":4,"32":2,"33":2,"34":0},"b":{"0":[3,0],"1":[3,0],"2":[3,0],"3":[3,0],"4":[2,1],"5":[0,3],"6":[0,3],"7":[0,3],"8":[3,0],"9":[0,3],"10":[3,3],"11":[0,3],"12":[0,0],"13":[0,0],"14":[2,1],"15":[0,0],"16":[0,0],"17":[0,2],"18":[0,1],"19":[0,0],"20":[0,0],"21":[0,2],"22":[0,2],"23":[0,2],"24":[0,2],"25":[0,2],"26":[2,0],"27":[0,0,2,0,0],"28":[1,1],"29":[0,2],"30":[2,0],"31":[1,1],"32":[0,2],"33":[0,2],"34":[0,2],"35":[0,2],"36":[0,2],"37":[0,0]},"_coverageSchema":"332fd63041d2c1bcb487cc26dd0d5f7d97098a6c","hash":"9ebdefceb3cf0c58389f3aeba51b2d67cead75c0","contentHash":"e45cc0ef78c01d20a55d8e62267fc636_11.3.0"},"C:\\Program Files\\JetBrains\\WebStorm 2019.2.2\\plugins\\NodeJS\\js\\mocha-intellij\\lib\\mochaIntellijUtil.js":{"path":"C:\\Program Files\\JetBrains\\WebStorm 2019.2.2\\plugins\\NodeJS\\js\\mocha-intellij\\lib\\mochaIntellijUtil.js","statementMap":{"0":{"start":{"line":1,"column":9},"end":{"line":1,"column":22}},"1":{"start":{"line":2,"column":11},"end":{"line":2,"column":26}},"2":{"start":{"line":3,"column":25},"end":{"line":3,"column":66}},"3":{"start":{"line":4,"column":25},"end":{"line":4,"column":66}},"4":{"start":{"line":5,"column":12},"end":{"line":5,"column":19}},"5":{"start":{"line":7,"column":24},"end":{"line":36,"column":3}},"6":{"start":{"line":8,"column":12},"end":{"line":8,"column":14}},"7":{"start":{"line":11,"column":4},"end":{"line":13,"column":5}},"8":{"start":{"line":12,"column":6},"end":{"line":12,"column":47}},"9":{"start":{"line":14,"column":23},"end":{"line":14,"column":45}},"10":{"start":{"line":15,"column":4},"end":{"line":20,"column":5}},"11":{"start":{"line":16,"column":6},"end":{"line":16,"column":33}},"12":{"start":{"line":19,"column":6},"end":{"line":19,"column":33}},"13":{"start":{"line":23,"column":2},"end":{"line":23,"column":24}},"14":{"start":{"line":24,"column":2},"end":{"line":24,"column":24}},"15":{"start":{"line":25,"column":2},"end":{"line":25,"column":28}},"16":{"start":{"line":26,"column":2},"end":{"line":26,"column":28}},"17":{"start":{"line":27,"column":2},"end":{"line":27,"column":28}},"18":{"start":{"line":28,"column":2},"end":{"line":28,"column":23}},"19":{"start":{"line":29,"column":2},"end":{"line":29,"column":25}},"20":{"start":{"line":30,"column":2},"end":{"line":30,"column":23}},"21":{"start":{"line":31,"column":2},"end":{"line":31,"column":23}},"22":{"start":{"line":33,"column":2},"end":{"line":35,"column":4}},"23":{"start":{"line":34,"column":4},"end":{"line":34,"column":25}},"24":{"start":{"line":39,"column":12},"end":{"line":39,"column":22}},"25":{"start":{"line":40,"column":2},"end":{"line":44,"column":3}},"26":{"start":{"line":41,"column":4},"end":{"line":43,"column":5}},"27":{"start":{"line":42,"column":6},"end":{"line":42,"column":18}},"28":{"start":{"line":45,"column":2},"end":{"line":45,"column":15}},"29":{"start":{"line":49,"column":2},"end":{"line":51,"column":3}},"30":{"start":{"line":50,"column":4},"end":{"line":50,"column":15}},"31":{"start":{"line":52,"column":12},"end":{"line":52,"column":14}},"32":{"start":{"line":53,"column":12},"end":{"line":53,"column":22}},"33":{"start":{"line":54,"column":2},"end":{"line":63,"column":3}},"34":{"start":{"line":55,"column":18},"end":{"line":55,"column":53}},"35":{"start":{"line":56,"column":4},"end":{"line":62,"column":5}},"36":{"start":{"line":57,"column":6},"end":{"line":57,"column":17}},"37":{"start":{"line":58,"column":6},"end":{"line":58,"column":21}},"38":{"start":{"line":61,"column":6},"end":{"line":61,"column":27}},"39":{"start":{"line":64,"column":2},"end":{"line":64,"column":13}},"40":{"start":{"line":75,"column":2},"end":{"line":77,"column":3}},"41":{"start":{"line":76,"column":4},"end":{"line":76,"column":14}},"42":{"start":{"line":78,"column":2},"end":{"line":80,"column":3}},"43":{"start":{"line":79,"column":4},"end":{"line":79,"column":97}},"44":{"start":{"line":81,"column":21},"end":{"line":81,"column":26}},"45":{"start":{"line":82,"column":19},"end":{"line":82,"column":23}},"46":{"start":{"line":83,"column":23},"end":{"line":83,"column":47}},"47":{"start":{"line":84,"column":26},"end":{"line":84,"column":53}},"48":{"start":{"line":85,"column":15},"end":{"line":85,"column":17}},"49":{"start":{"line":90,"column":2},"end":{"line":105,"column":3}},"50":{"start":{"line":91,"column":4},"end":{"line":93,"column":5}},"51":{"start":{"line":92,"column":6},"end":{"line":92,"column":30}},"52":{"start":{"line":94,"column":4},"end":{"line":94,"column":24}},"53":{"start":{"line":95,"column":4},"end":{"line":95,"column":24}},"54":{"start":{"line":96,"column":4},"end":{"line":96,"column":29}},"55":{"start":{"line":97,"column":4},"end":{"line":104,"column":5}},"56":{"start":{"line":98,"column":6},"end":{"line":98,"column":26}},"57":{"start":{"line":99,"column":6},"end":{"line":99,"column":34}},"58":{"start":{"line":100,"column":6},"end":{"line":102,"column":7}},"59":{"start":{"line":101,"column":8},"end":{"line":101,"column":29}},"60":{"start":{"line":103,"column":6},"end":{"line":103,"column":19}},"61":{"start":{"line":106,"column":2},"end":{"line":106,"column":16}},"62":{"start":{"line":109,"column":15},"end":{"line":109,"column":26}},"63":{"start":{"line":116,"column":2},"end":{"line":116,"column":80}},"64":{"start":{"line":124,"column":2},"end":{"line":124,"column":35}},"65":{"start":{"line":128,"column":2},"end":{"line":136,"column":4}},"66":{"start":{"line":129,"column":4},"end":{"line":135,"column":5}},"67":{"start":{"line":130,"column":6},"end":{"line":130,"column":39}},"68":{"start":{"line":132,"column":22},"end":{"line":132,"column":38}},"69":{"start":{"line":133,"column":20},"end":{"line":133,"column":34}},"70":{"start":{"line":134,"column":6},"end":{"line":134,"column":73}},"71":{"start":{"line":140,"column":14},"end":{"line":140,"column":55}},"72":{"start":{"line":141,"column":2},"end":{"line":151,"column":3}},"73":{"start":{"line":142,"column":4},"end":{"line":142,"column":28}},"74":{"start":{"line":145,"column":4},"end":{"line":150,"column":5}},"75":{"start":{"line":146,"column":6},"end":{"line":146,"column":30}},"76":{"start":{"line":155,"column":2},"end":{"line":155,"column":26}},"77":{"start":{"line":159,"column":2},"end":{"line":159,"column":26}},"78":{"start":{"line":170,"column":17},"end":{"line":170,"column":32}},"79":{"start":{"line":171,"column":23},"end":{"line":171,"column":51}},"80":{"start":{"line":172,"column":2},"end":{"line":175,"column":3}},"81":{"start":{"line":173,"column":4},"end":{"line":174,"column":57}},"82":{"start":{"line":176,"column":2},"end":{"line":178,"column":3}},"83":{"start":{"line":177,"column":4},"end":{"line":177,"column":77}},"84":{"start":{"line":179,"column":2},"end":{"line":189,"column":3}},"85":{"start":{"line":180,"column":4},"end":{"line":180,"column":77}},"86":{"start":{"line":183,"column":26},"end":{"line":183,"column":61}},"87":{"start":{"line":184,"column":4},"end":{"line":187,"column":5}},"88":{"start":{"line":185,"column":6},"end":{"line":186,"column":65}},"89":{"start":{"line":188,"column":4},"end":{"line":188,"column":78}},"90":{"start":{"line":193,"column":24},"end":{"line":193,"column":68}},"91":{"start":{"line":194,"column":2},"end":{"line":196,"column":3}},"92":{"start":{"line":195,"column":4},"end":{"line":195,"column":27}},"93":{"start":{"line":197,"column":12},"end":{"line":197,"column":22}},"94":{"start":{"line":198,"column":2},"end":{"line":208,"column":3}},"95":{"start":{"line":199,"column":4},"end":{"line":199,"column":44}},"96":{"start":{"line":200,"column":4},"end":{"line":202,"column":5}},"97":{"start":{"line":201,"column":6},"end":{"line":201,"column":29}},"98":{"start":{"line":203,"column":17},"end":{"line":203,"column":40}},"99":{"start":{"line":204,"column":4},"end":{"line":206,"column":5}},"100":{"start":{"line":205,"column":6},"end":{"line":205,"column":18}},"101":{"start":{"line":207,"column":4},"end":{"line":207,"column":17}},"102":{"start":{"line":209,"column":2},"end":{"line":209,"column":14}},"103":{"start":{"line":213,"column":2},"end":{"line":219,"column":3}},"104":{"start":{"line":214,"column":15},"end":{"line":214,"column":31}},"105":{"start":{"line":215,"column":4},"end":{"line":215,"column":46}},"106":{"start":{"line":218,"column":4},"end":{"line":218,"column":17}},"107":{"start":{"line":228,"column":12},"end":{"line":228,"column":34}},"108":{"start":{"line":229,"column":2},"end":{"line":242,"column":3}},"109":{"start":{"line":230,"column":4},"end":{"line":232,"column":5}},"110":{"start":{"line":231,"column":6},"end":{"line":231,"column":18}},"111":{"start":{"line":233,"column":22},"end":{"line":233,"column":52}},"112":{"start":{"line":234,"column":4},"end":{"line":236,"column":5}},"113":{"start":{"line":235,"column":6},"end":{"line":235,"column":17}},"114":{"start":{"line":237,"column":17},"end":{"line":237,"column":40}},"115":{"start":{"line":238,"column":4},"end":{"line":240,"column":5}},"116":{"start":{"line":239,"column":6},"end":{"line":239,"column":18}},"117":{"start":{"line":241,"column":4},"end":{"line":241,"column":17}},"118":{"start":{"line":243,"column":2},"end":{"line":243,"column":14}},"119":{"start":{"line":254,"column":27},"end":{"line":254,"column":52}},"120":{"start":{"line":255,"column":2},"end":{"line":263,"column":3}},"121":{"start":{"line":256,"column":17},"end":{"line":256,"column":53}},"122":{"start":{"line":257,"column":4},"end":{"line":259,"column":5}},"123":{"start":{"line":258,"column":6},"end":{"line":258,"column":18}},"124":{"start":{"line":260,"column":4},"end":{"line":260,"column":102}},"125":{"start":{"line":262,"column":4},"end":{"line":262,"column":97}},"126":{"start":{"line":266,"column":0},"end":{"line":266,"column":52}},"127":{"start":{"line":267,"column":0},"end":{"line":267,"column":28}},"128":{"start":{"line":268,"column":0},"end":{"line":268,"column":28}},"129":{"start":{"line":269,"column":0},"end":{"line":269,"column":46}},"130":{"start":{"line":270,"column":0},"end":{"line":270,"column":24}},"131":{"start":{"line":271,"column":0},"end":{"line":271,"column":38}},"132":{"start":{"line":272,"column":0},"end":{"line":272,"column":38}},"133":{"start":{"line":273,"column":0},"end":{"line":273,"column":48}},"134":{"start":{"line":274,"column":0},"end":{"line":274,"column":50}}},"fnMap":{"0":{"name":"(anonymous_0)","decl":{"start":{"line":7,"column":24},"end":{"line":7,"column":25}},"loc":{"start":{"line":7,"column":36},"end":{"line":36,"column":1}},"line":7},"1":{"name":"addMapping","decl":{"start":{"line":10,"column":11},"end":{"line":10,"column":21}},"loc":{"start":{"line":10,"column":40},"end":{"line":21,"column":3}},"line":10},"2":{"name":"(anonymous_2)","decl":{"start":{"line":33,"column":9},"end":{"line":33,"column":10}},"loc":{"start":{"line":33,"column":29},"end":{"line":35,"column":3}},"line":33},"3":{"name":"isAttributeValueEscapingNeeded","decl":{"start":{"line":38,"column":9},"end":{"line":38,"column":39}},"loc":{"start":{"line":38,"column":45},"end":{"line":46,"column":1}},"line":38},"4":{"name":"escapeAttributeValue","decl":{"start":{"line":48,"column":9},"end":{"line":48,"column":29}},"loc":{"start":{"line":48,"column":35},"end":{"line":65,"column":1}},"line":48},"5":{"name":"joinList","decl":{"start":{"line":74,"column":9},"end":{"line":74,"column":17}},"loc":{"start":{"line":74,"column":67},"end":{"line":107,"column":1}},"line":74},"6":{"name":"isString","decl":{"start":{"line":115,"column":9},"end":{"line":115,"column":17}},"loc":{"start":{"line":115,"column":25},"end":{"line":117,"column":1}},"line":115},"7":{"name":"isStringPrimitive","decl":{"start":{"line":123,"column":9},"end":{"line":123,"column":26}},"loc":{"start":{"line":123,"column":34},"end":{"line":125,"column":1}},"line":123},"8":{"name":"safeFn","decl":{"start":{"line":127,"column":9},"end":{"line":127,"column":15}},"loc":{"start":{"line":127,"column":20},"end":{"line":137,"column":1}},"line":127},"9":{"name":"(anonymous_9)","decl":{"start":{"line":128,"column":9},"end":{"line":128,"column":10}},"loc":{"start":{"line":128,"column":21},"end":{"line":136,"column":3}},"line":128},"10":{"name":"warn","decl":{"start":{"line":139,"column":9},"end":{"line":139,"column":13}},"loc":{"start":{"line":139,"column":23},"end":{"line":152,"column":1}},"line":139},"11":{"name":"writeToStdout","decl":{"start":{"line":154,"column":9},"end":{"line":154,"column":22}},"loc":{"start":{"line":154,"column":28},"end":{"line":156,"column":1}},"line":154},"12":{"name":"writeToStderr","decl":{"start":{"line":158,"column":9},"end":{"line":158,"column":22}},"loc":{"start":{"line":158,"column":28},"end":{"line":160,"column":1}},"line":158},"13":{"name":"requireMochaModule","decl":{"start":{"line":169,"column":9},"end":{"line":169,"column":27}},"loc":{"start":{"line":169,"column":59},"end":{"line":190,"column":1}},"line":169},"14":{"name":"findMochaDependency","decl":{"start":{"line":192,"column":9},"end":{"line":192,"column":28}},"loc":{"start":{"line":192,"column":41},"end":{"line":210,"column":1}},"line":192},"15":{"name":"directoryExistsSync","decl":{"start":{"line":212,"column":9},"end":{"line":212,"column":28}},"loc":{"start":{"line":212,"column":34},"end":{"line":220,"column":1}},"line":212},"16":{"name":"findPackageRootDir","decl":{"start":{"line":227,"column":9},"end":{"line":227,"column":27}},"loc":{"start":{"line":227,"column":38},"end":{"line":244,"column":1}},"line":227},"17":{"name":"requireBaseReporter","decl":{"start":{"line":253,"column":9},"end":{"line":253,"column":28}},"loc":{"start":{"line":253,"column":31},"end":{"line":264,"column":1}},"line":253}},"branchMap":{"0":{"loc":{"start":{"line":11,"column":4},"end":{"line":13,"column":5}},"type":"if","locations":[{"start":{"line":11,"column":4},"end":{"line":13,"column":5}},{"start":{"line":11,"column":4},"end":{"line":13,"column":5}}],"line":11},"1":{"loc":{"start":{"line":11,"column":8},"end":{"line":11,"column":52}},"type":"binary-expr","locations":[{"start":{"line":11,"column":8},"end":{"line":11,"column":29}},{"start":{"line":11,"column":33},"end":{"line":11,"column":52}}],"line":11},"2":{"loc":{"start":{"line":15,"column":4},"end":{"line":20,"column":5}},"type":"if","locations":[{"start":{"line":15,"column":4},"end":{"line":20,"column":5}},{"start":{"line":15,"column":4},"end":{"line":20,"column":5}}],"line":15},"3":{"loc":{"start":{"line":41,"column":4},"end":{"line":43,"column":5}},"type":"if","locations":[{"start":{"line":41,"column":4},"end":{"line":43,"column":5}},{"start":{"line":41,"column":4},"end":{"line":43,"column":5}}],"line":41},"4":{"loc":{"start":{"line":49,"column":2},"end":{"line":51,"column":3}},"type":"if","locations":[{"start":{"line":49,"column":2},"end":{"line":51,"column":3}},{"start":{"line":49,"column":2},"end":{"line":51,"column":3}}],"line":49},"5":{"loc":{"start":{"line":56,"column":4},"end":{"line":62,"column":5}},"type":"if","locations":[{"start":{"line":56,"column":4},"end":{"line":62,"column":5}},{"start":{"line":56,"column":4},"end":{"line":62,"column":5}}],"line":56},"6":{"loc":{"start":{"line":75,"column":2},"end":{"line":77,"column":3}},"type":"if","locations":[{"start":{"line":75,"column":2},"end":{"line":77,"column":3}},{"start":{"line":75,"column":2},"end":{"line":77,"column":3}}],"line":75},"7":{"loc":{"start":{"line":78,"column":2},"end":{"line":80,"column":3}},"type":"if","locations":[{"start":{"line":78,"column":2},"end":{"line":80,"column":3}},{"start":{"line":78,"column":2},"end":{"line":80,"column":3}}],"line":78},"8":{"loc":{"start":{"line":91,"column":4},"end":{"line":93,"column":5}},"type":"if","locations":[{"start":{"line":91,"column":4},"end":{"line":93,"column":5}},{"start":{"line":91,"column":4},"end":{"line":93,"column":5}}],"line":91},"9":{"loc":{"start":{"line":100,"column":6},"end":{"line":102,"column":7}},"type":"if","locations":[{"start":{"line":100,"column":6},"end":{"line":102,"column":7}},{"start":{"line":100,"column":6},"end":{"line":102,"column":7}}],"line":100},"10":{"loc":{"start":{"line":100,"column":10},"end":{"line":100,"column":67}},"type":"binary-expr","locations":[{"start":{"line":100,"column":10},"end":{"line":100,"column":38}},{"start":{"line":100,"column":42},"end":{"line":100,"column":67}}],"line":100},"11":{"loc":{"start":{"line":116,"column":9},"end":{"line":116,"column":79}},"type":"binary-expr","locations":[{"start":{"line":116,"column":9},"end":{"line":116,"column":33}},{"start":{"line":116,"column":37},"end":{"line":116,"column":79}}],"line":116},"12":{"loc":{"start":{"line":132,"column":22},"end":{"line":132,"column":38}},"type":"binary-expr","locations":[{"start":{"line":132,"column":22},"end":{"line":132,"column":32}},{"start":{"line":132,"column":36},"end":{"line":132,"column":38}}],"line":132},"13":{"loc":{"start":{"line":133,"column":20},"end":{"line":133,"column":34}},"type":"binary-expr","locations":[{"start":{"line":133,"column":20},"end":{"line":133,"column":28}},{"start":{"line":133,"column":32},"end":{"line":133,"column":34}}],"line":133},"14":{"loc":{"start":{"line":134,"column":11},"end":{"line":134,"column":71}},"type":"cond-expr","locations":[{"start":{"line":134,"column":41},"end":{"line":134,"column":46}},{"start":{"line":134,"column":49},"end":{"line":134,"column":71}}],"line":134},"15":{"loc":{"start":{"line":172,"column":2},"end":{"line":175,"column":3}},"type":"if","locations":[{"start":{"line":172,"column":2},"end":{"line":175,"column":3}},{"start":{"line":172,"column":2},"end
[...]
:188,"column":9}},"100":{"start":{"line":180,"column":12},"end":{"line":182,"column":15}},"101":{"start":{"line":181,"column":16},"end":{"line":181,"column":65}},"102":{"start":{"line":183,"column":12},"end":{"line":183,"column":26}},"103":{"start":{"line":186,"column":12},"end":{"line":186,"column":117}},"104":{"start":{"line":186,"column":43},"end":{"line":186,"column":115}},"105":{"start":{"line":187,"column":12},"end":{"line":187,"column":26}},"106":{"start":{"line":191,"column":22},"end":{"line":191,"column":24}},"107":{"start":{"line":194,"column":8},"end":{"line":204,"column":9}},"108":{"start":{"line":195,"column":23},"end":{"line":195,"column":56}},"109":{"start":{"line":196,"column":12},"end":{"line":196,"column":38}},"110":{"start":{"line":197,"column":12},"end":{"line":202,"column":13}},"111":{"start":{"line":198,"column":16},"end":{"line":201,"column":17}},"112":{"start":{"line":199,"column":20},"end":{"line":199,"column":60}},"113":{"start":{"line":200,"column":20},"end":{"line":200,"column":45}},"114":{"start":{"line":203,"column":12},"end":{"line":203,"column":31}},"115":{"start":{"line":205,"column":8},"end":{"line":205,"column":23}},"116":{"start":{"line":208,"column":18},"end":{"line":208,"column":21}},"117":{"start":{"line":209,"column":8},"end":{"line":209,"column":37}},"118":{"start":{"line":212,"column":22},"end":{"line":212,"column":27}},"119":{"start":{"line":213,"column":8},"end":{"line":217,"column":9}},"120":{"start":{"line":214,"column":12},"end":{"line":216,"column":13}},"121":{"start":{"line":215,"column":16},"end":{"line":215,"column":31}},"122":{"start":{"line":218,"column":8},"end":{"line":218,"column":23}},"123":{"start":{"line":221,"column":20},"end":{"line":221,"column":40}},"124":{"start":{"line":222,"column":20},"end":{"line":222,"column":31}},"125":{"start":{"line":223,"column":22},"end":{"line":223,"column":24}},"126":{"start":{"line":224,"column":8},"end":{"line":229,"column":9}},"127":{"start":{"line":225,"column":23},"end":{"line":225,"column":44}},"128":{"start":{"line":226,"column":12},"end":{"line":228,"column":13}},"129":{"start":{"line":227,"column":16},"end":{"line":227,"column":46}},"130":{"start":{"line":230,"column":8},"end":{"line":230,"column":23}},"131":{"start":{"line":233,"column":20},"end":{"line":233,"column":40}},"132":{"start":{"line":234,"column":20},"end":{"line":234,"column":31}},"133":{"start":{"line":235,"column":22},"end":{"line":235,"column":24}},"134":{"start":{"line":236,"column":8},"end":{"line":241,"column":9}},"135":{"start":{"line":237,"column":23},"end":{"line":237,"column":44}},"136":{"start":{"line":238,"column":12},"end":{"line":240,"column":13}},"137":{"start":{"line":239,"column":16},"end":{"line":239,"column":46}},"138":{"start":{"line":242,"column":8},"end":{"line":242,"column":23}},"139":{"start":{"line":245,"column":20},"end":{"line":245,"column":40}},"140":{"start":{"line":246,"column":20},"end":{"line":246,"column":31}},"141":{"start":{"line":247,"column":22},"end":{"line":247,"column":24}},"142":{"start":{"line":248,"column":8},"end":{"line":253,"column":9}},"143":{"start":{"line":249,"column":23},"end":{"line":249,"column":44}},"144":{"start":{"line":250,"column":12},"end":{"line":252,"column":13}},"145":{"start":{"line":251,"column":16},"end":{"line":251,"column":46}},"146":{"start":{"line":254,"column":8},"end":{"line":254,"column":23}},"147":{"start":{"line":257,"column":20},"end":{"line":257,"column":40}},"148":{"start":{"line":258,"column":20},"end":{"line":258,"column":31}},"149":{"start":{"line":259,"column":22},"end":{"line":259,"column":24}},"150":{"start":{"line":260,"column":8},"end":{"line":266,"column":9}},"151":{"start":{"line":261,"column":23},"end":{"line":261,"column":44}},"152":{"start":{"line":262,"column":22},"end":{"line":262,"column":54}},"153":{"start":{"line":263,"column":12},"end":{"line":265,"column":13}},"154":{"start":{"line":264,"column":16},"end":{"line":264,"column":46}},"155":{"start":{"line":267,"column":8},"end":{"line":267,"column":23}},"156":{"start":{"line":270,"column":0},"end":{"line":270,"column":37}}},"fnMap":{"0":{"name":"(anonymous_0)","decl":{"start":{"line":7,"column":4},"end":{"line":7,"column":5}},"loc":{"start":{"line":7,"column":18},"end":{"line":9,"column":5}},"line":7},"1":{"name":"(anonymous_1)","decl":{"start":{"line":10,"column":4},"end":{"line":10,"column":5}},"loc":{"start":{"line":10,"column":34},"end":{"line":28,"column":5}},"line":10},"2":{"name":"(anonymous_2)","decl":{"start":{"line":29,"column":4},"end":{"line":29,"column":5}},"loc":{"start":{"line":29,"column":27},"end":{"line":46,"column":5}},"line":29},"3":{"name":"(anonymous_3)","decl":{"start":{"line":47,"column":4},"end":{"line":47,"column":5}},"loc":{"start":{"line":47,"column":27},"end":{"line":64,"column":5}},"line":47},"4":{"name":"(anonymous_4)","decl":{"start":{"line":65,"column":4},"end":{"line":65,"column":5}},"loc":{"start":{"line":65,"column":34},"end":{"line":77,"column":5}},"line":65},"5":{"name":"(anonymous_5)","decl":{"start":{"line":78,"column":4},"end":{"line":78,"column":5}},"loc":{"start":{"line":78,"column":19},"end":{"line":92,"column":5}},"line":78},"6":{"name":"(anonymous_6)","decl":{"start":{"line":93,"column":4},"end":{"line":93,"column":5}},"loc":{"start":{"line":93,"column":19},"end":{"line":104,"column":5}},"line":93},"7":{"name":"(anonymous_7)","decl":{"start":{"line":105,"column":4},"end":{"line":105,"column":5}},"loc":{"start":{"line":105,"column":19},"end":{"line":116,"column":5}},"line":105},"8":{"name":"(anonymous_8)","decl":{"start":{"line":117,"column":4},"end":{"line":117,"column":5}},"loc":{"start":{"line":117,"column":41},"end":{"line":137,"column":5}},"line":117},"9":{"name":"(anonymous_9)","decl":{"start":{"line":138,"column":4},"end":{"line":138,"column":5}},"loc":{"start":{"line":138,"column":43},"end":{"line":149,"column":5}},"line":138},"10":{"name":"(anonymous_10)","decl":{"start":{"line":150,"column":4},"end":{"line":150,"column":5}},"loc":{"start":{"line":150,"column":23},"end":{"line":152,"column":5}},"line":150},"11":{"name":"(anonymous_11)","decl":{"start":{"line":153,"column":4},"end":{"line":153,"column":5}},"loc":{"start":{"line":153,"column":29},"end":{"line":156,"column":5}},"line":153},"12":{"name":"(anonymous_12)","decl":{"start":{"line":157,"column":4},"end":{"line":157,"column":5}},"loc":{"start":{"line":157,"column":35},"end":{"line":159,"column":5}},"line":157},"13":{"name":"(anonymous_13)","decl":{"start":{"line":160,"column":4},"end":{"line":160,"column":5}},"loc":{"start":{"line":160,"column":26},"end":{"line":164,"column":5}},"line":160},"14":{"name":"(anonymous_14)","decl":{"start":{"line":165,"column":4},"end":{"line":165,"column":5}},"loc":{"start":{"line":165,"column":27},"end":{"line":167,"column":5}},"line":165},"15":{"name":"(anonymous_15)","decl":{"start":{"line":166,"column":24},"end":{"line":166,"column":25}},"loc":{"start":{"line":166,"column":35},"end":{"line":166,"column":52}},"line":166},"16":{"name":"(anonymous_16)","decl":{"start":{"line":168,"column":4},"end":{"line":168,"column":5}},"loc":{"start":{"line":168,"column":23},"end":{"line":170,"column":5}},"line":168},"17":{"name":"(anonymous_17)","decl":{"start":{"line":171,"column":4},"end":{"line":171,"column":5}},"loc":{"start":{"line":171,"column":37},"end":{"line":173,"column":5}},"line":171},"18":{"name":"(anonymous_18)","decl":{"start":{"line":172,"column":27},"end":{"line":172,"column":28}},"loc":{"start":{"line":172,"column":34},"end":{"line":172,"column":43}},"line":172},"19":{"name":"(anonymous_19)","decl":{"start":{"line":174,"column":4},"end":{"line":174,"column":5}},"loc":{"start":{"line":174,"column":38},"end":{"line":176,"column":5}},"line":174},"20":{"name":"(anonymous_20)","decl":{"start":{"line":175,"column":29},"end":{"line":175,"column":30}},"loc":{"start":{"line":175,"column":36},"end":{"line":175,"column":56}},"line":175},"21":{"name":"(anonymous_21)","decl":{"start":{"line":177,"column":4},"end":{"line":177,"column":5}},"loc":{"start":{"line":177,"column":38},"end":{"line":189,"column":5}},"line":177},"22":{"name":"(anonymous_22)","decl":{"start":{"line":180,"column":33},"end":{"line":180,"column":34}},"loc":{"start":{"line":180,"column":43},"end":{"line":182,"column":13}},"line":180},"23":{"name":"(anonymous_23)","decl":{"start":{"line":186,"column":33},"end":{"line":186,"column":34}},"loc":{"start":{"line":186,"column":43},"end":{"line":186,"column":115}},"line":186},"24":{"name":"(anonymous_24)","decl":{"start":{"line":190,"column":4},"end":{"line":190,"column":5}},"loc":{"start":{"line":190,"column":57},"end":{"line":206,"column":5}},"line":190},"25":{"name":"(anonymous_25)","decl":{"start":{"line":207,"column":4},"end":{"line":207,"column":5}},"loc":{"start":{"line":207,"column":20},"end":{"line":210,"column":5}},"line":207},"26":{"name":"(anonymous_26)","decl":{"start":{"line":211,"column":4},"end":{"line":211,"column":5}},"loc":{"start":{"line":211,"column":35},"end":{"line":219,"column":5}},"line":211},"27":{"name":"(anonymous_27)","decl":{"start":{"line":220,"column":4},"end":{"line":220,"column":5}},"loc":{"start":{"line":220,"column":32},"end":{"line":231,"column":5}},"line":220},"28":{"name":"(anonymous_28)","decl":{"start":{"line":232,"column":4},"end":{"line":232,"column":5}},"loc":{"start":{"line":232,"column":32},"end":{"line":243,"column":5}},"line":232},"29":{"name":"(anonymous_29)","decl":{"start":{"line":244,"column":4},"end":{"line":244,"column":5}},"loc":{"start":{"line":244,"column":32},"end":{"line":255,"column":5}},"line":244},"30":{"name":"(anonymous_30)","decl":{"start":{"line":256,"column":4},"end":{"line":256,"column":5}},"loc":{"start":{"line":256,"column":32},"end":{"line":268,"column":5}},"line":256}},"branchMap":{"0":{"loc":{"start":{"line":14,"column":8},"end":{"line":26,"column":9}},"type":"if","locations":[{"start":{"line":14,"column":8},"end":{"line":26,"column":9}},{"start":{"line":14,"column":8},"end":{"line":26,"column":9}}],"line":14},"1":{"loc":{"start":{"line":15,"column":12},"end":{"line":22,"column":13}},"type":"if","locations":[{"start":{"line":15,"column":12},"end":{"line":22,"column":13}},{"start":{"line":15,"column":12},"end":{"line":22,"column":13}}],"line":15},"2":{"loc":{"start":{"line":17,"column":30},"end":{"line":17,"column":82}},"type":"binary-expr","locations":[{"start":{"line":17,"column":30},"end":{"line":17,"column":37}},{"start":{"line":17,"column":41},"end":{"line":17,"column":82}}],"line":17},"3":{"loc":{"start":{"line":31,"column":8},"end":{"line":44,"column":9}},"type":"if","locations":[{"start":{"line":31,"column":8},"end":{"line":44,"column":9}},{"start":{"line":31,"column":8},"end":{"line":44,"column":9}}],"line":31},"4":{"loc":{"start":{"line":33,"column":12},"end":{"line":40,"column":13}},"type":"if","locations":[{"start":{"line":33,"column":12},"end":{"line":40,"column":13}},{"start":{"line":33,"column":12},"end":{"line":40,"column":13}}],"line":33},"5":{"loc":{"start":{"line":34,"column":16},"end":{"line":36,"column":17}},"type":"if","locations":[{"start":{"line":34,"column":16},"end":{"line":36,"column":17}},{"start":{"line":34,"column":16},"end":{"line":36,"column":17}}],"line":34},"6":{"loc":{"start":{"line":34,"column":20},"end":{"line":34,"column":93}},"type":"binary-expr","locations":[{"start":{"line":34,"column":20},"end":{"line":34,"column":50}},{"start":{"line":34,"column":54},"end":{"line":34,"column":93}}],"line":34},"7":{"loc":{"start":{"line":49,"column":8},"end":{"line":62,"column":9}},"type":"if","locations":[{"start":{"line":49,"column":8},"end":{"line":62,"column":9}},{"start":{"line":49,"column":8},"end":{"line":62,"column":9}}],"line":49},"8":{"loc":{"start":{"line":51,"column":12},"end":{"line":58,"column":13}},"type":"if","locations":[{"start":{"line":51,"column":12},"end":{"line":58,"column":13}},{"start":{"line":51,"column":12},"end":{"line":58,"column":13}}],"line":51},"9":{"loc":{"start":{"line":52,"column":16},"end":{"line":54,"column":17}},"type":"if","locations":[{"start":{"line":52,"column":16},"end":{"line":54,"column":17}},{"start":{"line":52,"column":16},"end":{"line":54,"column":17}}],"line":52},"10":{"loc":{"start":{"line":52,"column":20},"end":{"line":52,"column":97}},"type":"binary-expr","locations":[{"start":{"line":52,"column":20},"end":{"line":52,"column":50}},{"start":{"line":52,"column":54},"end":{"line":52,"column":97}}],"line":52},"11":{"loc":{"start":{"line":67,"column":8},"end":{"line":75,"column":9}},"type":"if","locations":[{"start":{"line":67,"column":8},"end":{"line":75,"column":9}},{"start":{"line":67,"column":8},"end":{"line":75,"column":9}}],"line":67},"12":{"loc":{"start":{"line":69,"column":12},"end":{"line":71,"column":13}},"type":"if","locations":[{"start":{"line":69,"column":12},"end":{"line":71,"column":13}},{"start":{"line":69,"column":12},"end":{"line":71,"column":13}}],"line":69},"13":{"loc":{"start":{"line":80,"column":8},"end":{"line":90,"column":9}},"type":"if","locations":[{"start":{"line":80,"column":8},"end":{"line":90,"column":9}},{"start":{"line":80,"column":8},"end":{"line":90,"column":9}}],"line":80},"14":{"loc":{"start":{"line":81,"column":22},"end":{"line":81,"column":64}},"type":"binary-expr","locations":[{"start":{"line":81,"column":22},"end":{"line":81,"column":41}},{"start":{"line":81,"column":45},"end":{"line":81,"column":64}}],"line":81},"15":{"loc":{"start":{"line":83,"column":13},"end":{"line":90,"column":9}},"type":"if","locations":[{"start":{"line":83,"column":13},"end":{"line":90,"column":9}},{"start":{"line":83,"column":13},"end":{"line":90,"column":9}}],"line":83},"16":{"loc":{"start":{"line":85,"column":26},"end":{"line":85,"column":59}},"type":"binary-expr","locations":[{"start":{"line":85,"column":26},"end":{"line":85,"column":33}},{"start":{"line":85,"column":37},"end":{"line":85,"column":59}}],"line":85},"17":{"loc":{"start":{"line":97,"column":8},"end":{"line":102,"column":9}},"type":"if","locations":[{"start":{"line":97,"column":8},"end":{"line":102,"column":9}},{"start":{"line":97,"column":8},"end":{"line":102,"column":9}}],"line":97},"18":{"loc":{"start":{"line":98,"column":22},"end":{"line":98,"column":73}},"type":"binary-expr","locations":[{"start":{"line":98,"column":22},"end":{"line":98,"column":48}},{"start":{"line":98,"column":52},"end":{"line":98,"column":73}}],"line":98},"19":{"loc":{"start":{"line":109,"column":8},"end":{"line":114,"column":9}},"type":"if","locations":[{"start":{"line":109,"column":8},"end":{"line":114,"column":9}},{"start":{"line":109,"column":8},"end":{"line":114,"column":9}}],"line":109},"20":{"loc":{"start":{"line":110,"column":22},"end":{"line":110,"column":73}},"type":"binary-expr","locations":[{"start":{"line":110,"column":22},"end":{"line":110,"column":48}},{"start":{"line":110,"column":52},"end":{"line":110,"column":73}}],"line":110},"21":{"loc":{"start":{"line":122,"column":8},"end":{"line":135,"column":9}},"type":"if","locations":[{"start":{"line":122,"column":8},"end":{"line":135,"column":9}},{"start":{"line":122,"column":8},"end":{"line":135,"column":9}}],"line":122},"22":{"loc":{"start":{"line":128,"column":13},"end":{"line":135,"column":9}},"type":"if","locations":[{"start":{"line":128,"column":13},"end":{"line":135,"column":9}},{"start":{"line":128,"column":13},"end":{"line":135,"column":9}}],"line":128},"23":{"loc":{"start":{"line":133,"column":13},"end":{"line":135,"column":9}},"type":"if","locations":[{"start":{"line":133,"column":13},"end":{"line":135,"column":9}},{"start":{"line":133,"column":13},"end":{"line":135,"column":9}}],"line":133},"24":{"loc":{"start":{"line":145,"column":8},"end":{"line":147,"column":9}},"type":"if","locations":[{"start":{"line":145,"column":8},"end":{"line":147,"column":9}},{"start":{"line":145,"column":8},"end":{"line":147,"column":9}}],"line":145},"25":{"loc":{"start":{"line":179,"column":8},"end":{"line":188,"column":9}},"type":"if","locations":[{"start":{"line":179,"column":8},"end":{"line":188,"column":9}},{"start":{"line":179,"column":8},"end":{"line":188,"column":9}}],"line":179},"26":{"loc":{"start":{"line":186,"column":43},"end":{"line":186,"column":115}},"type":"cond-expr","locations":[{"start":{"line":186,"column":73},"end":{"line":186,"column":74}},{"start":{"line":186,"column":78},"end":{"line":186,"column":114}}],"line":186},"27":{"loc":{"start":{"line":186,"column":78},"end":{"line":186,"column":114}},"type":"cond-expr","locations":[{"start":{"line":186,"column":108},"end":{"line":186,"column":110}},{"start":{"line":186,"column":113},"end":{"line":186,"column":114}}],"line":186},"28":{"loc":{"start":{"line":198,"column":16},"end":{"line":201,"column":17}},"type":"if","locations":[{"start":{"line":198,"column":16},"end":{"line":201,"column":17}},{"start":{"line":198,"column":16},"end":{"line":201,"column":17}}],"line":198},"29":{"loc":{"start":{"line":214,"column":12},"end":{"line":216,"column":13}},"type":"if","locations":[{"start":{"line":214,"column":12},"end":{"line":216,"column":13}},{"start":{"line":214,"column":12},"end":{"line":216,"column":13}}],"line":214},"30":{"loc":{"start":{"line":226,"column":12},"end":{"line":228,"column":13}},"type":"if","locations":[{"start":{"line":226,"column":12},"end":{"line":228,"column":13}},{"start":{"line":226,"column":12},"end":{"line":228,"column":13}}],"line":226},"31":{"loc":{"start":{"line":238,"column":12},"end":{"line":240,"column":13}},"type":"if","locations":[{"start":{"line":238,"column":12},"end":{"line":240,"column":13}},{"start":{"line":238,"column":12},"end":{"line":240,"column":13}}],"line":238},"32":{"loc":{"start":{"line":250,"column":12},"end":{"line":252,"column":13}},"type":"if","locations":[{"start":{"line":250,"column":12},"end":{"line":252,"column":13}},{"start":{"line":250,"column":12},"end":{"line":252,"column":13}}],"line":250},"33":{"loc":{"start":{"line":263,"column":12},"end":{"line":265,"column":13}},"type":"if","locations":[{"start":{"line":263,"column":12},"end":{"line":265,"column":13}},{"start":{"line":263,"column":12},"end":{"line":265,"column":13}}],"line":263}},"s":{"0":1,"1":1,"2":1,"3":1,"4":0,"5":0,"6":0,"7":0,"8":0,"9":0,"10":0,"11":0,"12":0,"13":0,"14":0,"15":0,"16":0,"17":0,"18":0,"19":0,"20":0,"21":0,"22":0,"23":0,"24":0,"25":0,"26":0,"27":0,"28":0,"29":0,"30":0,"31":0,"32":0,"33":0,"34":0,"35":0,"36":0,"37":0,"38":0,"39":0,"40":0,"41":0,"42":0,"43":0,"44":0,"45":0,"46":0,"47":0,"48":0,"49":0,"50":0,"51":0,"52":0,"53":0,"54":0,"55":0,"56":0,"57":0,"58":0,"59":0,"60":0,"61":0,"62":0,"63":0,"64":0,"65":0,"66":0,"67":0,"68":0,"69":0,"70":0,"71":0,"72":0,"73":0,"74":0,"75":0,"76":0,"77":0,"78":0,"79":0,"80":0,"81":0,"82":0,"83":0,"84":0,"85":0,"86":0,"87":0,"88":0,"89":0,"90":0,"91":0,"92":0,"93":0,"94":0,"95":0,"96":0,"97":0,"98":0,"99":0,"100":0,"101":0,"102":0,"103":0,"104":0,"105":0,"106":0,"107":0,"108":0,"109":0,"110":0,"111":0,"112":0,"113":0,"114":0,"115":0,"116":0,"117":0,"118":0,"119":0,"120":0,"121":0,"122":0,"123":0,"124":0,"125":0,"126":0,"127":0,"128":0,"129":0,"130":0,"131":0,"132":0,"133":0,"134":0,"135":0,"136":0,"137":0,"138":0,"139":0,"140":0,"141":0,"142":0,"143":0,"144":0,"145":0,"146":0,"147":0,"148":0,"149":0,"150":0,"151":0,"152":0,"153":0,"154":0,"155":0,"156":1},"f":{"0":0,"1":0,"2":0,"3":0,"4":0,"5":0,"6":0,"7":0,"8":0,"9":0,"10":0,"11":0,"12":0,"13":0,"14":0,"15":0,"16":0,"17":0,"18":0,"19":0,"20":0,"21":0,"22":0,"23":0,"24":0,"25":0,"26":0,"27":0,"28":0,"29":0,"30":0},"b":{"0":[0,0],"1":[0,0],"2":[0,0],"3":[0,0],"4":[0,0],"5":[0,0],"6":[0,0],"7":[0,0],"8":[0,0],"9":[0,0],"10":[0,0],"11":[0,0],"12":[0,0],"13":[0,0],"14":[0,0],"15":[0,0],"16":[0,0],"17":[0,0],"18":[0,0],"19":[0,0],"20":[0,0],"21":[0,0],"22":[0,0],"23":[0,0],"24":[0,0],"25":[0,0],"26":[0,0],"27":[0,0],"28":[0,0],"29":[0,0],"30":[0,0],"31":[0,0],"32":[0,0],"33":[0,0]},"_coverageSchema":"332fd63041d2c1bcb487cc26dd0d5f7d97098a6c","hash":"b15eb21cab01326d907a659ac2331fd24ed8c8af","contentHash":"411f773a2e2290dd27c938ae44e2661f_11.3.0"}}