{"/Users/yujinglai/Projects/project_team253/src/controller/IInsightFacade.js":{"path":"/Users/yujinglai/Projects/project_team253/src/controller/IInsightFacade.js","statementMap":{"0":{"start":{"line":2,"column":0},"end":{"line":2,"column":62}},"1":{"start":{"line":4,"column":0},"end":{"line":7,"column":89}},"2":{"start":{"line":5,"column":4},"end":{"line":5,"column":46}},"3":{"start":{"line":6,"column":4},"end":{"line":6,"column":42}},"4":{"start":{"line":10,"column":8},"end":{"line":10,"column":23}},"5":{"start":{"line":11,"column":8},"end":{"line":11,"column":52}},"6":{"start":{"line":14,"column":0},"end":{"line":14,"column":36}},"7":{"start":{"line":17,"column":8},"end":{"line":17,"column":23}},"8":{"start":{"line":18,"column":8},"end":{"line":18,"column":53}},"9":{"start":{"line":21,"column":0},"end":{"line":21,"column":38}},"10":{"start":{"line":24,"column":8},"end":{"line":24,"column":23}},"11":{"start":{"line":25,"column":8},"end":{"line":25,"column":59}},"12":{"start":{"line":28,"column":0},"end":{"line":28,"column":50}}},"fnMap":{"0":{"name":"(anonymous_0)","decl":{"start":{"line":4,"column":1},"end":{"line":4,"column":2}},"loc":{"start":{"line":4,"column":31},"end":{"line":7,"column":1}},"line":4},"1":{"name":"(anonymous_1)","decl":{"start":{"line":9,"column":4},"end":{"line":9,"column":5}},"loc":{"start":{"line":9,"column":25},"end":{"line":12,"column":5}},"line":9},"2":{"name":"(anonymous_2)","decl":{"start":{"line":16,"column":4},"end":{"line":16,"column":5}},"loc":{"start":{"line":16,"column":25},"end":{"line":19,"column":5}},"line":16},"3":{"name":"(anonymous_3)","decl":{"start":{"line":23,"column":4},"end":{"line":23,"column":5}},"loc":{"start":{"line":23,"column":25},"end":{"line":26,"column":5}},"line":23}},"branchMap":{"0":{"loc":{"start":{"line":7,"column":24},"end":{"line":7,"column":87}},"type":"binary-expr","locations":[{"start":{"line":7,"column":24},"end":{"line":7,"column":50}},{"start":{"line":7,"column":55},"end":{"line":7,"column":86}}],"line":7}},"s":{"0":1,"1":1,"2":1,"3":1,"4":93,"5":93,"6":1,"7":0,"8":0,"9":1,"10":1,"11":1,"12":1},"f":{"0":1,"1":93,"2":0,"3":1},"b":{"0":[1,1]},"_coverageSchema":"332fd63041d2c1bcb487cc26dd0d5f7d97098a6c","hash":"77b1f5a9c1f62d8a306ca6d3e0d3d99e2e53d78f","contentHash":"6e757b92cccccf0e1c25565896ec5fc1_11.3.0"},"/Users/yujinglai/Projects/project_team253/src/controller/InsightFacade.js":{"path":"/Users/yujinglai/Projects/project_team253/src/controller/InsightFacade.js","statementMap":{"0":{"start":{"line":2,"column":0},"end":{"line":2,"column":62}},"1":{"start":{"line":3,"column":15},"end":{"line":3,"column":33}},"2":{"start":{"line":4,"column":25},"end":{"line":4,"column":52}},"3":{"start":{"line":5,"column":14},"end":{"line":5,"column":30}},"4":{"start":{"line":6,"column":18},"end":{"line":6,"column":38}},"5":{"start":{"line":7,"column":11},"end":{"line":7,"column":24}},"6":{"start":{"line":8,"column":23},"end":{"line":8,"column":48}},"7":{"start":{"line":11,"column":8},"end":{"line":11,"column":36}},"8":{"start":{"line":12,"column":8},"end":{"line":12,"column":42}},"9":{"start":{"line":13,"column":8},"end":{"line":13,"column":58}},"10":{"start":{"line":16,"column":8},"end":{"line":18,"column":9}},"11":{"start":{"line":17,"column":12},"end":{"line":17,"column":122}},"12":{"start":{"line":19,"column":8},"end":{"line":21,"column":9}},"13":{"start":{"line":20,"column":12},"end":{"line":20,"column":104}},"14":{"start":{"line":22,"column":8},"end":{"line":24,"column":9}},"15":{"start":{"line":23,"column":12},"end":{"line":23,"column":114}},"16":{"start":{"line":25,"column":8},"end":{"line":27,"column":9}},"17":{"start":{"line":26,"column":12},"end":{"line":26,"column":101}},"18":{"start":{"line":28,"column":8},"end":{"line":30,"column":9}},"19":{"start":{"line":29,"column":12},"end":{"line":29,"column":53}},"20":{"start":{"line":31,"column":32},"end":{"line":31,"column":45}},"21":{"start":{"line":32,"column":38},"end":{"line":32,"column":57}},"22":{"start":{"line":33,"column":8},"end":{"line":61,"column":11}},"23":{"start":{"line":34,"column":29},"end":{"line":34,"column":60}},"24":{"start":{"line":35,"column":29},"end":{"line":35,"column":31}},"25":{"start":{"line":36,"column":12},"end":{"line":44,"column":15}},"26":{"start":{"line":37,"column":16},"end":{"line":43,"column":20}},"27":{"start":{"line":38,"column":20},"end":{"line":40,"column":21}},"28":{"start":{"line":39,"column":24},"end":{"line":39,"column":58}},"29":{"start":{"line":42,"column":20},"end":{"line":42,"column":79}},"30":{"start":{"line":45,"column":12},"end":{"line":58,"column":15}},"31":{"start":{"line":46,"column":16},"end":{"line":52,"column":17}},"32":{"start":{"line":47,"column":20},"end":{"line":47,"column":53}},"33":{"start":{"line":48,"column":20},"end":{"line":48,"column":55}},"34":{"start":{"line":51,"column":20},"end":{"line":51,"column":122}},"35":{"start":{"line":53,"column":16},"end":{"line":55,"column":17}},"36":{"start":{"line":54,"column":20},"end":{"line":54,"column":68}},"37":{"start":{"line":57,"column":16},"end":{"line":57,"column":124}},"38":{"start":{"line":60,"column":12},"end":{"line":60,"column":89}},"39":{"start":{"line":64,"column":8},"end":{"line":72,"column":11}},"40":{"start":{"line":65,"column":29},"end":{"line":65,"column":97}},"41":{"start":{"line":66,"column":29},"end":{"line":66,"column":31}},"42":{"start":{"line":67,"column":12},"end":{"line":69,"column":15}},"43":{"start":{"line":68,"column":16},"end":{"line":68,"column":76}},"44":{"start":{"line":71,"column":12},"end":{"line":71,"column":89}},"45":{"start":{"line":75,"column":8},"end":{"line":75,"column":32}},"46":{"start":{"line":78,"column":8},"end":{"line":80,"column":9}},"47":{"start":{"line":79,"column":12},"end":{"line":79,"column":25}},"48":{"start":{"line":81,"column":8},"end":{"line":83,"column":9}},"49":{"start":{"line":82,"column":12},"end":{"line":82,"column":25}},"50":{"start":{"line":84,"column":8},"end":{"line":86,"column":9}},"51":{"start":{"line":85,"column":12},"end":{"line":85,"column":25}},"52":{"start":{"line":87,"column":8},"end":{"line":87,"column":20}},"53":{"start":{"line":90,"column":8},"end":{"line":92,"column":9}},"54":{"start":{"line":91,"column":12},"end":{"line":91,"column":103}},"55":{"start":{"line":93,"column":8},"end":{"line":95,"column":9}},"56":{"start":{"line":94,"column":12},"end":{"line":94,"column":104}},"57":{"start":{"line":96,"column":8},"end":{"line":98,"column":9}},"58":{"start":{"line":97,"column":12},"end":{"line":97,"column":101}},"59":{"start":{"line":99,"column":8},"end":{"line":109,"column":9}},"60":{"start":{"line":100,"column":12},"end":{"line":100,"column":123}},"61":{"start":{"line":103,"column":24},"end":{"line":103,"column":55}},"62":{"start":{"line":104,"column":12},"end":{"line":104,"column":49}},"63":{"start":{"line":105,"column":12},"end":{"line":105,"column":43}},"64":{"start":{"line":106,"column":12},"end":{"line":106,"column":68}},"65":{"start":{"line":107,"column":12},"end":{"line":107,"column":61}},"66":{"start":{"line":108,"column":12},"end":{"line":108,"column":39}},"67":{"start":{"line":112,"column":30},"end":{"line":112,"column":41}},"68":{"start":{"line":113,"column":8},"end":{"line":116,"column":9}},"69":{"start":{"line":114,"column":22},"end":{"line":114,"column":77}},"70":{"start":{"line":115,"column":12},"end":{"line":115,"column":38}},"71":{"start":{"line":117,"column":8},"end":{"line":117,"column":48}},"72":{"start":{"line":120,"column":8},"end":{"line":124,"column":9}},"73":{"start":{"line":121,"column":12},"end":{"line":123,"column":13}},"74":{"start":{"line":122,"column":16},"end":{"line":122,"column":29}},"75":{"start":{"line":125,"column":8},"end":{"line":125,"column":20}},"76":{"start":{"line":129,"column":8},"end":{"line":129,"column":52}},"77":{"start":{"line":130,"column":8},"end":{"line":148,"column":11}},"78":{"start":{"line":131,"column":12},"end":{"line":131,"column":61}},"79":{"start":{"line":132,"column":12},"end":{"line":137,"column":13}},"80":{"start":{"line":133,"column":16},"end":{"line":133,"column":90}},"81":{"start":{"line":136,"column":16},"end":{"line":136,"column":90}},"82":{"start":{"line":139,"column":12},"end":{"line":144,"column":13}},"83":{"start":{"line":140,"column":16},"end":{"line":140,"column":82}},"84":{"start":{"line":143,"column":16},"end":{"line":143,"column":47}},"85":{"start":{"line":146,"column":12},"end":{"line":146,"column":58}},"86":{"start":{"line":147,"column":12},"end":{"line":147,"column":39}},"87":{"start":{"line":151,"column":0},"end":{"line":151,"column":32}}},"fnMap":{"0":{"name":"(anonymous_0)","decl":{"start":{"line":10,"column":4},"end":{"line":10,"column":5}},"loc":{"start":{"line":10,"column":18},"end":{"line":14,"column":5}},"line":10},"1":{"name":"(anonymous_1)","decl":{"start":{"line":15,"column":4},"end":{"line":15,"column":5}},"loc":{"start":{"line":15,"column":34},"end":{"line":62,"column":5}},"line":15},"2":{"name":"(anonymous_2)","decl":{"start":{"line":33,"column":63},"end":{"line":33,"column":64}},"loc":{"start":{"line":33,"column":78},"end":{"line":59,"column":9}},"line":33},"3":{"name":"(anonymous_3)","decl":{"start":{"line":36,"column":42},"end":{"line":36,"column":43}},"loc":{"start":{"line":36,"column":79},"end":{"line":44,"column":13}},"line":36},"4":{"name":"(anonymous_4)","decl":{"start":{"line":37,"column":61},"end":{"line":37,"column":62}},"loc":{"start":{"line":37,"column":77},"end":{"line":41,"column":17}},"line":37},"5":{"name":"(anonymous_5)","decl":{"start":{"line":41,"column":25},"end":{"line":41,"column":26}},"loc":{"start":{"line":41,"column":34},"end":{"line":43,"column":17}},"line":41},"6":{"name":"(anonymous_6)","decl":{"start":{"line":45,"column":46},"end":{"line":45,"column":47}},"loc":{"start":{"line":45,"column":58},"end":{"line":56,"column":13}},"line":45},"7":{"name":"(anonymous_7)","decl":{"start":{"line":56,"column":21},"end":{"line":56,"column":22}},"loc":{"start":{"line":56,"column":30},"end":{"line":58,"column":13}},"line":56},"8":{"name":"(anonymous_8)","decl":{"start":{"line":59,"column":17},"end":{"line":59,"column":18}},"loc":{"start":{"line":59,"column":26},"end":{"line":61,"column":9}},"line":59},"9":{"name":"(anonymous_9)","decl":{"start":{"line":63,"column":4},"end":{"line":63,"column":5}},"loc":{"start":{"line":63,"column":33},"end":{"line":73,"column":5}},"line":63},"10":{"name":"(anonymous_10)","decl":{"start":{"line":64,"column":63},"end":{"line":64,"column":64}},"loc":{"start":{"line":64,"column":78},"end":{"line":70,"column":9}},"line":64},"11":{"name":"(anonymous_11)","decl":{"start":{"line":67,"column":76},"end":{"line":67,"column":77}},"loc":{"start":{"line":67,"column":92},"end":{"line":69,"column":13}},"line":67},"12":{"name":"(anonymous_12)","decl":{"start":{"line":70,"column":17},"end":{"line":70,"column":18}},"loc":{"start":{"line":70,"column":26},"end":{"line":72,"column":9}},"line":70},"13":{"name":"(anonymous_13)","decl":{"start":{"line":74,"column":4},"end":{"line":74,"column":5}},"loc":{"start":{"line":74,"column":29},"end":{"line":76,"column":5}},"line":74},"14":{"name":"(anonymous_14)","decl":{"start":{"line":77,"column":4},"end":{"line":77,"column":5}},"loc":{"start":{"line":77,"column":40},"end":{"line":88,"column":5}},"line":77},"15":{"name":"(anonymous_15)","decl":{"start":{"line":89,"column":4},"end":{"line":89,"column":5}},"loc":{"start":{"line":89,"column":22},"end":{"line":110,"column":5}},"line":89},"16":{"name":"(anonymous_16)","decl":{"start":{"line":111,"column":4},"end":{"line":111,"column":5}},"loc":{"start":{"line":111,"column":19},"end":{"line":118,"column":5}},"line":111},"17":{"name":"(anonymous_17)","decl":{"start":{"line":119,"column":4},"end":{"line":119,"column":5}},"loc":{"start":{"line":119,"column":23},"end":{"line":126,"column":5}},"line":119},"18":{"name":"(anonymous_18)","decl":{"start":{"line":127,"column":4},"end":{"line":127,"column":5}},"loc":{"start":{"line":127,"column":24},"end":{"line":149,"column":5}},"line":127},"19":{"name":"(anonymous_19)","decl":{"start":{"line":130,"column":72},"end":{"line":130,"column":73}},"loc":{"start":{"line":130,"column":84},"end":{"line":138,"column":9}},"line":130},"20":{"name":"(anonymous_20)","decl":{"start":{"line":138,"column":16},"end":{"line":138,"column":17}},"loc":{"start":{"line":138,"column":28},"end":{"line":145,"column":9}},"line":138},"21":{"name":"(anonymous_21)","decl":{"start":{"line":145,"column":17},"end":{"line":145,"column":18}},"loc":{"start":{"line":145,"column":26},"end":{"line":148,"column":9}},"line":145}},"branchMap":{"0":{"loc":{"start":{"line":16,"column":8},"end":{"line":18,"column":9}},"type":"if","locations":[{"start":{"line":16,"column":8},"end":{"line":18,"column":9}},{"start":{"line":16,"column":8},"end":{"line":18,"column":9}}],"line":16},"1":{"loc":{"start":{"line":19,"column":8},"end":{"line":21,"column":9}},"type":"if","locations":[{"start":{"line":19,"column":8},"end":{"line":21,"column":9}},{"start":{"line":19,"column":8},"end":{"line":21,"column":9}}],"line":19},"2":{"loc":{"start":{"line":22,"column":8},"end":{"line":24,"column":9}},"type":"if","locations":[{"start":{"line":22,"column":8},"end":{"line":24,"column":9}},{"start":{"line":22,"column":8},"end":{"line":24,"column":9}}],"line":22},"3":{"loc":{"start":{"line":25,"column":8},"end":{"line":27,"column":9}},"type":"if","locations":[{"start":{"line":25,"column":8},"end":{"line":27,"column":9}},{"start":{"line":25,"column":8},"end":{"line":27,"column":9}}],"line":25},"4":{"loc":{"start":{"line":28,"column":8},"end":{"line":30,"column":9}},"type":"if","locations":[{"start":{"line":28,"column":8},"end":{"line":30,"column":9}},{"start":{"line":28,"column":8},"end":{"line":30,"column":9}}],"line":28},"5":{"loc":{"start":{"line":38,"column":20},"end":{"line":40,"column":21}},"type":"if","locations":[{"start":{"line":38,"column":20},"end":{"line":40,"column":21}},{"start":{"line":38,"column":20},"end":{"line":40,"column":21}}],"line":38},"6":{"loc":{"start":{"line":46,"column":16},"end":{"line":52,"column":17}},"type":"if","locations":[{"start":{"line":46,"column":16},"end":{"line":52,"column":17}},{"start":{"line":46,"column":16},"end":{"line":52,"column":17}}],"line":46},"7":{"loc":{"start":{"line":53,"column":16},"end":{"line":55,"column":17}},"type":"if","locations":[{"start":{"line":53,"column":16},"end":{"line":55,"column":17}},{"start":{"line":53,"column":16},"end":{"line":55,"column":17}}],"line":53},"8":{"loc":{"start":{"line":78,"column":8},"end":{"line":80,"column":9}},"type":"if","locations":[{"start":{"line":78,"column":8},"end":{"line":80,"column":9}},{"start":{"line":78,"column":8},"end":{"line":80,"column":9}}],"line":78},"9":{"loc":{"start":{"line":78,"column":12},"end":{"line":78,"column":43}},"type":"binary-expr","locations":[{"start":{"line":78,"column":12},"end":{"line":78,"column":23}},{"start":{"line":78,"column":27},"end":{"line":78,"column":43}}],"line":78},"10":{"loc":{"start":{"line":81,"column":8},"end":{"line":83,"column":9}},"type":"if","locations":[{"start":{"line":81,"column":8},"end":{"line":83,"column":9}},{"start":{"line":81,"column":8},"end":{"line":83,"column":9}}],"line":81},"11":{"loc":{"start":{"line":81,"column":12},"end":{"line":81,"column":53}},"type":"binary-expr","locations":[{"start":{"line":81,"column":12},"end":{"line":81,"column":28}},{"start":{"line":81,"column":32},"end":{"line":81,"column":53}}],"line":81},"12":{"loc":{"start":{"line":84,"column":8},"end":{"line":86,"column":9}},"type":"if","locations":[{"start":{"line":84,"column":8},"end":{"line":86,"column":9}},{"start":{"line":84,"column":8},"end":{"line":86,"column":9}}],"line":84},"13":{"loc":{"start":{"line":84,"column":12},"end":{"line":84,"column":47}},"type":"binary-expr","locations":[{"start":{"line":84,"column":12},"end":{"line":84,"column":25}},{"start":{"line":84,"column":29},"end":{"line":84,"column":47}}],"line":84},"14":{"loc":{"start":{"line":90,"column":8},"end":{"line":92,"column":9}},"type":"if","locations":[{"start":{"line":90,"column":8},"end":{"line":92,"column":9}},{"start":{"line":90,"column":8},"end":{"line":92,"column":9}}],"line":90},"15":{"loc":{"start":{"line":90,"column":12},"end":{"line":90,"column":42}},"type":"binary-expr","locations":[{"start":{"line":90,"column":12},"end":{"line":90,"column":22}},{"start":{"line":90,"column":26},"end":{"line":90,"column":42}}],"line":90},"16":{"loc":{"start":{"line":93,"column":8},"end":{"line":95,"column":9}},"type":"if","locations":[{"start":{"line":93,"column":8},"end":{"line":95,"column":9}},{"start":{"line":93,"column":8},"end":{"line":95,"column":9}}],"line":93},"17":{"loc":{"start":{"line":96,"column":8},"end":{"line":98,"column":9}},"type":"if","locations":[{"start":{"line":96,"column":8},"end":{"line":98,"column":9}},{"start":{"line":96,"column":8},"end":{"line":98,"column":9}}],"line":96},"18":{"loc":{"start":{"line":99,"column":8},"end":{"line":109,"column":9}},"type":"if","locations":[{"start":{"line":99,"column":8},"end":{"line":109,"column":9}},{"start":{"line":99,"column":8},"end":{"line":109,"column":9}}],"line":99},"19":{"loc":{"start":{"line":121,"column":12},"end":{"line":123,"column":13}},"type":"if","locations":[{"start":{"line":121,"column":12},"end":{"line":123,"column":13}},{"start":{"line":121,"column":12},"end":{"line":123,"column":13}}],"line":121},"20":{"loc":{"start":{"line":132,"column":12},"end":{"line":137,"column":13}},"type":"if","locations":[{"start":{"line":132,"column":12},"end":{"line":137,"column":13}},{"start":{"line":132,"column":12},"end":{"line":137,"column":13}}],"line":132},"21":{"loc":{"start":{"line":139,"column":12},"end":{"line":144,"column":13}},"type":"if","locations":[{"start":{"line":139,"column":12},"end":{"line":144,"column":13}},{"start":{"line":139,"column":12},"end":{"line":144,"column":13}}],"line":139}},"s":{"0":1,"1":1,"2":1,"3":1,"4":1,"5":1,"6":1,"7":1,"8":1,"9":1,"10":1,"11":0,"12":1,"13":0,"14":1,"15":0,"16":1,"17":0,"18":1,"19":0,"20":1,"21":1,"22":1,"23":1,"24":1,"25":1,"26":5944,"27":5944,"28":5944,"29":0,"30":1,"31":1,"32":1,"33":1,"34":0,"35":1,"36":1,"37":0,"38":0,"39":0,"40":0,"41":0,"42":0,"43":0,"44":0,"45":1,"46":1,"47":0,"48":1,"49":0,"50":1,"51":0,"52":1,"53":0,"54":0,"55":0,"56":0,"57":0,"58":0,"59":0,"60":0,"61":0,"62":0,"63":0,"64":0,"65":0,"66":0,"67":0,"68":0,"69":0,"70":0,"71":0,"72":1,"73":1,"74":1,"75":0,"76":112,"77":112,"78":19,"79":19,"80":19,"81":0,"82":19,"83":1,"84":18,"85":94,"86":94,"87":1},"f":{"0":1,"1":1,"2":1,"3":5944,"4":5944,"5":0,"6":1,"7":0,"8":0,"9":0,"10":0,"11":0,"12":0,"13":1,"14":1,"15":0,"16":0,"17":1,"18":112,"19":19,"20":19,"21":94},"b":{"0":[0,1],"1":[0,1],"2":[0,1],"3":[0,1],"4":[0,1],"5":[5944,0],"6":[1,0],"7":[1,0],"8":[0,1],"9":[1,1],"10":[0,1],"11":[1,1],"12":[0,1],"13":[1,1],"14":[0,0],"15":[0,0],"16":[0,0],"17":[0,0],"18":[0,0],"19":[1,0],"20":[19,0],"21":[1,18]},"_coverageSchema":"332fd63041d2c1bcb487cc26dd0d5f7d97098a6c","hash":"73612b23e1f6654d62060e6cfd2454ef747976b3","contentHash":"c10ac53319a1d7827fe485a9936236f6_11.3.0"},"/Users/yujinglai/Projects/project_team253/src/Util.js":{"path":"/Users/yujinglai/Projects/project_team253/src/Util.js","statementMap":{"0":{"start":{"line":2,"column":0},"end":{"line":2,"column":62}},"1":{"start":{"line":5,"column":8},"end":{"line":5,"column":66}},"2":{"start":{"line":8,"column":8},"end":{"line":8,"column":67}},"3":{"start":{"line":11,"column":8},"end":{"line":11,"column":67}},"4":{"start":{"line":14,"column":8},"end":{"line":14,"column":68}},"5":{"start":{"line":17,"column":8},"end":{"line":17,"column":66}},"6":{"start":{"line":20,"column":0},"end":{"line":20,"column":22}}},"fnMap":{"0":{"name":"(anonymous_0)","decl":{"start":{"line":4,"column":4},"end":{"line":4,"column":5}},"loc":{"start":{"line":4,"column":22},"end":{"line":6,"column":5}},"line":4},"1":{"name":"(anonymous_1)","decl":{"start":{"line":7,"column":4},"end":{"line":7,"column":5}},"loc":{"start":{"line":7,"column":21},"end":{"line":9,"column":5}},"line":7},"2":{"name":"(anonymous_2)","decl":{"start":{"line":10,"column":4},"end":{"line":10,"column":5}},"loc":{"start":{"line":10,"column":21},"end":{"line":12,"column":5}},"line":10},"3":{"name":"(anonymous_3)","decl":{"start":{"line":13,"column":4},"end":{"line":13,"column":5}},"loc":{"start":{"line":13,"column":22},"end":{"line":15,"column":5}},"line":13},"4":{"name":"(anonymous_4)","decl":{"start":{"line":16,"column":4},"end":{"line":16,"column":5}},"loc":{"start":{"line":16,"column":21},"end":{"line":18,"column":5}},"line":16}},"branchMap":{},"s":{"0":1,"1":562,"2":113,"3":0,"4":0,"5":5,"6":1},"f":{"0":562,"1":113,"2":0,"3":0,"4":5},"b":{},"_coverageSchema":"332fd63041d2c1bcb487cc26dd0d5f7d97098a6c","hash":"cf62f0ffb2e8918889b1cc072957aaddafc18d12","contentHash":"fa3ed88894ebc42e5edc6c3cb33dfece_11.3.0"},"/Users/yujinglai/Projects/project_team253/src/controller/Dataset.js":{"path":"/Users/yujinglai/Projects/project_team253/src/controller/Dataset.js","statementMap":{"0":{"start":{"line":2,"column":0},"end":{"line":2,"column":62}},"1":{"start":{"line":3,"column":15},"end":{"line":3,"column":33}},"2":{"start":{"line":4,"column":18},"end":{"line":4,"column":38}},"3":{"start":{"line":5,"column":11},"end":{"line":5,"column":24}},"4":{"start":{"line":8,"column":8},"end":{"line":8,"column":30}},"5":{"start":{"line":9,"column":8},"end":{"line":9,"column":25}},"6":{"start":{"line":10,"column":8},"end":{"line":10,"column":48}},"7":{"start":{"line":11,"column":8},"end":{"line":11,"column":21}},"8":{"start":{"line":12,"column":8},"end":{"line":12,"column":32}},"9":{"start":{"line":15,"column":8},"end":{"line":40,"column":9}},"10":{"start":{"line":16,"column":22},"end":{"line":16,"column":38}},"11":{"start":{"line":17,"column":12},"end":{"line":36,"column":13}},"12":{"start":{"line":18,"column":33},"end":{"line":18,"column":56}},"13":{"start":{"line":19,"column":16},"end":{"line":19,"column":52}},"14":{"start":{"line":20,"column":16},"end":{"line":20,"column":49}},"15":{"start":{"line":21,"column":16},"end":{"line":21,"column":47}},"16":{"start":{"line":22,"column":16},"end":{"line":22,"column":60}},"17":{"start":{"line":23,"column":16},"end":{"line":23,"column":51}},"18":{"start":{"line":24,"column":16},"end":{"line":24,"column":49}},"19":{"start":{"line":25,"column":16},"end":{"line":25,"column":49}},"20":{"start":{"line":26,"column":16},"end":{"line":26,"column":51}},"21":{"start":{"line":27,"column":16},"end":{"line":27,"column":47}},"22":{"start":{"line":28,"column":16},"end":{"line":28,"column":49}},"23":{"start":{"line":29,"column":16},"end":{"line":31,"column":17}},"24":{"start":{"line":30,"column":20},"end":{"line":30,"column":48}},"25":{"start":{"line":32,"column":16},"end":{"line":35,"column":17}},"26":{"start":{"line":33,"column":20},"end":{"line":33,"column":54}},"27":{"start":{"line":34,"column":20},"end":{"line":34,"column":35}},"28":{"start":{"line":39,"column":12},"end":{"line":39,"column":50}},"29":{"start":{"line":43,"column":8},"end":{"line":43,"column":94}},"30":{"start":{"line":44,"column":8},"end":{"line":44,"column":56}},"31":{"start":{"line":45,"column":8},"end":{"line":45,"column":20}},"32":{"start":{"line":48,"column":0},"end":{"line":48,"column":26}}},"fnMap":{"0":{"name":"(anonymous_0)","decl":{"start":{"line":7,"column":4},"end":{"line":7,"column":5}},"loc":{"start":{"line":7,"column":33},"end":{"line":13,"column":5}},"line":7},"1":{"name":"(anonymous_1)","decl":{"start":{"line":14,"column":4},"end":{"line":14,"column":5}},"loc":{"start":{"line":14,"column":27},"end":{"line":41,"column":5}},"line":14},"2":{"name":"(anonymous_2)","decl":{"start":{"line":42,"column":4},"end":{"line":42,"column":5}},"loc":{"start":{"line":42,"column":18},"end":{"line":46,"column":5}},"line":42}},"branchMap":{"0":{"loc":{"start":{"line":29,"column":16},"end":{"line":31,"column":17}},"type":"if","locations":[{"start":{"line":29,"column":16},"end":{"line":31,"column":17}},{"start":{"line":29,"column":16},"end":{"line":31,"column":17}}],"line":29},"1":{"loc":{"start":{"line":32,"column":16},"end":{"line":35,"column":17}},"type":"if","locations":[{"start":{"line":32,"column":16},"end":{"line":35,"column":17}},{"start":{"line":32,"column":16},"end":{"line":35,"column":17}}],"line":32}},"s":{"0":1,"1":1,"2":1,"3":1,"4":1,"5":1,"6":1,"7":1,"8":1,"9":5944,"10":5944,"11":5944,"12":64612,"13":64612,"14":64612,"15":64612,"16":64612,"17":64612,"18":64612,"19":64612,"20":64612,"21":64612,"22":64612,"23":64612,"24":24621,"25":64612,"26":64612,"27":64612,"28":0,"29":1,"30":1,"31":1,"32":1},"f":{"0":1,"1":5944,"2":1},"b":{"0":[24621,39991],"1":[64612,0]},"_coverageSchema":"332fd63041d2c1bcb487cc26dd0d5f7d97098a6c","hash":"926c7d175bdedce7f458f70a221b5c29844fd2b4","contentHash":"35f74e8b4338a6dc2cc40241d087ee14_11.3.0"},"/Users/yujinglai/Projects/project_team253/src/controller/Section.js":{"path":"/Users/yujinglai/Projects/project_team253/src/controller/Section.js","statementMap":{"0":{"start":{"line":2,"column":0},"end":{"line":2,"column":62}},"1":{"start":{"line":5,"column":8},"end":{"line":16,"column":10}},"2":{"start":{"line":19,"column":29},"end":{"line":19,"column":53}},"3":{"start":{"line":20,"column":8},"end":{"line":24,"column":9}},"4":{"start":{"line":21,"column":12},"end":{"line":23,"column":13}},"5":{"start":{"line":22,"column":16},"end":{"line":22,"column":29}},"6":{"start":{"line":25,"column":8},"end":{"line":25,"column":20}},"7":{"start":{"line":28,"column":0},"end":{"line":28,"column":26}}},"fnMap":{"0":{"name":"(anonymous_0)","decl":{"start":{"line":4,"column":4},"end":{"line":4,"column":5}},"loc":{"start":{"line":4,"column":18},"end":{"line":17,"column":5}},"line":4},"1":{"name":"(anonymous_1)","decl":{"start":{"line":18,"column":4},"end":{"line":18,"column":5}},"loc":{"start":{"line":18,"column":19},"end":{"line":26,"column":5}},"line":18}},"branchMap":{"0":{"loc":{"start":{"line":21,"column":12},"end":{"line":23,"column":13}},"type":"if","locations":[{"start":{"line":21,"column":12},"end":{"line":23,"column":13}},{"start":{"line":21,"column":12},"end":{"line":23,"column":13}}],"line":21},"1":{"loc":{"start":{"line":21,"column":16},"end":{"line":21,"column":51}},"type":"binary-expr","locations":[{"start":{"line":21,"column":16},"end":{"line":21,"column":34}},{"start":{"line":21,"column":38},"end":{"line":21,"column":51}}],"line":21}},"s":{"0":1,"1":64612,"2":64612,"3":64612,"4":646120,"5":0,"6":64612,"7":1},"f":{"0":64612,"1":64612},"b":{"0":[0,646120],"1":[646120,646120]},"_coverageSchema":"332fd63041d2c1bcb487cc26dd0d5f7d97098a6c","hash":"a303f7bcef60952a7930f6db1dbd5f8fa99213ce","contentHash":"ad3d0282911becc220e86649dcb6088c_11.3.0"},"/Users/yujinglai/Projects/project_team253/src/controller/InsightQuery.js":{"path":"/Users/yujinglai/Projects/project_team253/src/controller/InsightQuery.js","statementMap":{"0":{"start":{"line":2,"column":0},"end":{"line":2,"column":62}},"1":{"start":{"line":3,"column":15},"end":{"line":3,"column":33}},"2":{"start":{"line":4,"column":25},"end":{"line":4,"column":52}},"3":{"start":{"line":5,"column":32},"end":{"line":5,"column":66}},"4":{"start":{"line":6,"column":29},"end":{"line":6,"column":60}},"5":{"start":{"line":7,"column":33},"end":{"line":7,"column":68}},"6":{"start":{"line":10,"column":8},"end":{"line":10,"column":57}},"7":{"start":{"line":11,"column":8},"end":{"line":11,"column":27}},"8":{"start":{"line":12,"column":8},"end":{"line":12,"column":32}},"9":{"start":{"line":13,"column":8},"end":{"line":13,"column":69}},"10":{"start":{"line":14,"column":8},"end":{"line":14,"column":75}},"11":{"start":{"line":15,"column":8},"end":{"line":15,"column":77}},"12":{"start":{"line":18,"column":8},"end":{"line":32,"column":11}},"13":{"start":{"line":19,"column":12},"end":{"line":30,"column":13}},"14":{"start":{"line":20,"column":16},"end":{"line":28,"column":17}},"15":{"start":{"line":21,"column":20},"end":{"line":26,"column":21}},"16":{"start":{"line":22,"column":24},"end":{"line":24,"column":25}},"17":{"start":{"line":23,"column":28},"end":{"line":23,"column":49}},"18":{"start":{"line":25,"column":24},"end":{"line":25,"column":94}},"19":{"start":{"line":27,"column":20},"end":{"line":27,"column":97}},"20":{"start":{"line":29,"column":16},"end":{"line":29,"column":94}},"21":{"start":{"line":31,"column":12},"end":{"line":31,"column":78}},"22":{"start":{"line":35,"column":22},"end":{"line":35,"column":27}},"23":{"start":{"line":36,"column":27},"end":{"line":36,"column":45}},"24":{"start":{"line":37,"column":8},"end":{"line":47,"column":9}},"25":{"start":{"line":38,"column":12},"end":{"line":43,"column":13}},"26":{"start":{"line":39,"column":16},"end":{"line":39,"column":120}},"27":{"start":{"line":42,"column":16},"end":{"line":42,"column":62}},"28":{"start":{"line":44,"column":12},"end":{"line":46,"column":13}},"29":{"start":{"line":45,"column":16},"end":{"line":45,"column":65}},"30":{"start":{"line":48,"column":8},"end":{"line":48,"column":23}},"31":{"start":{"line":51,"column":8},"end":{"line":57,"column":9}},"32":{"start":{"line":52,"column":31},"end":{"line":52,"column":49}},"33":{"start":{"line":53,"column":12},"end":{"line":56,"column":13}},"34":{"start":{"line":54,"column":16},"end":{"line":55,"column":74}},"35":{"start":{"line":58,"column":8},"end":{"line":58,"column":21}},"36":{"start":{"line":61,"column":8},"end":{"line":82,"column":9}},"37":{"start":{"line":62,"column":31},"end":{"line":62,"column":51}},"38":{"start":{"line":63,"column":12},"end":{"line":81,"column":13}},"39":{"start":{"line":65,"column":20},"end":{"line":65,"column":90}},"40":{"start":{"line":67,"column":20},"end":{"line":79,"column":21}},"41":{"start":{"line":68,"column":24},"end":{"line":72,"column":25}},"42":{"start":{"line":70,"column":42},"end":{"line":70,"column":58}},"43":{"start":{"line":71,"column":28},"end":{"line":71,"column":108}},"44":{"start":{"line":74,"column":25},"end":{"line":79,"column":21}},"45":{"start":{"line":75,"column":24},"end":{"line":78,"column":25}},"46":{"start":{"line":77,"column":28},"end":{"line":77,"column":81}},"47":{"start":{"line":80,"column":20},"end":{"line":80,"column":33}},"48":{"start":{"line":83,"column":8},"end":{"line":83,"column":21}},"49":{"start":{"line":86,"column":23},"end":{"line":86,"column":25}},"50":{"start":{"line":87,"column":8},"end":{"line":87,"column":92}},"51":{"start":{"line":88,"column":8},"end":{"line":88,"column":96}},"52":{"start":{"line":89,"column":8},"end":{"line":91,"column":9}},"53":{"start":{"line":90,"column":12},"end":{"line":90,"column":116}},"54":{"start":{"line":92,"column":22},"end":{"line":92,"column":76}},"55":{"start":{"line":93,"column":8},"end":{"line":93,"column":41}},"56":{"start":{"line":94,"column":8},"end":{"line":94,"column":23}},"57":{"start":{"line":97,"column":8},"end":{"line":111,"column":9}},"58":{"start":{"line":98,"column":28},"end":{"line":98,"column":44}},"59":{"start":{"line":99,"column":25},"end":{"line":99,"column":43}},"60":{"start":{"line":100,"column":26},"end":{"line":100,"column":50}},"61":{"start":{"line":101,"column":26},"end":{"line":101,"column":40}},"62":{"start":{"line":102,"column":26},"end":{"line":102,"column":40}},"63":{"start":{"line":103,"column":28},"end":{"line":103,"column":30}},"64":{"start":{"line":104,"column":12},"end":{"line":106,"column":13}},"65":{"start":{"line":105,"column":16},"end":{"line":105,"column":74}},"66":{"start":{"line":107,"column":30},"end":{"line":107,"column":53}},"67":{"start":{"line":108,"column":12},"end":{"line":110,"column":69}},"68":{"start":{"line":112,"column":8},"end":{"line":112,"column":20}},"69":{"start":{"line":115,"column":8},"end":{"line":141,"column":11}},"70":{"start":{"line":116,"column":25},"end":{"line":116,"column":39}},"71":{"start":{"line":117,"column":28},"end":{"line":117,"column":44}},"72":{"start":{"line":118,"column":25},"end":{"line":118,"column":27}},"73":{"start":{"line":120,"column":12},"end":{"line":123,"column":13}},"74":{"start":{"line":121,"column":16},"end":{"line":121,"column":86}},"75":{"start":{"line":122,"column":16},"end":{"line":122,"column":56}},"76":{"start":{"line":124,"column":24},"end":{"line":124,"column":66}},"77":{"start":{"line":125,"column":12},"end":{"line":125,"column":50}},"78":{"start":{"line":126,"column":12},"end":{"line":131,"column":13}},"79":{"start":{"line":127,"column":16},"end":{"line":127,"column":52}},"80":{"start":{"line":130,"column":16},"end":{"line":130,"column":75}},"81":{"start":{"line":132,"column":12},"end":{"line":132,"column":78}},"82":{"start":{"line":133,"column":12},"end":{"line":135,"column":13}},"83":{"start":{"line":134,"column":16},"end":{"line":134,"column":102}},"84":{"start":{"line":136,"column":12},"end":{"line":136,"column":111}},"85":{"start":{"line":137,"column":12},"end":{"line":139,"column":13}},"86":{"start":{"line":138,"column":16},"end":{"line":138,"column":72}},"87":{"start":{"line":140,"column":12},"end":{"line":140,"column":35}},"88":{"start":{"line":144,"column":8},"end":{"line":162,"column":9}},"89":{"start":{"line":145,"column":12},"end":{"line":147,"column":15}},"90":{"start":{"line":146,"column":16},"end":{"line":146,"column":73}},"91":{"start":{"line":150,"column":24},"end":{"line":150,"column":36}},"92":{"start":{"line":151,"column":31},"end":{"line":151,"column":44}},"93":{"start":{"line":152,"column":12},"end":{"line":158,"column":15}},"94":{"start":{"line":153,"column":27},"end":{"line":153,"column":28}},"95":{"start":{"line":154,"column":16},"end":{"line":156,"column":17}},"96":{"start":{"line":155,"column":20},"end":{"line":155,"column":93}},"97":{"start":{"line":157,"column":16},"end":{"line":157,"column":28}},"98":{"start":{"line":159,"column":12},"end":{"line":161,"column":13}},"99":{"start":{"line":160,"column":16},"end":{"line":160,"column":33}},"100":{"start":{"line":163,"column":8},"end":{"line":163,"column":22}},"101":{"start":{"line":166,"column":0},"end":{"line":166,"column":31}}},"fnMap":{"0":{"name":"(anonymous_0)","decl":{"start":{"line":9,"column":4},"end":{"line":9,"column":5}},"loc":{"start":{"line":9,"column":18},"end":{"line":16,"column":5}},"line":9},"1":{"name":"(anonymous_1)","decl":{"start":{"line":17,"column":4},"end":{"line":17,"column":5}},"loc":{"start":{"line":17,"column":34},"end":{"line":33,"column":5}},"line":17},"2":{"name":"(anonymous_2)","decl":{"start":{"line":18,"column":27},"end":{"line":18,"column":28}},"loc":{"start":{"line":18,"column":48},"end":{"line":32,"column":9}},"line":18},"3":{"name":"(anonymous_3)","decl":{"start":{"line":34,"column":4},"end":{"line":34,"column":5}},"loc":{"start":{"line":34,"column":26},"end":{"line":49,"column":5}},"line":34},"4":{"name":"(anonymous_4)","decl":{"start":{"line":50,"column":4},"end":{"line":50,"column":5}},"loc":{"start":{"line":50,"column":22},"end":{"line":59,"column":5}},"line":50},"5":{"name":"(anonymous_5)","decl":{"start":{"line":60,"column":4},"end":{"line":60,"column":5}},"loc":{"start":{"line":60,"column":26},"end":{"line":84,"column":5}},"line":60},"6":{"name":"(anonymous_6)","decl":{"start":{"line":85,"column":4},"end":{"line":85,"column":5}},"loc":{"start":{"line":85,"column":30},"end":{"line":95,"column":5}},"line":85},"7":{"name":"(anonymous_7)","decl":{"start":{"line":96,"column":4},"end":{"line":96,"column":5}},"loc":{"start":{"line":96,"column":32},"end":{"line":113,"column":5}},"line":96},"8":{"name":"(anonymous_8)","decl":{"start":{"line":114,"column":4},"end":{"line":114,"column":5}},"loc":{"start":{"line":114,"column":48},"end":{"line":142,"column":5}},"line":114},"9":{"name":"(anonymous_9)","decl":{"start":{"line":115,"column":27},"end":{"line":115,"column":28}},"loc":{"start":{"line":115,"column":48},"end":{"line":141,"column":9}},"line":115},"10":{"name":"(anonymous_10)","decl":{"start":{"line":143,"column":4},"end":{"line":143,"column":5}},"loc":{"start":{"line":143,"column":35},"end":{"line":164,"column":5}},"line":143},"11":{"name":"(anonymous_11)","decl":{"start":{"line":145,"column":24},"end":{"line":145,"column":25}},"loc":{"start":{"line":145,"column":34},"end":{"line":147,"column":13}},"line":145},"12":{"name":"(anonymous_12)","decl":{"start":{"line":152,"column":24},"end":{"line":152,"column":25}},"loc":{"start":{"line":152,"column":34},"end":{"line":158,"column":13}},"line":152}},"branchMap":{"0":{"loc":{"start":{"line":19,"column":12},"end":{"line":30,"column":13}},"type":"if","locations":[{"start":{"line":19,"column":12},"end":{"line":30,"column":13}},{"start":{"line":19,"column":12},"end":{"line":30,"column":13}}],"line":19},"1":{"loc":{"start":{"line":19,"column":16},"end":{"line":19,"column":59}},"type":"binary-expr","locations":[{"start":{"line":19,"column":16},"end":{"line":19,"column":41}},{"start":{"line":19,"column":45},"end":{"line":19,"column":59}}],"line":19},"2":{"loc":{"start":{"line":20,"column":16},"end":{"line":28,"column":17}},"type":"if","locations":[{"start":{"line":20,"column":16},"end":{"line":28,"column":17}},{"start":{"line":20,"column":16},"end":{"line":28,"column":17}}],"line":20},"3":{"loc":{"start":{"line":21,"column":20},"end":{"line":26,"column":21}},"type":"if","locations":[{"start":{"line":21,"column":20},"end":{"line":26,"column":21}},{"start":{"line":21,"column":20},"end":{"line":26,"column":21}}],"line":21},"4":{"loc":{"start":{"line":21,"column":24},"end":{"line":21,"column":90}},"type":"binary-expr","locations":[{"start":{"line":21,"column":24},"end":{"line":21,"column":54}},{"start":{"line":21,"column":58},"end":{"line":21,"column":90}}],"line":21},"5":{"loc":{"start":{"line":22,"column":24},"end":{"line":24,"column":25}},"type":"if","locations":[{"start":{"line":22,"column":24},"end":{"line":24,"column":25}},{"start":{"line":22,"column":24},"end":{"line":24,"column":25}}],"line":22},"6":{"loc":{"start":{"line":37,"column":8},"end":{"line":47,"column":9}},"type":"if","locations":[{"start":{"line":37,"column":8},"end":{"line":47,"column":9}},{"start":{"line":37,"column":8},"end":{"line":47,"column":9}}],"line":37},"7":{"loc":{"start":{"line":37,"column":12},"end":{"line":37,"column":100}},"type":"binary-expr","locations":[{"start":{"line":37,"column":12},"end":{"line":37,"column":33}},{"start":{"line":37,"column":37},"end":{"line":37,"column":58}},{"start":{"line":37,"column":62},"end":{"line":37,"column":78}},{"start":{"line":37,"column":82},"end":{"line":37,"column":100}}],"line":37},"8":{"loc":{"start":{"line":38,"column":12},"end":{"line":43,"column":13}},"type":"if","locations":[{"start":{"line":38,"column":12},"end":{"line":43,"column":13}},{"start":{"line":38,"column":12},"end":{"line":43,"column":13}}],"line":38},"9":{"loc":{"start":{"line":39,"column":26},"end":{"line":39,"column":119}},"type":"binary-expr","locations":[{"start":{"line":39,"column":26},"end":{"line":39,"column":80}},{"start":{"line":39,"column":84},"end":{"line":39,"column":119}}],"line":39},"10":{"loc":{"start":{"line":44,"column":12},"end":{"line":46,"column":13}},"type":"if","locations":[{"start":{"line":44,"column":12},"end":{"line":46,"column":13}},{"start":{"line":44,"column":12},"end":{"line":46,"column":13}}],"line":44},"11":{"loc":{"start":{"line":44,"column":16},"end":{"line":44,"column":50}},"type":"binary-expr","locations":[{"start":{"line":44,"column":16},"end":{"line":44,"column":39}},{"start":{"line":44,"column":43},"end":{"line":44,"column":50}}],"line":44},"12":{"loc":{"start":{"line":51,"column":8},"end":{"line":57,"column":9}},"type":"if","locations":[{"start":{"line":51,"column":8},"end":{"line":57,"column":9}},{"start":{"line":51,"column":8},"end":{"line":57,"column":9}}],"line":51},"13":{"loc":{"start":{"line":51,"column":12},"end":{"line":51,"column":55}},"type":"binary-expr","locations":[{"start":{"line":51,"column":12},"end":{"line":51,"column":37}},{"start":{"line":51,"column":41},"end":{"line":51,"column":55}}],"line":51},"14":{"loc":{"start":{"line":53,"column":12},"end":{"line":56,"column":13}},"type":"if","locations":[{"start":{"line":53,"column":12},"end":{"line":56,"column":13}},{"start":{"line":53,"column":12},"end":{"line":56,"column":13}}],"line":53},"15":{"loc":{"start":{"line":53,"column":16},"end":{"line":53,"column":79}},"type":"binary-expr","locations":[{"start":{"line":53,"column":16},"end":{"line":53,"column":39}},{"start":{"line":53,"column":43},"end":{"line":53,"column":59}},{"start":{"line":53,"column":63},"end":{"line":53,"column":79}}],"line":53},"16":{"loc":{"start":{"line":54,"column":23},"end":{"line":55,"column":73}},"type":"binary-expr","locations":[{"start":{"line":54,"column":23},"end":{"line":54,"column":82}},{"start":{"line":55,"column":20},"end":{"line":55,"column":73}}],"line":54},"17":{"loc":{"start":{"line":61,"column":8},"end":{"line":82,"column":9}},"type":"if","locations":[{"start":{"line":61,"column":8},"end":{"line":82,"column":9}},{"start":{"line":61,"column":8},"end":{"line":82,"column":9}}],"line":61},"18":{"loc":{"start":{"line":63,"column":12},"end":{"line":81,"column":13}},"type":"switch","locations":[{"start":{"line":64,"column":16},"end":{"line":65,"column":90}},{"start":{"line":66,"column":16},"end":{"line":80,"column":33}}],"line":63},"19":{"loc":{"start":{"line":67,"column":20},"end":{"line":79,"column":21}},"type":"if","locations":[{"start":{"line":67,"column":20},"end":{"line":79,"column":21}},{"start":{"line":67,"column":20},"end":{"line":79,"column":21}}],"line":67},"20":{"loc":{"start":{"line":68,"column":24},"end":{"line":72,"column":25}},"type":"if","locations":[{"start":{"line":68,"column":24},"end":{"line":72,"column":25}},{"start":{"line":68,"column":24},"end":{"line":72,"column":25}}],"line":68},"21":{"loc":{"start":{"line":68,"column":28},"end":{"line":69,"column":83}},"type":"binary-expr","locations":[{"start":{"line":68,"column":28},"end":{"line":68,"column":90}},{"start":{"line":69,"column":28},"end":{"line":69,"column":83}}],"line":68},"22":{"loc":{"start":{"line":74,"column":25},"end":{"line":79,"column":21}},"type":"if","locations":[{"start":{"line":74,"column":25},"end":{"line":79,"column":21}},{"start":{"line":74,"column":25},"end":{"line":79,"column":21}}],"line":74},"23":{"loc":{"start":{"line":75,"column":24},"end":{"line":78,"column":25}},"type":"if","locations":[{"start":{"line":75,"column":24},"end":{"line":78,"column":25}},{"start":{"line":75,"column":24},"end":{"line":78,"column":25}}],"line":75},"24":{"loc":{"start":{"line":75,"column":28},"end":{"line":76,"column":88}},"type":"binary-expr","locations":[{"start":{"line":75,"column":28},"end":{"line":75,"column":90}},{"start":{"line":76,"column":28},"end":{"line":76,"column":88}}],"line":75},"25":{"loc":{"start":{"line":89,"column":8},"end":{"line":91,"column":9}},"type":"if","locations":[{"start":{"line":89,"column":8},"end":{"line":91,"column":9}},{"start":{"line":89,"column":8},"end":{"line":91,"column":9}}],"line":89},"26":{"loc":{"start":{"line":97,"column":8},"end":{"line":111,"column":9}},"type":"if","locations":[{"start":{"line":97,"column":8},"end":{"line":111,"column":9}},{"start":{"line":97,"column":8},"end":{"line":111,"column":9}}],"line":97},"27":{"loc":{"start":{"line":108,"column":19},"end":{"line":110,"column":68}},"type":"binary-expr","locations":[{"start":{"line":108,"column":19},"end":{"line":108,"column":69}},{"start":{"line":109,"column":16},"end":{"line":109,"column":70}},{"start":{"line":110,"column":16},"end":{"line":110,"column":68}}],"line":108},"28":{"loc":{"start":{"line":120,"column":12},"end":{"line":123,"column":13}},"type":"if","locations":[{"start":{"line":120,"column":12},"end":{"line":123,"column":13}},{"start":{"line":120,"column":12},"end":{"line":123,"column":13}}],"line":120},"29":{"loc":{"start":{"line":126,"column":12},"end":{"line":131,"column":13}},"type":"if","locations":[{"start":{"line":126,"column":12},"end":{"line":131,"column":13}},{"start":{"line":126,"column":12},"end":{"line":131,"column":13}}],"line":126},"30":{"loc":{"start":{"line":133,"column":12},"end":{"line":135,"column":13}},"type":"if","locations":[{"start":{"line":133,"column":12},"end":{"line":135,"column":13}},{"start":{"line":133,"column":12},"end":{"line":135,"column":13}}],"line":133},"31":{"loc":{"start":{"line":137,"column":12},"end":{"line":139,"column":13}},"type":"if","locations":[{"start":{"line":137,"column":12},"end":{"line":139,"column":13}},{"start":{"line":137,"column":12},"end":{"line":139,"column":13}}],"line":137},"32":{"loc":{"start":{"line":144,"column":8},"end":{"line":162,"column":9}},"type":"if","locations":[{"start":{"line":144,"column":8},"end":{"line":162,"column":9}},{"start":{"line":144,"column":8},"end":{"line":162,"column":9}}],"line":144},"33":{"loc":{"start":{"line":155,"column":27},"end":{"line":155,"column":92}},"type":"binary-expr","locations":[{"start":{"line":155,"column":27},"end":{"line":155,"column":31}},{"start":{"line":155,"column":35},"end":{"line":155,"column":92}}],"line":155},"34":{"loc":{"start":{"line":159,"column":12},"end":{"line":161,"column":13}},"type":"if","locations":[{"start":{"line":159,"column":12},"end":{"line":161,"column":13}},{"start":{"line":159,"column":12},"end":{"line":161,"column":13}}],"line":159}},"s":{"0":1,"1":1,"2":1,"3":1,"4":1,"5":1,"6":112,"7":112,"8":112,"9":112,"10":112,"11":112,"12":112,"13":112,"14":110,"15":28,"16":25,"17":19,"18":6,"19":3,"20":82,"21":2,"22":110,"23":110,"24":110,"25":108,"26":99,"27":9,"28":108,"29":26,"30":84,"31":26,"32":25,"33":25,"34":23,"35":3,"36":62,"37":62,"38":62,"39":31,"40":30,"41":14,"42":6,"43":6,"44":16,"45":16,"46":13,"47":11,"48":1,"49":28,"50":28,"51":28,"52":28,"53":7,"54":28,"55":28,"56":28,"57":26,"58":7,"59":7,"60":7,"61":7,"62":7,"63":7,"64":7,"65":12,"66":7,"67":7,"68":19,"69":19,"70":19,"71":19,"72":19,"73":19,"74":0,"75":0,"76":19,"77":19,"78":19,"79":1,"80":18,"81":19,"82":19,"83":4,"84":19,"85":19,"86":11,"87":19,"88":11,"89":9,"90":730073,"91":2,"92":2,"93":2,"94":90,"95":90,"96":180,"97":90,"98":2,"99":2,"100":11,"101":1},"f":{"0":112,"1":112,"2":112,"3":110,"4":26,"5":62,"6":28,"7":26,"8":19,"9":19,"10":11,"11":730073,"12":90},"b":{"0":[110,2],"1":[112,111],"2":[28,82],"3":[25,3],"4":[28,26],"5":[19,6],"6":[108,2],"7":[110,108,108,108],"8":[99,9],"9":[99,53],"10":[26,82],"11":[108,27],"12":[25,1],"13":[26,25],"14":[23,2],"15":[25,23,23],"16":[23,19],"17":[62,0],"18":[31,30],"19":[14,16],"20":[6,8],"21":[14,14],"22":[16,0],"23":[13,3],"24":[16,13],"25":[7,21],"26":[7,19],"27":[7,7,6],"28":[0,19],"29":[1,18],"30":[4,15],"31":[11,8],"32":[9,2],"33":[180,102],"34":[2,0]},"_coverageSchema":"332fd63041d2c1bcb487cc26dd0d5f7d97098a6c","hash":"70301ef34c06e160baf05218a0e0a000e2ce85d4","contentHash":"1998596183a44a046688c1d9e7868e89_11.3.0"},"/Users/yujinglai/Projects/project_team253/src/controller/InsightValidateHelper.js":{"path":"/Users/yujinglai/Projects/project_team253/src/controller/InsightValidateHelper.js","statementMap":{"0":{"start":{"line":2,"column":0},"end":{"line":2,"column":62}},"1":{"start":{"line":3,"column":15},"end":{"line":3,"column":33}},"2":{"start":{"line":4,"column":29},"end":{"line":4,"column":60}},"3":{"start":{"line":7,"column":8},"end":{"line":7,"column":71}},"4":{"start":{"line":8,"column":8},"end":{"line":8,"column":69}},"5":{"start":{"line":11,"column":22},"end":{"line":11,"column":26}},"6":{"start":{"line":12,"column":8},"end":{"line":19,"column":9}},"7":{"start":{"line":13,"column":12},"end":{"line":17,"column":13}},"8":{"start":{"line":14,"column":16},"end":{"line":16,"column":17}},"9":{"start":{"line":15,"column":20},"end":{"line":15,"column":74}},"10":{"start":{"line":18,"column":12},"end":{"line":18,"column":27}},"11":{"start":{"line":20,"column":8},"end":{"line":20,"column":21}},"12":{"start":{"line":23,"column":8},"end":{"line":30,"column":9}},"13":{"start":{"line":24,"column":31},"end":{"line":24,"column":48}},"14":{"start":{"line":25,"column":12},"end":{"line":29,"column":13}},"15":{"start":{"line":26,"column":16},"end":{"line":28,"column":17}},"16":{"start":{"line":27,"column":20},"end":{"line":27,"column":72}},"17":{"start":{"line":31,"column":8},"end":{"line":31,"column":21}},"18":{"start":{"line":34,"column":24},"end":{"line":34,"column":52}},"19":{"start":{"line":35,"column":8},"end":{"line":45,"column":9}},"20":{"start":{"line":36,"column":31},"end":{"line":36,"column":49}},"21":{"start":{"line":37,"column":12},"end":{"line":44,"column":13}},"22":{"start":{"line":38,"column":16},"end":{"line":43,"column":17}},"23":{"start":{"line":39,"column":20},"end":{"line":39,"column":67}},"24":{"start":{"line":41,"column":21},"end":{"line":43,"column":17}},"25":{"start":{"line":42,"column":20},"end":{"line":42,"column":74}},"26":{"start":{"line":46,"column":8},"end":{"line":46,"column":21}},"27":{"start":{"line":49,"column":20},"end":{"line":49,"column":34}},"28":{"start":{"line":50,"column":8},"end":{"line":54,"column":9}},"29":{"start":{"line":51,"column":12},"end":{"line":53,"column":13}},"30":{"start":{"line":52,"column":16},"end":{"line":52,"column":59}},"31":{"start":{"line":55,"column":8},"end":{"line":55,"column":21}},"32":{"start":{"line":58,"column":8},"end":{"line":80,"column":9}},"33":{"start":{"line":59,"column":31},"end":{"line":59,"column":50}},"34":{"start":{"line":60,"column":12},"end":{"line":79,"column":13}},"35":{"start":{"line":61,"column":16},"end":{"line":78,"column":17}},"36":{"start":{"line":63,"column":24},"end":{"line":63,"column":72}},"37":{"start":{"line":65,"column":24},"end":{"line":65,"column":71}},"38":{"start":{"line":67,"column":24},"end":{"line":67,"column":63}},"39":{"start":{"line":69,"column":24},"end":{"line":69,"column":67}},"40":{"start":{"line":71,"column":24},"end":{"line":71,"column":67}},"41":{"start":{"line":73,"column":24},"end":{"line":73,"column":67}},"42":{"start":{"line":75,"column":24},"end":{"line":75,"column":67}},"43":{"start":{"line":77,"column":24},"end":{"line":77,"column":37}},"44":{"start":{"line":81,"column":8},"end":{"line":81,"column":21}},"45":{"start":{"line":84,"column":22},"end":{"line":84,"column":26}},"46":{"start":{"line":85,"column":8},"end":{"line":92,"column":9}},"47":{"start":{"line":86,"column":12},"end":{"line":91,"column":13}},"48":{"start":{"line":87,"column":16},"end":{"line":89,"column":17}},"49":{"start":{"line":88,"column":20},"end":{"line":88,"column":75}},"50":{"start":{"line":90,"column":16},"end":{"line":90,"column":31}},"51":{"start":{"line":93,"column":8},"end":{"line":93,"column":21}},"52":{"start":{"line":96,"column":8},"end":{"line":103,"column":9}},"53":{"start":{"line":97,"column":31},"end":{"line":97,"column":48}},"54":{"start":{"line":98,"column":12},"end":{"line":102,"column":13}},"55":{"start":{"line":99,"column":16},"end":{"line":101,"column":17}},"56":{"start":{"line":100,"column":20},"end":{"line":100,"column":32}},"57":{"start":{"line":104,"column":8},"end":{"line":104,"column":21}},"58":{"start":{"line":107,"column":8},"end":{"line":114,"column":9}},"59":{"start":{"line":108,"column":31},"end":{"line":108,"column":48}},"60":{"start":{"line":109,"column":12},"end":{"line":113,"column":13}},"61":{"start":{"line":110,"column":16},"end":{"line":112,"column":17}},"62":{"start":{"line":111,"column":20},"end":{"line":111,"column":32}},"63":{"start":{"line":115,"column":8},"end":{"line":115,"column":21}},"64":{"start":{"line":118,"column":22},"end":{"line":118,"column":26}},"65":{"start":{"line":119,"column":8},"end":{"line":129,"column":9}},"66":{"start":{"line":120,"column":12},"end":{"line":125,"column":13}},"67":{"start":{"line":121,"column":16},"end":{"line":121,"column":79}},"68":{"start":{"line":122,"column":16},"end":{"line":124,"column":17}},"69":{"start":{"line":123,"column":20},"end":{"line":123,"column":36}},"70":{"start":{"line":128,"column":12},"end":{"line":128,"column":28}},"71":{"start":{"line":130,"column":8},"end":{"line":130,"column":23}},"72":{"start":{"line":133,"column":22},"end":{"line":133,"column":26}},"73":{"start":{"line":134,"column":8},"end":{"line":148,"column":9}},"74":{"start":{"line":135,"column":12},"end":{"line":135,"column":65}},"75":{"start":{"line":136,"column":12},"end":{"line":138,"column":13}},"76":{"start":{"line":137,"column":16},"end":{"line":137,"column":58}},"77":{"start":{"line":139,"column":12},"end":{"line":139,"column":27}},"78":{"start":{"line":141,"column":13},"end":{"line":148,"column":9}},"79":{"start":{"line":142,"column":12},"end":{"line":147,"column":13}},"80":{"start":{"line":143,"column":16},"end":{"line":145,"column":17}},"81":{"start":{"line":144,"column":20},"end":{"line":144,"column":74}},"82":{"start":{"line":146,"column":16},"end":{"line":146,"column":31}},"83":{"start":{"line":149,"column":8},"end":{"line":149,"column":21}},"84":{"start":{"line":152,"column":24},"end":{"line":152,"column":87}},"85":{"start":{"line":153,"column":22},"end":{"line":153,"column":36}},"86":{"start":{"line":154,"column":8},"end":{"line":156,"column":9}},"87":{"start":{"line":155,"column":12},"end":{"line":155,"column":71}},"88":{"start":{"line":157,"column":8},"end":{"line":157,"column":21}},"89":{"start":{"line":160,"column":24},"end":{"line":161,"column":94}},"90":{"start":{"line":162,"column":22},"end":{"line":162,"column":36}},"91":{"start":{"line":163,"column":8},"end":{"line":165,"column":9}},"92":{"start":{"line":164,"column":12},"end":{"line":164,"column":71}},"93":{"start":{"line":166,"column":8},"end":{"line":166,"column":21}},"94":{"start":{"line":169,"column":8},"end":{"line":169,"column":52}},"95":{"start":{"line":172,"column":23},"end":{"line":172,"column":36}},"96":{"start":{"line":173,"column":28},"end":{"line":173,"column":52}},"97":{"start":{"line":174,"column":25},"end":{"line":174,"column":32}},"98":{"start":{"line":175,"column":20},"end":{"line":175,"column":41}},"99":{"start":{"line":176,"column":8},"end":{"line":189,"column":9}},"100":{"start":{"line":177,"column":24},"end":{"line":177,"column":34}},"101":{"start":{"line":178,"column":12},"end":{"line":180,"column":13}},"102":{"start":{"line":179,"column":16},"end":{"line":179,"column":92}},"103":{"start":{"line":182,"column":13},"end":{"line":189,"column":9}},"104":{"start":{"line":183,"column":23},"end":{"line":183,"column":33}},"105":{"start":{"line":184,"column":28},"end":{"line":184,"column":48}},"106":{"start":{"line":185,"column":12},"end":{"line":185,"column":64}},"107":{"start":{"line":187,"column":13},"end":{"line":189,"column":9}},"108":{"start":{"line":188,"column":12},"end":{"line":188,"column":87}},"109":{"start":{"line":190,"column":8},"end":{"line":190,"column":24}},"110":{"start":{"line":193,"column":21},"end":{"line":193,"column":37}},"111":{"start":{"line":194,"column":22},"end":{"line":194,"column":36}},"112":{"start":{"line":195,"column":8},"end":{"line":200,"column":9}},"113":{"start":{"line":196,"column":28},"end":{"line":196,"column":38}},"114":{"start":{"line":197,"column":12},"end":{"line":199,"column":13}},"115":{"start":{"line":198,"column":16},"end":{"line":198,"column":68}},"116":{"start":{"line":201,"column":8},"end":{"line":205,"column":9}},"117":{"start":{"line":202,"column":12},"end":{"line":204,"column":13}},"118":{"start":{"line":203,"column":16},"end":{"line":203,"column":64}},"119":{"start":{"line":206,"column":8},"end":{"line":206,"column":24}},"120":{"start":{"line":209,"column":21},"end":{"line":209,"column":35}},"121":{"start":{"line":210,"column":8},"end":{"line":213,"column":9}},"122":{"start":{"line":211,"column":28},"end":{"line":211,"column":38}},"123":{"start":{"line":212,"column":12},"end":{"line":212,"column":64}},"124":{"start":{"line":214,"column":8},"end":{"line":214,"column":24}},"125":{"start":{"line":217,"column":8},"end":{"line":217,"column":45}},"126":{"start":{"line":220,"column":21},"end":{"line":220,"column":48}},"127":{"start":{"line":221,"column":8},"end":{"line":221,"column":33}},"128":{"start":{"line":224,"column":8},"end":{"line":224,"column":45}},"129":{"start":{"line":227,"column":8},"end":{"line":227,"column":54}},"130":{"start":{"line":230,"column":8},"end":{"line":232,"column":11}},"131":{"start":{"line":231,"column":12},"end":{"line":231,"column":46}},"132":{"start":{"line":235,"column":8},"end":{"line":240,"column":9}},"133":{"start":{"line":236,"column":12},"end":{"line":236,"column":61}},"134":{"start":{"line":239,"column":12},"end":{"line":239,"column":92}},"135":{"start":{"line":243,"column":0},"end":{"line":243,"column":40}}},"fnMap":{"0":{"name":"(anonymous_0)","decl":{"start":{"line":6,"column":4},"end":{"line":6,"column":5}},"loc":{"start":{"line":6,"column":18},"end":{"line":9,"column":5}},"line":6},"1":{"name":"(anonymous_1)","decl":{"start":{"line":10,"column":4},"end":{"line":10,"column":5}},"loc":{"start":{"line":10,"column":22},"end":{"line":21,"column":5}},"line":10},"2":{"name":"(anonymous_2)","decl":{"start":{"line":22,"column":4},"end":{"line":22,"column":5}},"loc":{"start":{"line":22,"column":25},"end":{"line":32,"column":5}},"line":22},"3":{"name":"(anonymous_3)","decl":{"start":{"line":33,"column":4},"end":{"line":33,"column":5}},"loc":{"start":{"line":33,"column":27},"end":{"line":47,"column":5}},"line":33},"4":{"name":"(anonymous_4)","decl":{"start":{"line":48,"column":4},"end":{"line":48,"column":5}},"loc":{"start":{"line":48,"column":22},"end":{"line":56,"column":5}},"line":48},"5":{"name":"(anonymous_5)","decl":{"start":{"line":57,"column":4},"end":{"line":57,"column":5}},"loc":{"start":{"line":57,"column":24},"end":{"line":82,"column":5}},"line":57},"6":{"name":"(anonymous_6)","decl":{"start":{"line":83,"column":4},"end":{"line":83,"column":5}},"loc":{"start":{"line":83,"column":34},"end":{"line":94,"column":5}},"line":83},"7":{"name":"(anonymous_7)","decl":{"start":{"line":95,"column":4},"end":{"line":95,"column":5}},"loc":{"start":{"line":95,"column":27},"end":{"line":105,"column":5}},"line":95},"8":{"name":"(anonymous_8)","decl":{"start":{"line":106,"column":4},"end":{"line":106,"column":5}},"loc":{"start":{"line":106,"column":27},"end":{"line":116,"column":5}},"line":106},"9":{"name":"(anonymous_9)","decl":{"start":{"line":117,"column":4},"end":{"line":117,"column":5}},"loc":{"start":{"line":117,"column":34},"end":{"line":131,"column":5}},"line":117},"10":{"name":"(anonymous_10)","decl":{"start":{"line":132,"column":4},"end":{"line":132,"column":5}},"loc":{"start":{"line":132,"column":29},"end":{"line":150,"column":5}},"line":132},"11":{"name":"(anonymous_11)","decl":{"start":{"line":151,"column":4},"end":{"line":151,"column":5}},"loc":{"start":{"line":151,"column":19},"end":{"line":158,"column":5}},"line":151},"12":{"name":"(anonymous_12)","decl":{"start":{"line":159,"column":4},"end":{"line":159,"column":5}},"loc":{"start":{"line":159,"column":19},"end":{"line":167,"column":5}},"line":159},"13":{"name":"(anonymous_13)","decl":{"start":{"line":168,"column":4},"end":{"line":168,"column":5}},"loc":{"start":{"line":168,"column":23},"end":{"line":170,"column":5}},"line":168},"14":{"name":"(anonymous_14)","decl":{"start":{"line":171,"column":4},"end":{"line":171,"column":5}},"loc":{"start":{"line":171,"column":41},"end":{"line":191,"column":5}},"line":171},"15":{"name":"(anonymous_15)","decl":{"start":{"line":192,"column":4},"end":{"line":192,"column":5}},"loc":{"start":{"line":192,"column":43},"end":{"line":207,"column":5}},"line":192},"16":{"name":"(anonymous_16)","decl":{"start":{"line":208,"column":4},"end":{"line":208,"column":5}},"loc":{"start":{"line":208,"column":51},"end":{"line":215,"column":5}},"line":208},"17":{"name":"(anonymous_17)","decl":{"start":{"line":216,"column":4},"end":{"line":216,"column":5}},"loc":{"start":{"line":216,"column":23},"end":{"line":218,"column":5}},"line":216},"18":{"name":"(anonymous_18)","decl":{"start":{"line":219,"column":4},"end":{"line":219,"column":5}},"loc":{"start":{"line":219,"column":26},"end":{"line":222,"column":5}},"line":219},"19":{"name":"(anonymous_19)","decl":{"start":{"line":223,"column":4},"end":{"line":223,"column":5}},"loc":{"start":{"line":223,"column":35},"end":{"line":225,"column":5}},"line":223},"20":{"name":"(anonymous_20)","decl":{"start":{"line":226,"column":4},"end":{"line":226,"column":5}},"loc":{"start":{"line":226,"column":25},"end":{"line":228,"column":5}},"line":226},"21":{"name":"(anonymous_21)","decl":{"start":{"line":229,"column":4},"end":{"line":229,"column":5}},"loc":{"start":{"line":229,"column":32},"end":{"line":233,"column":5}},"line":229},"22":{"name":"(anonymous_22)","decl":{"start":{"line":230,"column":30},"end":{"line":230,"column":31}},"loc":{"start":{"line":230,"column":40},"end":{"line":232,"column":9}},"line":230},"23":{"name":"(anonymous_23)","decl":{"start":{"line":234,"column":4},"end":{"line":234,"column":5}},"loc":{"start":{"line":234,"column":30},"end":{"line":241,"column":5}},"line":234}},"branchMap":{"0":{"loc":{"start":{"line":12,"column":8},"end":{"line":19,"column":9}},"type":"if","locations":[{"start":{"line":12,"column":8},"end":{"line":19,"column":9}},{"start":{"line":12,"column":8},"end":{"line":19,"column":9}}],"line":12},"1":{"loc":{"start":{"line":13,"column":12},"end":{"line":17,"column":13}},"type":"if","locations":[{"start":{"line":13,"column":12},"end":{"line":17,"column":13}},{"start":{"line":13,"column":12},"end":{"line":17,"column":13}}],"line":13},"2":{"loc":{"start":{"line":15,"column":30},"end":{"line":15,"column":73}},"type":"binary-expr","locations":[{"start":{"line":15,"column":30},"end":{"line":15,"column":37}},{"start":{"line":15,"column":41},"end":{"line":15,"column":73}}],"line":15},"3":{"loc":{"start":{"line":23,"column":8},"end":{"line":30,"column":9}},"type":"if","locations":[{"start":{"line":23,"column":8},"end":{"line":30,"column":9}},{"start":{"line":23,"column":8},"end":{"line":30,"column":9}}],"line":23},"4":{"loc":{"start":{"line":23,"column":12},"end":{"line":23,"column":52}},"type":"binary-expr","locations":[{"start":{"line":23,"column":12},"end":{"line":23,"column":36}},{"start":{"line":23,"column":40},"end":{"line":23,"column":52}}],"line":23},"5":{"loc":{"start":{"line":25,"column":12},"end":{"line":29,"column":13}},"type":"if","locations":[{"start":{"line":25,"column":12},"end":{"line":29,"column":13}},{"start":{"line":25,"column":12},"end":{"line":29,"column":13}}],"line":25},"6":{"loc":{"start":{"line":26,"column":16},"end":{"line":28,"column":17}},"type":"if","locations":[{"start":{"line":26,"column":16},"end":{"line":28,"column":17}},{"start":{"line":26,"column":16},"end":{"line":28,"column":17}}],"line":26},"7":{"loc":{"start":{"line":35,"column":8},"end":{"line":45,"column":9}},"type":"if","locations":[{"start":{"line":35,"column":8},"end":{"line":45,"column":9}},{"start":{"line":35,"column":8},"end":{"line":45,"column":9}}],"line":35},"8":{"loc":{"start":{"line":35,"column":12},"end":{"line":35,"column":54}},"type":"binary-expr","locations":[{"start":{"line":35,"column":12},"end":{"line":35,"column":37}},{"start":{"line":35,"column":41},"end":{"line":35,"column":54}}],"line":35},"9":{"loc":{"start":{"line":37,"column":12},"end":{"line":44,"column":13}},"type":"if","locations":[{"start":{"line":37,"column":12},"end":{"line":44,"column":13}},{"start":{"line":37,"column":12},"end":{"line":44,"column":13}}],"line":37},"10":{"loc":{"start":{"line":38,"column":16},"end":{"line":43,"column":17}},"type":"if","locations":[{"start":{"line":38,"column":16},"end":{"line":43,"column":17}},{"start":{"line":38,"column":16},"end":{"line":43,"column":17}}],"line":38},"11":{"loc":{"start":{"line":38,"column":20},"end":{"line":38,"column":98}},"type":"binary-expr","locations":[{"start":{"line":38,"column":20},"end":{"line":38,"column":51}},{"start":{"line":38,"column":55},"end":{"line":38,"column":98}}],"line":38},"12":{"loc":{"start":{"line":41,"column":21},"end":{"line":43,"column":17}},"type":"if","locations":[{"start":{"line":41,"column":21},"end":{"line":43,"column":17}},{"start":{"line":41,"column":21},"end":{"line":43,"column":17}}],"line":41},"13":{"loc":{"start":{"line":41,"column":25},"end":{"line":41,"column":97}},"type":"binary-expr","locations":[{"start":{"line":41,"column":25},"end":{"line":41,"column":50}},{"start":{"line":41,"column":54},"end":{"line":41,"column":97}}],"line":41},"14":{"loc":{"start":{"line":50,"column":8},"end":{"line":54,"column":9}},"type":"if","locations":[{"start":{"line":50,"column":8},"end":{"line":54,"column":9}},{"start":{"line":50,"column":8},"end":{"line":54,"column":9}}],"line":50},"15":{"loc":{"start":{"line":50,"column":12},"end":{"line":50,"column":54}},"type":"binary-expr","locations":[{"start":{"line":50,"column":12},"end":{"line":50,"column":37}},{"start":{"line":50,"column":41},"end":{"line":50,"column":54}}],"line":50},"16":{"loc":{"start":{"line":51,"column":12},"end":{"line":53,"column":13}},"type":"if","locations":[{"start":{"line":51,"column":12},"end":{"line":53,"column":13}},{"start":{"line":51,"column":12},"end":{"line":53,"column":13}}],"line":51},"17":{"loc":{"start":{"line":58,"column":8},"end":{"line":80,"column":9}},"type":"if","locations":[{"start":{"line":58,"column":8},"end":{"line":80,"column":9}},{"start":{"line":58,"column":8},"end":{"line":80,"column":9}}],"line":58},"18":{"loc":{"start":{"line":60,"column":12},"end":{"line":79,"column":13}},"type":"if","locations":[{"start":{"line":60,"column":12},"end":{"line":79,"column":13}},{"start":{"line":60,"column":12},"end":{"line":79,"column":13}}],"line":60},"19":{"loc":{"start":{"line":61,"column":16},"end":{"line":78,"column":17}},"type":"switch","locations":[{"start":{"line":62,"column":20},"end":{"line":63,"column":72}},{"start":{"line":64,"column":20},"end":{"line":65,"column":71}},{"start":{"line":66,"column":20},"end":{"line":67,"column":63}},{"start":{"line":68,"column":20},"end":{"line":69,"column":67}},{"start":{"line":70,"column":20},"end":{"line":71,"column":67}},{"start":{"line":72,"column":20},"end":{"line":73,"column":67}},{"start":{"line":74,"column":20},"end":{"line":75,"column":67}},{"start":{"line":76,"column":20},"end":{"line":77,"column":37}}],"line":61},"20":{"loc":{"start":{"line":85,"column":8},"end":{"line":92,"column":9}},"type":"if","locations":[{"start":{"line":85,"column":8},"end":{"line":92,"column":9}},{"start":{"line":85,"column":8},"end":{"line":92,"column":9}}],"line":85},"21":{"loc":{"start":{"line":86,"column":12},"end":{"line":91,"column":13}},"type":"if","locations":[{"start":{"line":86,"column":12},"end":{"line":91,"column":13}},{"start":{"line":86,"column":12},"end":{"line":91,"column":13}}],"line":86},"22":{"loc":{"start":{"line":88,"column":30},"end":{"line":88,"column":74}},"type":"binary-expr","locations":[{"start":{"line":88,"column":30},"end":{"line":88,"column":37}},{"start":{"line":88,"column":41},"end":{"line":88,"column":74}}],"line":88},"23":{"loc":{"start":{"line":96,"column":8},"end":{"line":103,"column":9}},"type":"if","locations":[{"start":{"line":96,"column":8},"end":{"line":103,"column":9}},{"start":{"line":96,"column":8},"end":{"line":103,"column":9}}],"line":96},"24":{"loc":{"start":{"line":98,"column":12},"end":{"line":102,"column":13}},"type":"if","locations":[{"start":{"line":98,"column":12},"end":{"line":102,"column":13}},{"start":{"line":98,"column":12},"end":{"line":102,"column":13}}],"line":98},"25":{"loc":{"start":{"line":99,"column":16},"end":{"line":101,"column":17}},"type":"if","locations":[{"start":{"line":99,"column":16},"end":{"line":101,"column":17}},{"start":{"line":99,"column":16},"end":{"line":101,"column":17}}],"line":99},"26":{"loc":{"start":{"line":99,"column":20},"end":{"line":99,"column":92}},"type":"binary-expr","locations":[{"start":{"line":99,"column":20},"end":{"line":99,"column":49}},{"start":{"line":99,"column":53},"end":{"line":99,"column":92}}],"line":99},"27":{"loc":{"start":{"line":107,"column":8},"end":{"line":114,"column":9}},"type":"if","locations":[{"start":{"line":107,"column":8},"end":{"line":114,"column":9}},{"start":{"line":107,"column":8},"end":{"line":114,"column":9}}],"line":107},"28":{"loc":{"start":{"line":109,"column":12},"end":{"line":113,"column":13}},"type":"if","locations":[{"start":{"line":109,"column":12},"end":{"line":113,"column":13}},{"start":{"line":109,"column":12},"end":{"line":113,"column":13}}],"line":109},"29":{"loc":{"start":{"line":110,"column":16},"end":{"line":112,"column":17}},"type":"if","locations":[{"start":{"line":110,"column":16},"end":{"line":112,"column":17}},{"start":{"line":110,"column":16},"end":{"line":112,"column":17}}],"line":110},"30":{"loc":{"start":{"line":110,"column":20},"end":{"line":110,"column":95}},"type":"binary-expr","locations":[{"start":{"line":110,"column":20},"end":{"line":110,"column":49}},{"start":{"line":110,"column":53},"end":{"line":110,"column":95}}],"line":110},"31":{"loc":{"start":{"line":119,"column":8},"end":{"line":129,"column":9}},"type":"if","locations":[{"start":{"line":119,"column":8},"end":{"line":129,"column":9}},{"start":{"line":119,"column":8},"end":{"line":129,"column":9}}],"line":119},"32":{"loc":{"start":{"line":120,"column":12},"end":{"line":125,"column":13}},"type":"if","locations":[{"start":{"line":120,"column":12},"end":{"line":125,"column":13}},{"start":{"line":120,"column":12},"end":{"line":125,"column":13}}],"line":120},"33":{"loc":{"start":{"line":122,"column":16},"end":{"line":124,"column":17}},"type":"if","locations":[{"start":{"line":122,"column":16},"end":{"line":124,"column":17}},{"start":{"line":122,"column":16},"end":{"line":124,"column":17}}],"line":122},"34":{"loc":{"start":{"line":134,"column":8},"end":{"line":148,"column":9}},"type":"if","locations":[{"start":{"line":134,"column":8},"end":{"line":148,"column":9}},{"start":{"line":134,"column":8},"end":{"line":148,"column":9}}],"line":134},"35":{"loc":{"start":{"line":135,"column":22},"end":{"line":135,"column":64}},"type":"binary-expr","locations":[{"start":{"line":135,"column":22},"end":{"line":135,"column":41}},{"start":{"line":135,"column":45},"end":{"line":135,"column":64}}],"line":135},"36":{"loc":{"start":{"line":136,"column":12},"end":{"line":138,"column":13}},"type":"if","locations":[{"start":{"line":136,"column":12},"end":{"line":138,"column":13}},{"start":{"line":136,"column":12},"end":{"line":138,"column":13}}],"line":136},"37":{"loc":{"start":{"line":137,"column":23},"end":{"line":137,"column":57}},"type":"binary-expr","locations":[{"start":{"line":137,"column":23},"end":{"line":137,"column":30}},{"start":{"line":137,"column":34},"end":{"line":137,"column":57}}],"line":137},"38":{"loc":{"start":{"line":141,"column":13},"end":{"line":148,"column":9}},"type":"if","locations":[{"start":{"line":141,"column":13},"end":{"line":148,"column":9}},{"start":{"line":141,"column":13},"end":{"line":148,"column":9}}],"line":141},"39":{"loc":{"start":{"line":142,"column":12},"end":{"line":147,"column":13}},"type":"if","locations":[{"start":{"line":142,"column":12},"end":{"line":147,"column":13}},{"start":{"line":142,"column":12},"end":{"line":147,"column":13}}],"line":142},"40":{"loc":{"start":{"line":144,"column":30},"end":{"line":144,"column":73}},"type":"binary-expr","locations":[{"start":{"line":144,"column":30},"end":{"line":144,"column":37}},{"start":{"line":144,"column":41},"end":{"line":144,"column":73}}],"line":144},"41":{"loc":{"start":{"line":154,"column":8},"end":{"line":156,"column":9}},"type":"if","locations":[{"start":{"line":154,"column":8},"end":{"line":156,"column":9}},{"start":{"line":154,"column":8},"end":{"line":156,"column":9}}],"line":154},"42":{"loc":{"start":{"line":155,"column":19},"end":{"line":155,"column":70}},"type":"binary-expr","locations":[{"start":{"line":155,"column":19},"end":{"line":155,"column":45}},{"start":{"line":155,"column":49},"end":{"line":155,"column":70}}],"line":155},"43":{"loc":{"start":{"line":163,"column":8},"end":{"line":165,"column":9}},"type":"if","locations":[{"start":{"line":163,"column":8},"end":{"line":165,"column":9}},{"start":{"line":163,"column":8},"end":{"line":165,"column":9}}],"line":163},"44":{"loc":{"start":{"line":164,"column":19},"end":{"line":164,"column":70}},"type":"binary-expr","locations":[{"start":{"line":164,"column":19},"end":{"line":164,"column":45}},{"start":{"line":164,"column":49},"end":{"line":164,"column":70}}],"line":164},"45":{"loc":{"start":{"line":169,"column":15},"end":{"line":169,"column":51}},"type":"binary-expr","locations":[{"start":{"line":169,"column":15},"end":{"line":169,"column":33}},{"start":{"line":169,"column":37},"end":{"line":169,"column":51}}],"line":169},"46":{"loc":{"start":{"line":176,"column":8},"end":{"line":189,"column":9}},"type":"if","locations":[{"start":{"line":176,"column":8},"end":{"line":189,"column":9}},{"start":{"line":176,"column":8},"end":{"line":189,"column":9}}],"line":176},"47":{"loc":{"start":{"line":182,"column":13},"end":{"line":189,"column":9}},"type":"if","locations":[{"start":{"line":182,"column":13},"end":{"line":189,"column":9}},{"start":{"line":182,"column":13},"end":{"line":189,"column":9}}],"line":182},"48":{"loc":{"start":{"line":187,"column":13},"end":{"line":189,"column":9}},"type":"if","locations":[{"start":{"line":187,"column":13},"end":{"line":189,"column":9}},{"start":{"line":187,"column":13},"end":{"line":189,"column":9}}],"line":187},"49":{"loc":{"start":{"line":197,"column":12},"end":{"line":199,"column":13}},"type":"if","locations":[{"start":{"line":197,"column":12},"end":{"line":199,"column":13}},{"start":{"line":197,"column":12},"end":{"line":199,"column":13}}],"line":197},"50":{"loc":{"start":{"line":201,"column":8},"end":{"line":205,"column":9}},"type":"if","locations":[{"start":{"line":201,"column":8},"end":{"line":205,"column":9}},{"start":{"line":201,"column":8},"end":{"line":205,"column":9}}],"line":201},"51":{"loc":{"start":{"line":202,"column":12},"end":{"line":204,"column":13}},"type":"if","locations":[{"start":{"line":202,"column":12},"end":{"line":204,"column":13}},{"start":{"line":202,"column":12},"end":{"line":204,"column":13}}],"line":202},"52":{"loc":{"start":{"line":235,"column":8},"end":{"line":240,"column":9}},"type":"if","locations":[{"start":{"line":235,"column":8},"end":{"line":240,"column":9}},{"start":{"line":235,"column":8},"end":{"line":240,"column":9}}],"line":235},"53":{"loc":{"start":{"line":235,"column":12},"end":{"line":235,"column":68}},"type":"binary-expr","locations":[{"start":{"line":235,"column":12},"end":{"line":235,"column":36}},{"start":{"line":235,"column":40},"end":{"line":235,"column":68}}],"line":235},"54":{"loc":{"start":{"line":239,"column":19},"end":{"line":239,"column":91}},"type":"cond-expr","locations":[{"start":{"line":239,"column":49},"end":{"line":239,"column":50}},{"start":{"line":239,"column":54},"end":{"line":239,"column":90}}],"line":239},"55":{"loc":{"start":{"line":239,"column":54},"end":{"line":239,"column":90}},"type":"cond-expr","locations":[{"start":{"line":239,"column":84},"end":{"line":239,"column":86}},{"start":{"line":239,"column":89},"end":{"line":239,"column":90}}],"line":239}},"s":{"0":1,"1":1,"2":1,"3":112,"4":112,"5":19,"6":19,"7":18,"8":16,"9":23,"10":18,"11":1,"12":23,"13":23,"14":23,"15":23,"16":23,"17":0,"18":23,"19":23,"20":23,"21":23,"22":22,"23":13,"24":9,"25":3,"26":7,"27":14,"28":14,"29":13,"30":9,"31":5,"32":136,"33":134,"34":134,"35":128,"36":15,"37":7,"38":6,"39":8,"40":50,"41":9,"42":26,"43":7,"44":8,"45":22,"46":22,"47":22,"48":20,"49":33,"50":20,"51":2,"52":67,"53":67,"54":67,"55":64,"56":46,"57":21,"58":26,"59":26,"60":26,"61":25,"62":18,"63":8,"64":20,"65":20,"66":19,"67":19,"68":19,"69":1,"70":1,"71":20,"72":260,"73":260,"74":166,"75":166,"76":140,"77":26,"78":94,"79":89,"80":86,"81":152,"82":86,"83":8,"84":730418,"85":730418,"86":730418,"87":730375,"88":43,"89":147,"90":147,"91":147,"92":110,"93":37,"94":140,"95":38,"96":38,"97":38,"98":38,"99":38,"100":5,"101":5,"102":9,"103":33,"104":28,"105":28,"106":28,"107":5,"108":1,"109":38,"110":28,"111":28,"112":28,"113":59,"114":59,"115":46,"116":28,"117":11,"118":11,"119":28,"120":7,"121":7,"122":10,"123":10,"124":7,"125":127,"126":28,"127":28,"128":101,"129":6,"130":20,"131":40,"132":730175,"133":730163,"134":12,"135":1},"f":{"0":112,"1":19,"2":23,"3":23,"4":14,"5":136,"6":22,"7":67,"8":26,"9":20,"10":260,"11":730418,"12":147,"13":140,"14":38,"15":28,"16":7,"17":127,"18":28,"19":101,"20":6,"21":20,"22":40,"23":730175},"b":{"0":[18,1],"1":[16,2],"2":[23,23],"3":[23,0],"4":[23,23],"5":[23,0],"6":[23,0],"7":[23,0],"8":[23,23],"9":[22,1],"10":[13,9],"11":[22,17],"12":[3,6],"13":[9,4],"14":[13,1],"15":[14,14],"16":[9,4],"17":[134,2],"18":[128,6],"19":[15,7,6,8,50,9,26,7],"20":[22,0],"21":[20,2],"22":[33,31],"23":[67,0],"24":[64,3],"25":[46,18],"26":[64,49],"27":[26,0],"28":[25,1],"29":[18,7],"30":[25,20],"31":[19,1],"32":[19,0],"33":[1,18],"34":[166,94],"35":[166,122],"36":[140,26],"37":[140,35],"38":[89,5],"39":[86,3],"40":[152,151],"41":[730375,43],"42":[730375,730268],"43":[110,37],"44":[110,107],"45":[140,69],"46":[5,33],"47":[28,5],"48":[1,4],"49":[46,13],"50":[11,17],"51":[11,0],"52":[730163,12],"53":[730175,12],"54":[0,12],"55":[2,10]},"_coverageSchema":"332fd63041d2c1bcb487cc26dd0d5f7d97098a6c","hash":"8f357d71f0edce19dcab7d1b24f289b6141f3582","contentHash":"44619568eaf63538dcd720f886adafc9_11.3.0"},"/Users/yujinglai/Projects/project_team253/src/controller/InsightFetchHelper.js":{"path":"/Users/yujinglai/Projects/project_team253/src/controller/InsightFetchHelper.js","statementMap":{"0":{"start":{"line":2,"column":0},"end":{"line":2,"column":62}},"1":{"start":{"line":3,"column":15},"end":{"line":3,"column":33}},"2":{"start":{"line":4,"column":11},"end":{"line":4,"column":30}},"3":{"start":{"line":5,"column":18},"end":{"line":5,"column":38}},"4":{"start":{"line":6,"column":18},"end":{"line":6,"column":38}},"5":{"start":{"line":9,"column":8},"end":{"line":9,"column":68}},"6":{"start":{"line":12,"column":25},"end":{"line":12,"column":51}},"7":{"start":{"line":13,"column":24},"end":{"line":13,"column":78}},"8":{"start":{"line":14,"column":18},"end":{"line":14,"column":37}},"9":{"start":{"line":15,"column":23},"end":{"line":15,"column":25}},"10":{"start":{"line":16,"column":8},"end":{"line":29,"column":9}},"11":{"start":{"line":17,"column":29},"end":{"line":17,"column":52}},"12":{"start":{"line":18,"column":12},"end":{"line":18,"column":50}},"13":{"start":{"line":19,"column":12},"end":{"line":19,"column":46}},"14":{"start":{"line":20,"column":12},"end":{"line":20,"column":48}},"15":{"start":{"line":21,"column":12},"end":{"line":21,"column":62}},"16":{"start":{"line":22,"column":12},"end":{"line":22,"column":52}},"17":{"start":{"line":23,"column":12},"end":{"line":23,"column":50}},"18":{"start":{"line":24,"column":12},"end":{"line":24,"column":50}},"19":{"start":{"line":25,"column":12},"end":{"line":25,"column":52}},"20":{"start":{"line":26,"column":12},"end":{"line":26,"column":50}},"21":{"start":{"line":27,"column":12},"end":{"line":27,"column":50}},"22":{"start":{"line":28,"column":12},"end":{"line":28,"column":38}},"23":{"start":{"line":30,"column":25},"end":{"line":30,"column":67}},"24":{"start":{"line":31,"column":8},"end":{"line":31,"column":41}},"25":{"start":{"line":32,"column":8},"end":{"line":32,"column":42}},"26":{"start":{"line":33,"column":8},"end":{"line":33,"column":26}},"27":{"start":{"line":36,"column":8},"end":{"line":38,"column":11}},"28":{"start":{"line":37,"column":12},"end":{"line":37,"column":37}},"29":{"start":{"line":41,"column":8},"end":{"line":41,"column":42}},"30":{"start":{"line":44,"column":8},"end":{"line":46,"column":11}},"31":{"start":{"line":45,"column":12},"end":{"line":45,"column":29}},"32":{"start":{"line":49,"column":8},"end":{"line":51,"column":11}},"33":{"start":{"line":50,"column":12},"end":{"line":50,"column":40}},"34":{"start":{"line":54,"column":22},"end":{"line":54,"column":24}},"35":{"start":{"line":57,"column":8},"end":{"line":76,"column":9}},"36":{"start":{"line":58,"column":23},"end":{"line":58,"column":56}},"37":{"start":{"line":59,"column":25},"end":{"line":61,"column":14}},"38":{"start":{"line":60,"column":16},"end":{"line":60,"column":52}},"39":{"start":{"line":62,"column":12},"end":{"line":62,"column":38}},"40":{"sta
[...]
ine":169,"column":12},"end":{"line":171,"column":13}},"108":{"start":{"line":170,"column":16},"end":{"line":170,"column":46}},"109":{"start":{"line":173,"column":8},"end":{"line":173,"column":23}},"110":{"start":{"line":176,"column":20},"end":{"line":176,"column":40}},"111":{"start":{"line":177,"column":20},"end":{"line":177,"column":31}},"112":{"start":{"line":178,"column":18},"end":{"line":178,"column":62}},"113":{"start":{"line":179,"column":22},"end":{"line":179,"column":24}},"114":{"start":{"line":180,"column":8},"end":{"line":185,"column":9}},"115":{"start":{"line":181,"column":23},"end":{"line":181,"column":44}},"116":{"start":{"line":182,"column":12},"end":{"line":184,"column":13}},"117":{"start":{"line":183,"column":16},"end":{"line":183,"column":46}},"118":{"start":{"line":186,"column":8},"end":{"line":186,"column":23}},"119":{"start":{"line":189,"column":0},"end":{"line":189,"column":37}}},"fnMap":{"0":{"name":"(anonymous_0)","decl":{"start":{"line":8,"column":4},"end":{"line":8,"column":5}},"loc":{"start":{"line":8,"column":18},"end":{"line":10,"column":5}},"line":8},"1":{"name":"(anonymous_1)","decl":{"start":{"line":11,"column":4},"end":{"line":11,"column":5}},"loc":{"start":{"line":11,"column":26},"end":{"line":34,"column":5}},"line":11},"2":{"name":"(anonymous_2)","decl":{"start":{"line":35,"column":4},"end":{"line":35,"column":5}},"loc":{"start":{"line":35,"column":27},"end":{"line":39,"column":5}},"line":35},"3":{"name":"(anonymous_3)","decl":{"start":{"line":36,"column":24},"end":{"line":36,"column":25}},"loc":{"start":{"line":36,"column":35},"end":{"line":38,"column":9}},"line":36},"4":{"name":"(anonymous_4)","decl":{"start":{"line":40,"column":4},"end":{"line":40,"column":5}},"loc":{"start":{"line":40,"column":23},"end":{"line":42,"column":5}},"line":40},"5":{"name":"(anonymous_5)","decl":{"start":{"line":43,"column":4},"end":{"line":43,"column":5}},"loc":{"start":{"line":43,"column":37},"end":{"line":47,"column":5}},"line":43},"6":{"name":"(anonymous_6)","decl":{"start":{"line":44,"column":27},"end":{"line":44,"column":28}},"loc":{"start":{"line":44,"column":34},"end":{"line":46,"column":9}},"line":44},"7":{"name":"(anonymous_7)","decl":{"start":{"line":48,"column":4},"end":{"line":48,"column":5}},"loc":{"start":{"line":48,"column":38},"end":{"line":52,"column":5}},"line":48},"8":{"name":"(anonymous_8)","decl":{"start":{"line":49,"column":29},"end":{"line":49,"column":30}},"loc":{"start":{"line":49,"column":36},"end":{"line":51,"column":9}},"line":49},"9":{"name":"(anonymous_9)","decl":{"start":{"line":53,"column":4},"end":{"line":53,"column":5}},"loc":{"start":{"line":53,"column":57},"end":{"line":78,"column":5}},"line":53},"10":{"name":"(anonymous_10)","decl":{"start":{"line":59,"column":47},"end":{"line":59,"column":48}},"loc":{"start":{"line":59,"column":54},"end":{"line":61,"column":13}},"line":59},"11":{"name":"(anonymous_11)","decl":{"start":{"line":79,"column":4},"end":{"line":79,"column":5}},"loc":{"start":{"line":79,"column":20},"end":{"line":82,"column":5}},"line":79},"12":{"name":"(anonymous_12)","decl":{"start":{"line":83,"column":4},"end":{"line":83,"column":5}},"loc":{"start":{"line":83,"column":35},"end":{"line":101,"column":5}},"line":83},"13":{"name":"(anonymous_13)","decl":{"start":{"line":102,"column":4},"end":{"line":102,"column":5}},"loc":{"start":{"line":102,"column":31},"end":{"line":138,"column":5}},"line":102},"14":{"name":"(anonymous_14)","decl":{"start":{"line":139,"column":4},"end":{"line":139,"column":5}},"loc":{"start":{"line":139,"column":32},"end":{"line":150,"column":5}},"line":139},"15":{"name":"(anonymous_15)","decl":{"start":{"line":151,"column":4},"end":{"line":151,"column":5}},"loc":{"start":{"line":151,"column":32},"end":{"line":162,"column":5}},"line":151},"16":{"name":"(anonymous_16)","decl":{"start":{"line":163,"column":4},"end":{"line":163,"column":5}},"loc":{"start":{"line":163,"column":32},"end":{"line":174,"column":5}},"line":163},"17":{"name":"(anonymous_17)","decl":{"start":{"line":175,"column":4},"end":{"line":175,"column":5}},"loc":{"start":{"line":175,"column":32},"end":{"line":187,"column":5}},"line":175}},"branchMap":{"0":{"loc":{"start":{"line":64,"column":16},"end":{"line":67,"column":17}},"type":"if","locations":[{"start":{"line":64,"column":16},"end":{"line":67,"column":17}},{"start":{"line":64,"column":16},"end":{"line":67,"column":17}}],"line":64},"1":{"loc":{"start":{"line":71,"column":16},"end":{"line":73,"column":17}},"type":"if","locations":[{"start":{"line":71,"column":16},"end":{"line":73,"column":17}},{"start":{"line":71,"column":16},"end":{"line":73,"column":17}}],"line":71},"2":{"loc":{"start":{"line":87,"column":12},"end":{"line":89,"column":13}},"type":"if","locations":[{"start":{"line":87,"column":12},"end":{"line":89,"column":13}},{"start":{"line":87,"column":12},"end":{"line":89,"column":13}}],"line":87},"3":{"loc":{"start":{"line":91,"column":8},"end":{"line":99,"column":9}},"type":"if","locations":[{"start":{"line":91,"column":8},"end":{"line":99,"column":9}},{"start":{"line":91,"column":8},"end":{"line":99,"column":9}}],"line":91},"4":{"loc":{"start":{"line":106,"column":8},"end":{"line":137,"column":9}},"type":"switch","locations":[{"start":{"line":107,"column":12},"end":{"line":113,"column":31}},{"start":{"line":114,"column":12},"end":{"line":119,"column":31}},{"start":{"line":120,"column":12},"end":{"line":122,"column":82}},{"start":{"line":123,"column":12},"end":{"line":125,"column":56}},{"start":{"line":126,"column":12},"end":{"line":128,"column":56}},{"start":{"line":129,"column":12},"end":{"line":131,"column":56}},{"start":{"line":132,"column":12},"end":{"line":134,"column":56}},{"start":{"line":135,"column":12},"end":{"line":136,"column":26}}],"line":106},"5":{"loc":{"start":{"line":145,"column":12},"end":{"line":147,"column":13}},"type":"if","locations":[{"start":{"line":145,"column":12},"end":{"line":147,"column":13}},{"start":{"line":145,"column":12},"end":{"line":147,"column":13}}],"line":145},"6":{"loc":{"start":{"line":157,"column":12},"end":{"line":159,"column":13}},"type":"if","locations":[{"start":{"line":157,"column":12},"end":{"line":159,"column":13}},{"start":{"line":157,"column":12},"end":{"line":159,"column":13}}],"line":157},"7":{"loc":{"start":{"line":169,"column":12},"end":{"line":171,"column":13}},"type":"if","locations":[{"start":{"line":169,"column":12},"end":{"line":171,"column":13}},{"start":{"line":169,"column":12},"end":{"line":171,"column":13}}],"line":169},"8":{"loc":{"start":{"line":182,"column":12},"end":{"line":184,"column":13}},"type":"if","locations":[{"start":{"line":182,"column":12},"end":{"line":184,"column":13}},{"start":{"line":182,"column":12},"end":{"line":184,"column":13}}],"line":182}},"s":{"0":1,"1":1,"2":1,"3":1,"4":1,"5":224,"6":0,"7":0,"8":0,"9":0,"10":0,"11":0,"12":0,"13":0,"14":0,"15":0,"16":0,"17":0,"18":0,"19":0,"20":0,"21":0,"22":0,"23":0,"24":0,"25":0,"26":0,"27":4,"28":132351,"29":3,"30":19,"31":67209,"32":1,"33":64612,"34":19,"35":19,"36":66103,"37":66103,"38":663563,"39":66103,"40":66103,"41":663563,"42":132229,"43":132229,"44":66103,"45":132461,"46":132461,"47":230,"48":66103,"49":19,"50":9,"51":9,"52":25,"53":25,"54":25,"55":25,"56":19,"57":25,"58":6,"59":6,"60":0,"61":6,"62":25,"63":26,"64":26,"65":26,"66":2,"67":2,"68":2,"69":4,"70":2,"71":2,"72":2,"73":3,"74":2,"75":1,"76":1,"77":1,"78":1,"79":9,"80":9,"81":2,"82":2,"83":9,"84":9,"85":0,"86":1,"87":1,"88":1,"89":1,"90":64612,"91":64612,"92":64585,"93":1,"94":9,"95":9,"96":9,"97":9,"98":581508,"99":581508,"100":3280,"101":9,"102":2,"103":2,"104":2,"105":2,"106":129224,"107":129224,"108":43,"109":2,"110":9,"111":9,"112":9,"113":9,"114":9,"115":581508,"116":581508,"117":2591,"118":9,"119":1},"f":{"0":224,"1":0,"2":4,"3":132351,"4":3,"5":19,"6":67209,"7":1,"8":64612,"9":19,"10":663563,"11":9,"12":25,"13":26,"14":1,"15":9,"16":2,"17":9},"b":{"0":[132229,531334],"1":[230,132231],"2":[19,6],"3":[6,19],"4":[2,2,1,1,9,2,9,0],"5":[64585,27],"6":[3280,578228],"7":[43,129181],"8":[2591,578917]},"_coverageSchema":"332fd63041d2c1bcb487cc26dd0d5f7d97098a6c","hash":"24225fbc7c2faad9254354a624aec4103f62628f","contentHash":"fac9b2457b5e7757d00acc392a9895bb_11.3.0"},"/Users/yujinglai/Projects/project_team253/src/controller/InsightTransformHelper.js":{"path":"/Users/yujinglai/Projects/project_team253/src/controller/InsightTransformHelper.js","statementMap":{"0":{"start":{"line":2,"column":0},"end":{"line":2,"column":62}},"1":{"start":{"line":3,"column":15},"end":{"line":3,"column":33}},"2":{"start":{"line":4,"column":21},"end":{"line":4,"column":42}},"3":{"start":{"line":7,"column":8},"end":{"line":7,"column":72}},"4":{"start":{"line":10,"column":26},"end":{"line":12,"column":10}},"5":{"start":{"line":11,"column":12},"end":{"line":11,"column":35}},"6":{"start":{"line":13,"column":28},"end":{"line":21,"column":10}},"7":{"start":{"line":14,"column":24},"end":{"line":14,"column":26}},"8":{"start":{"line":15,"column":12},"end":{"line":19,"column":13}},"9":{"start":{"line":16,"column":26},"end":{"line":16,"column":40}},"10":{"start":{"line":17,"column":27},"end":{"line":17,"column":36}},"11":{"start":{"line":18,"column":16},"end":{"line":18,"column":48}},"12":{"start":{"line":20,"column":12},"end":{"line":20,"column":25}},"13":{"start":{"line":22,"column":32},"end":{"line":22,"column":78}},"14":{"start":{"line":23,"column":8},"end":{"line":23,"column":64}},"15":{"start":{"line":24,"column":8},"end":{"line":24,"column":33}},"16":{"start":{"line":27,"column":8},"end":{"line":51,"column":9}},"17":{"start":{"line":28,"column":24},"end":{"line":28,"column":33}},"18":{"start":{"line":29,"column":27},"end":{"line":29,"column":48}},"19":{"start":{"line":30,"column":12},"end":{"line":30,"column":36}},"20":{"start":{"line":31,"column":29},"end":{"line":31,"column":50}},"21":{"start":{"line":32,"column":22},"end":{"line":32,"column":39}},"22":{"start":{"line":33,"column":12},"end":{"line":33,"column":36}},"23":{"start":{"line":34,"column":12},"end":{"line":50,"column":13}},"24":{"start":{"line":36,"column":20},"end":{"line":36,"column":68}},"25":{"start":{"line":37,"column":20},"end":{"line":37,"column":26}},"26":{"start":{"line":39,"column":20},"end":{"line":39,"column":66}},"27":{"start":{"line":40,"column":20},"end":{"line":40,"column":26}},"28":{"start":{"line":42,"column":20},"end":{"line":42,"column":66}},"29":{"start":{"line":43,"column":20},"end":{"line":43,"column":26}},"30":{"start":{"line":45,"column":20},"end":{"line":45,"column":66}},"31":{"start":{"line":46,"column":20},"end":{"line":46,"column":26}},"32":{"start":{"line":48,"column":20},"end":{"line":48,"column":66}},"33":{"start":{"line":49,"column":20},"end":{"line":49,"column":26}},"34":{"start":{"line":52,"column":8},"end":{"line":52,"column":22}},"35":{"start":{"line":55,"column":27},"end":{"line":55,"column":29}},"36":{"start":{"line":56,"column":8},"end":{"line":58,"column":9}},"37":{"start":{"line":57,"column":12},"end":{"line":57,"column":61}},"38":{"start":{"line":59,"column":8},"end":{"line":59,"column":28}},"39":{"start":{"line":62,"column":8},"end":{"line":64,"column":11}},"40":{"start":{"line":63,"column":12},"end":{"line":63,"column":38}},"41":{"start":{"line":65,"column":21},"end":{"line":65,"column":42}},"42":{"start":{"line":66,"column":8},"end":{"line":66,"column":34}},"43":{"start":{"line":69,"column":8},"end":{"line":75,"column":9}},"44":{"start":{"line":70,"column":24},"end":{"line":70,"column":33}},"45":{"start":{"line":71,"column":22},"end":{"line":73,"column":15}},"46":{"start":{"line":72,"column":16},"end":{"line":72,"column":43}},"47":{"start":{"line":74,"column":12},"end":{"line":74,"column":67}},"48":{"start":{"line":76,"column":8},"end":{"line":76,"column":22}},"49":{"start":{"line":79,"column":8},"end":{"line":85,"column":9}},"50":{"start":{"line":80,"column":24},"end":{"line":80,"column":33}},"51":{"start":{"line":81,"column":22},"end":{"line":83,"column":15}},"52":{"start":{"line":82,"column":16},"end":{"line":82,"column":43}},"53":{"start":{"line":84,"column":12},"end":{"line":84,"column":67}},"54":{"start":{"line":86,"column":8},"end":{"line":86,"column":22}},"55":{"start":{"line":89,"column":8},"end":{"line":95,"column":9}},"56":{"start":{"line":90,"column":24},"end":{"line":90,"column":33}},"57":{"start":{"line":91,"column":28},"end":{"line":93,"column":14}},"58":{"start":{"line":92,"column":16},"end":{"line":92,"column":35}},"59":{"start":{"line":94,"column":12},"end":{"line":94,"column":91}},"60":{"start":{"line":96,"column":8},"end":{"line":96,"column":22}},"61":{"start":{"line":99,"column":8},"end":{"line":99,"column":35}},"62":{"start":{"line":102,"column":8},"end":{"line":108,"column":9}},"63":{"start":{"line":103,"column":24},"end":{"line":103,"column":33}},"64":{"start":{"line":104,"column":24},"end":{"line":106,"column":17}},"65":{"start":{"line":105,"column":16},"end":{"line":105,"column":39}},"66":{"start":{"line":107,"column":12},"end":{"line":107,"column":88}},"67":{"start":{"line":109,"column":8},"end":{"line":109,"column":22}},"68":{"start":{"line":112,"column":8},"end":{"line":121,"column":9}},"69":{"start":{"line":113,"column":24},"end":{"line":113,"column":33}},"70":{"start":{"line":114,"column":24},"end":{"line":118,"column":17}},"71":{"start":{"line":115,"column":31},"end":{"line":115,"column":58}},"72":{"start":{"line":116,"column":31},"end":{"line":116,"column":68}},"73":{"start":{"line":117,"column":16},"end":{"line":117,"column":46}},"74":{"start":{"line":119,"column":24},"end":{"line":119,"column":55}},"75":{"start":{"line":120,"column":12},"end":{"line":120,"column":86}},"76":{"start":{"line":122,"column":8},"end":{"line":122,"column":22}},"77":{"start":{"line":125,"column":21},"end":{"line":125,"column":23}},"78":{"start":{"line":126,"column":8},"end":{"line":130,"column":11}},"79":{"start":{"line":127,"column":24},"end":{"line":127,"column":44}},"80":{"start":{"line":128,"column":12},"end":{"line":128,"column":48}},"81":{"start":{"line":129,"column":12},"end":{"line":129,"column":34}},"82":{"start":{"line":131,"column":8},"end":{"line":133,"column":11}},"83":{"start":{"line":132,"column":12},"end":{"line":132,"column":33}},"84":{"start":{"line":136,"column":0},"end":{"line":136,"column":41}}},"fnMap":{"0":{"name":"(anonymous_0)","decl":{"start":{"line":6,"column":4},"end":{"line":6,"column":5}},"loc":{"start":{"line":6,"column":18},"end":{"line":8,"column":5}},"line":6},"1":{"name":"(anonymous_1)","decl":{"start":{"line":9,"column":4},"end":{"line":9,"column":5}},"loc":{"start":{"line":9,"column":34},"end":{"line":25,"column":5}},"line":9},"2":{"name":"(anonymous_2)","decl":{"start":{"line":10,"column":45},"end":{"line":10,"column":46}},"loc":{"start":{"line":10,"column":52},"end":{"line":12,"column":9}},"line":10},"3":{"name":"(anonymous_3)","decl":{"start":{"line":13,"column":49},"end":{"line":13,"column":50}},"loc":{"start":{"line":13,"column":59},"end":{"line":21,"column":9}},"line":13},"4":{"name":"(anonymous_4)","decl":{"start":{"line":26,"column":4},"end":{"line":26,"column":5}},"loc":{"start":{"line":26,"column":31},"end":{"line":53,"column":5}},"line":26},"5":{"name":"(anonymous_5)","decl":{"start":{"line":54,"column":4},"end":{"line":54,"column":5}},"loc":{"start":{"line":54,"column":24},"end":{"line":60,"column":5}},"line":54},"6":{"name":"(anonymous_6)","decl":{"start":{"line":61,"column":4},"end":{"line":61,"column":5}},"loc":{"start":{"line":61,"column":41},"end":{"line":67,"column":5}},"line":61},"7":{"name":"(anonymous_7)","decl":{"start":{"line":62,"column":22},"end":{"line":62,"column":23}},"loc":{"start":{"line":62,"column":29},"end":{"line":64,"column":9}},"line":62},"8":{"name":"(anonymous_8)","decl":{"start":{"line":68,"column":4},"end":{"line":68,"column":5}},"loc":{"start":{"line":68,"column":36},"end":{"line":77,"column":5}},"line":68},"9":{"name":"(anonymous_9)","decl":{"start":{"line":71,"column":53},"end":{"line":71,"column":54}},"loc":{"start":{"line":71,"column":60},"end":{"line":73,"column":13}},"line":71},"10":{"name":"(anonymous_10)","decl":{"start":{"line":78,"column":4},"end":{"line":78,"column":5}},"loc":{"start":{"line":78,"column":36},"end":{"line":87,"column":5}},"line":78},"11":{"name":"(anonymous_11)","decl":{"start":{"line":81,"column":53},"end":{"line":81,"column":54}},"loc":{"start":{"line":81,"column":60},"end":{"line":83,"column":13}},"line":81},"12":{"name":"(anonymous_12)","decl":{"start":{"line":88,"column":4},"end":{"line":88,"column":5}},"loc":{"start":{"line":88,"column":38},"end":{"line":97,"column":5}},"line":88},"13":{"name":"(anonymous_13)","decl":{"start":{"line":91,"column":38},"end":{"line":91,"column":39}},"loc":{"start":{"line":91,"column":45},"end":{"line":93,"column":13}},"line":91},"14":{"name":"(anonymous_14)","decl":{"start":{"line":98,"column":4},"end":{"line":98,"column":5}},"loc":{"start":{"line":98,"column":23},"end":{"line":100,"column":5}},"line":98},"15":{"name":"(anonymous_15)","decl":{"start":{"line":101,"column":4},"end":{"line":101,"column":5}},"loc":{"start":{"line":101,"column":36},"end":{"line":110,"column":5}},"line":101},"16":{"name":"(anonymous_16)","decl":{"start":{"line":104,"column":37},"end":{"line":104,"column":38}},"loc":{"start":{"line":104,"column":47},"end":{"line":106,"column":13}},"line":104},"17":{"name":"(anonymous_17)","decl":{"start":{"line":111,"column":4},"end":{"line":111,"column":5}},"loc":{"start":{"line":111,"column":36},"end":{"line":123,"column":5}},"line":111},"18":{"name":"(anonymous_18)","decl":{"start":{"line":114,"column":37},"end":{"line":114,"column":38}},"loc":{"start":{"line":114,"column":47},"end":{"line":118,"column":13}},"line":114},"19":{"name":"(anonymous_19)","decl":{"start":{"line":124,"column":4},"end":{"line":124,"column":5}},"loc":{"start":{"line":124,"column":23},"end":{"line":134,"column":5}},"line":124},"20":{"name":"(anonymous_20)","decl":{"start":{"line":126,"column":23},"end":{"line":126,"column":24}},"loc":{"start":{"line":126,"column":30},"end":{"line":130,"column":9}},"line":126},"21":{"name":"(anonymous_21)","decl":{"start":{"line":131,"column":39},"end":{"line":131,"column":40}},"loc":{"start":{"line":131,"column":50},"end":{"line":133,"column":9}},"line":131}},"branchMap":{"0":{"loc":{"start":{"line":34,"column":12},"end":{"line":50,"column":13}},"type":"switch","locations":[{"start":{"line":35,"column":16},"end":{"line":37,"column":26}},{"start":{"line":38,"column":16},"end":{"line":40,"column":26}},{"start":{"line":41,"column":16},"end":{"line":43,"column":26}},{"start":{"line":44,"column":16},"end":{"line":46,"column":26}},{"start":{"line":47,"column":16},"end":{"line":49,"column":26}}],"line":34},"1":{"loc":{"start":{"line":128,"column":28},"end":{"line":128,"column":47}},"type":"binary-expr","locations":[{"start":{"line":128,"column":28},"end":{"line":128,"column":41}},{"start":{"line":128,"column":45},"end":{"line":128,"column":47}}],"line":128}},"s":{"0":1,"1":1,"2":1,"3":112,"4":4,"5":5,"6":4,"7":1186,"8":1186,"9":2297,"10":2297,"11":2297,"12":1186,"13":4,"14":4,"15":4,"16":4,"17":6,"18":6,"19":6,"20":6,"21":6,"22":6,"23":6,"24":2,"25":2,"26":1,"27":1,"28":1,"29":1,"30":1,"31":1,"32":1,"33":1,"34":4,"35":4,"36":4,"37":80,"38":4,"39":230,"40":4494,"41":230,"42":230,"43":1,"44":53,"45":53,"46":1111,"47":53,"48":1,"49":1,"50":53,"51":53,"52":1111,"53":53,"54":1,"55":2,"56":62,"57":62,"58":1136,"59":62,"60":2,"61":62,"62":1,"63":53,"64":53,"65":1111,"66":53,"67":1,"68":1,"69":9,"70":9,"71":25,"72":25,"73":25,"74":9,"75":9,"76":1,"77":4,"78":4,"79":1186,"80":1186,"81":1186,"82":4,"83":80,"84":1},"f":{"0":112,"1":4,"2":5,"3":1186,"4":4,"5":4,"6":230,"7":4494,"8":1,"9":1111,"10":1,"11":1111,"12":2,"13":1136,"14":62,"15":1,"16":1111,"17":1,"18":25,"19":4,"20":1186,"21":80},"b":{"0":[2,1,1,1,1],"1":[1186,80]},"_coverageSchema":"332fd63041d2c1bcb487cc26dd0d5f7d97098a6c","hash":"57b862c9cadc3adfcf6c5f24d57b387d6eafdc78","contentHash":"76dcf459f782d8206020da125290340c_11.3.0"}}