{"/Users/yujinglai/Projects/project_team253/src/rest/Server.js":{"path":"/Users/yujinglai/Projects/project_team253/src/rest/Server.js","statementMap":{"0":{"start":{"line":2,"column":0},"end":{"line":2,"column":62}},"1":{"start":{"line":3,"column":11},"end":{"line":3,"column":24}},"2":{"start":{"line":4,"column":16},"end":{"line":4,"column":34}},"3":{"start":{"line":5,"column":15},"end":{"line":5,"column":33}},"4":{"start":{"line":6,"column":25},"end":{"line":6,"column":64}},"5":{"start":{"line":7,"column":25},"end":{"line":7,"column":64}},"6":{"start":{"line":8,"column":24},"end":{"line":8,"column":62}},"7":{"start":{"line":11,"column":8},"end":{"line":11,"column":62}},"8":{"start":{"line":12,"column":8},"end":{"line":12,"column":25}},"9":{"start":{"line":13,"column":8},"end":{"line":13,"column":59}},"10":{"start":{"line":16,"column":8},"end":{"line":16,"column":47}},"11":{"start":{"line":17,"column":21},"end":{"line":17,"column":25}},"12":{"start":{"line":18,"column":8},"end":{"line":22,"column":11}},"13":{"start":{"line":19,"column":12},"end":{"line":21,"column":15}},"14":{"start":{"line":20,"column":16},"end":{"line":20,"column":30}},"15":{"start":{"line":25,"column":21},"end":{"line":25,"column":25}},"16":{"start":{"line":26,"column":8},"end":{"line":72,"column":11}},"17":{"start":{"line":27,"column":12},"end":{"line":71,"column":13}},"18":{"start":{"line":28,"column":16},"end":{"line":28,"column":63}},"19":{"start":{"line":29,"column":16},"end":{"line":31,"column":19}},"20":{"start":{"line":32,"column":16},"end":{"line":32,"column":87}},"21":{"start":{"line":33,"column":16},"end":{"line":37,"column":19}},"22":{"start":{"line":34,"column":20},"end":{"line":34,"column":67}},"23":{"start":{"line":35,"column":20},"end":{"line":35,"column":83}},"24":{"start":{"line":36,"column":20},"end":{"line":36,"column":34}},"25":{"start":{"line":38,"column":16},"end":{"line":42,"column":19}},"26":{"start":{"line":39,"column":20},"end":{"line":41,"column":23}},"27":{"start":{"line":40,"column":24},"end":{"line":40,"column":38}},"28":{"start":{"line":43,"column":16},"end":{"line":47,"column":19}},"29":{"start":{"line":44,"column":20},"end":{"line":46,"column":23}},"30":{"start":{"line":45,"column":24},"end":{"line":45,"column":38}},"31":{"start":{"line":48,"column":16},"end":{"line":52,"column":19}},"32":{"start":{"line":49,"column":20},"end":{"line":51,"column":23}},"33":{"start":{"line":50,"column":24},"end":{"line":50,"column":38}},"34":{"start":{"line":53,"column":16},"end":{"line":57,"column":19}},"35":{"start":{"line":54,"column":20},"end":{"line":56,"column":23}},"36":{"start":{"line":55,"column":24},"end":{"line":55,"column":38}},"37":{"start":{"line":58,"column":16},"end":{"line":58,"column":55}},"38":{"start":{"line":59,"column":16},"end":{"line":62,"column":19}},"39":{"start":{"line":60,"column":20},"end":{"line":60,"column":97}},"40":{"start":{"line":61,"column":20},"end":{"line":61,"column":34}},"41":{"start":{"line":63,"column":16},"end":{"line":66,"column":19}},"42":{"start":{"line":64,"column":20},"end":{"line":64,"column":83}},"43":{"start":{"line":65,"column":20},"end":{"line":65,"column":32}},"44":{"start":{"line":69,"column":16},"end":{"line":69,"column":72}},"45":{"start":{"line":70,"column":16},"end":{"line":70,"column":28}},"46":{"start":{"line":75,"column":24},"end":{"line":75,"column":51}},"47":{"start":{"line":76,"column":26},"end":{"line":76,"column":39}},"48":{"start":{"line":78,"column":8},"end":{"line":86,"column":9}},"49":{"start":{"line":79,"column":12},"end":{"line":79,"column":70}},"50":{"start":{"line":81,"column":13},"end":{"line":86,"column":9}},"51":{"start":{"line":82,"column":12},"end":{"line":82,"column":68}},"52":{"start":{"line":85,"column":12},"end":{"line":85,"column":31}},"53":{"start":{"line":87,"column":8},"end":{"line":95,"column":11}},"54":{"start":{"line":88,"column":12},"end":{"line":90,"column":15}},"55":{"start":{"line":92,"column":12},"end":{"line":94,"column":15}},"56":{"start":{"line":98,"column":8},"end":{"line":113,"column":11}},"57":{"start":{"line":99,"column":12},"end":{"line":101,"column":15}},"58":{"start":{"line":103,"column":12},"end":{"line":112,"column":13}},"59":{"start":{"line":104,"column":16},"end":{"line":106,"column":19}},"60":{"start":{"line":109,"column":16},"end":{"line":111,"column":19}},"61":{"start":{"line":116,"column":8},"end":{"line":124,"column":11}},"62":{"start":{"line":117,"column":12},"end":{"line":119,"column":15}},"63":{"start":{"line":121,"column":12},"end":{"line":123,"column":15}},"64":{"start":{"line":127,"column":8},"end":{"line":135,"column":11}},"65":{"start":{"line":128,"column":12},"end":{"line":130,"column":15}},"66":{"start":{"line":132,"column":12},"end":{"line":134,"column":15}},"67":{"start":{"line":138,"column":8},"end":{"line":138,"column":89}},"68":{"start":{"line":139,"column":8},"end":{"line":147,"column":9}},"69":{"start":{"line":140,"column":29},"end":{"line":140,"column":63}},"70":{"start":{"line":141,"column":12},"end":{"line":141,"column":72}},"71":{"start":{"line":142,"column":12},"end":{"line":142,"column":48}},"72":{"start":{"line":145,"column":12},"end":{"line":145,"column":70}},"73":{"start":{"line":146,"column":12},"end":{"line":146,"column":42}},"74":{"start":{"line":148,"column":8},"end":{"line":148,"column":22}},"75":{"start":{"line":151,"column":8},"end":{"line":156,"column":9}},"76":{"start":{"line":152,"column":12},"end":{"line":152,"column":37}},"77":{"start":{"line":155,"column":12},"end":{"line":155,"column":42}},"78":{"start":{"line":159,"column":26},"end":{"line":159,"column":44}},"79":{"start":{"line":160,"column":8},"end":{"line":160,"column":67}},"80":{"start":{"line":161,"column":19},"end":{"line":161,"column":43}},"81":{"start":{"line":162,"column":8},"end":{"line":164,"column":9}},"82":{"start":{"line":163,"column":12},"end":{"line":163,"column":56}},"83":{"start":{"line":165,"column":8},"end":{"line":174,"column":11}},"84":{"start":{"line":166,"column":12},"end":{"line":170,"column":13}},"85":{"start":{"line":167,"column":16},"end":{"line":167,"column":30}},"86":{"start":{"line":168,"column":16},"end":{"line":168,"column":58}},"87":{"start":{"line":169,"column":16},"end":{"line":169,"column":30}},"88":{"start":{"line":171,"column":12},"end":{"line":171,"column":28}},"89":{"start":{"line":172,"column":12},"end":{"line":172,"column":22}},"90":{"start":{"line":173,"column":12},"end":{"line":173,"column":26}},"91":{"start":{"line":177,"column":0},"end":{"line":177,"column":25}}},"fnMap":{"0":{"name":"(anonymous_0)","decl":{"start":{"line":10,"column":4},"end":{"line":10,"column":5}},"loc":{"start":{"line":10,"column":22},"end":{"line":14,"column":5}},"line":10},"1":{"name":"(anonymous_1)","decl":{"start":{"line":15,"column":4},"end":{"line":15,"column":5}},"loc":{"start":{"line":15,"column":11},"end":{"line":23,"column":5}},"line":15},"2":{"name":"(anonymous_2)","decl":{"start":{"line":18,"column":27},"end":{"line":18,"column":28}},"loc":{"start":{"line":18,"column":46},"end":{"line":22,"column":9}},"line":18},"3":{"name":"(anonymous_3)","decl":{"start":{"line":19,"column":28},"end":{"line":19,"column":29}},"loc":{"start":{"line":19,"column":40},"end":{"line":21,"column":13}},"line":19},"4":{"name":"(anonymous_4)","decl":{"start":{"line":24,"column":4},"end":{"line":24,"column":5}},"loc":{"start":{"line":24,"column":12},"end":{"line":73,"column":5}},"line":24},"5":{"name":"(anonymous_5)","decl":{"start":{"line":26,"column":27},"end":{"line":26,"column":28}},"loc":{"start":{"line":26,"column":54},"end":{"line":72,"column":9}},"line":26},"6":{"name":"crossOrigin","decl":{"start":{"line":33,"column":39},"end":{"line":33,"column":50}},"loc":{"start":{"line":33,"column":67},"end":{"line":37,"column":17}},"line":33},"7":{"name":"(anonymous_7)","decl":{"start":{"line":38,"column":52},"end":{"line":38,"column":53}},"loc":{"start":{"line":38,"column":72},"end":{"line":42,"column":17}},"line":38},"8":{"name":"(anonymous_8)","decl":{"start":{"line":39,"column":57},"end":{"line":39,"column":58}},"loc":{"start":{"line":39,"column":64},"end":{"line":41,"column":21}},"line":39},"9":{"name":"(anonymous_9)","decl":{"start":{"line":43,"column":46},"end":{"line":43,"column":47}},"loc":{"start":{"line":43,"column":66},"end":{"line":47,"column":17}},"line":43},"10":{"name":"(anonymous_10)","decl":{"start":{"line":44,"column":57},"end":{"line":44,"column":58}},"loc":{"start":{"line":44,"column":64},"end":{"line":46,"column":21}},"line":44},"11":{"name":"(anonymous_11)","decl":{"start":{"line":48,"column":41},"end":{"line":48,"column":42}},"loc":{"start":{"line":48,"column":61},"end":{"line":52,"column":17}},"line":48},"12":{"name":"(anonymous_12)","decl":{"start":{"line":49,"column":58},"end":{"line":49,"column":59}},"loc":{"start":{"line":49,"column":65},"end":{"line":51,"column":21}},"line":49},"13":{"name":"(anonymous_13)","decl":{"start":{"line":53,"column":43},"end":{"line":53,"column":44}},"loc":{"start":{"line":53,"column":63},"end":{"line":57,"column":17}},"line":53},"14":{"name":"(anonymous_14)","decl":{"start":{"line":54,"column":57},"end":{"line":54,"column":58}},"loc":{"start":{"line":54,"column":64},"end":{"line":56,"column":21}},"line":54},"15":{"name":"(anonymous_15)","decl":{"start":{"line":59,"column":44},"end":{"line":59,"column":45}},"loc":{"start":{"line":59,"column":56},"end":{"line":62,"column":17}},"line":59},"16":{"name":"(anonymous_16)","decl":{"start":{"line":63,"column":38},"end":{"line":63,"column":39}},"loc":{"start":{"line":63,"column":53},"end":{"line":66,"column":17}},"line":63},"17":{"name":"(anonymous_17)","decl":{"start":{"line":74,"column":4},"end":{"line":74,"column":5}},"loc":{"start":{"line":74,"column":31},"end":{"line":96,"column":5}},"line":74},"18":{"name":"(anonymous_18)","decl":{"start":{"line":87,"column":83},"end":{"line":87,"column":84}},"loc":{"start":{"line":87,"column":92},"end":{"line":91,"column":9}},"line":87},"19":{"name":"(anonymous_19)","decl":{"start":{"line":91,"column":17},"end":{"line":91,"column":18}},"loc":{"start":{"line":91,"column":26},"end":{"line":95,"column":9}},"line":91},"20":{"name":"(anonymous_20)","decl":{"start":{"line":97,"column":4},"end":{"line":97,"column":5}},"loc":{"start":{"line":97,"column":31},"end":{"line":114,"column":5}},"line":97},"21":{"name":"(anonymous_21)","decl":{"start":{"line":98,"column":68},"end":{"line":98,"column":69}},"loc":{"start":{"line":98,"column":77},"end":{"line":102,"column":9}},"line":98},"22":{"name":"(anonymous_22)","decl":{"start":{"line":102,"column":17},"end":{"line":102,"column":18}},"loc":{"start":{"line":102,"column":26},"end":{"line":113,"column":9}},"line":102},"23":{"name":"(anonymous_23)","decl":{"start":{"line":115,"column":4},"end":{"line":115,"column":5}},"loc":{"start":{"line":115,"column":32},"end":{"line":125,"column":5}},"line":115},"24":{"name":"(anonymous_24)","decl":{"start":{"line":116,"column":62},"end":{"line":116,"column":63}},"loc":{"start":{"line":116,"column":71},"end":{"line":120,"column":9}},"line":116},"25":{"name":"(anonymous_25)","decl":{"start":{"line":120,"column":17},"end":{"line":120,"column":18}},"loc":{"start":{"line":120,"column":26},"end":{"line":124,"column":9}},"line":120},"26":{"name":"(anonymous_26)","decl":{"start":{"line":126,"column":4},"end":{"line":126,"column":5}},"loc":{"start":{"line":126,"column":31},"end":{"line":136,"column":5}},"line":126},"27":{"name":"(anonymous_27)","decl":{"start":{"line":127,"column":54},"end":{"line":127,"column":55}},"loc":{"start":{"line":127,"column":63},"end":{"line":131,"column":9}},"line":127},"28":{"name":"(anonymous_28)","decl":{"start":{"line":131,"column":17},"end":{"line":131,"column":18}},"loc":{"start":{"line":131,"column":26},"end":{"line":135,"column":9}},"line":131},"29":{"name":"(anonymous_29)","decl":{"start":{"line":137,"column":4},"end":{"line":137,"column":5}},"loc":{"start":{"line":137,"column":32},"end":{"line":149,"column":5}},"line":137},"30":{"name":"(anonymous_30)","decl":{"start":{"line":150,"column":4},"end":{"line":150,"column":5}},"loc":{"start":{"line":150,"column":28},"end":{"line":157,"column":5}},"line":150},"31":{"name":"(anonymous_31)","decl":{"start":{"line":158,"column":4},"end":{"line":158,"column":5}},"loc":{"start":{"line":158,"column":37},"end":{"line":175,"column":5}},"line":158},"32":{"name":"(anonymous_32)","decl":{"start":{"line":165,"column":26},"end":{"line":165,"column":27}},"loc":{"start":{"line":165,"column":47},"end":{"line":174,"column":9}},"line":165}},"branchMap":{"0":{"loc":{"start":{"line":78,"column":8},"end":{"line":86,"column":9}},"type":"if","locations":[{"start":{"line":78,"column":8},"end":{"line":86,"column":9}},{"start":{"line":78,"column":8},"end":{"line":86,"column":9}}],"line":78},"1":{"loc":{"start":{"line":81,"column":13},"end":{"line":86,"column":9}},"type":"if","locations":[{"start":{"line":81,"column":13},"end":{"line":86,"column":9}},{"start":{"line":81,"column":13},"end":{"line":86,"column":9}}],"line":81},"2":{"loc":{"start":{"line":103,"column":12},"end":{"line":112,"column":13}},"type":"if","locations":[{"start":{"line":103,"column":12},"end":{"line":112,"column":13}},{"start":{"line":103,"column":12},"end":{"line":112,"column":13}}],"line":103},"3":{"loc":{"start":{"line":151,"column":8},"end":{"line":156,"column":9}},"type":"if","locations":[{"start":{"line":151,"column":8},"end":{"line":156,"column":9}},{"start":{"line":151,"column":8},"end":{"line":156,"column":9}}],"line":151},"4":{"loc":{"start":{"line":151,"column":12},"end":{"line":151,"column":54}},"type":"binary-expr","locations":[{"start":{"line":151,"column":12},"end":{"line":151,"column":38}},{"start":{"line":151,"column":42},"end":{"line":151,"column":54}}],"line":151},"5":{"loc":{"start":{"line":162,"column":8},"end":{"line":164,"column":9}},"type":"if","locations":[{"start":{"line":162,"column":8},"end":{"line":164,"column":9}},{"start":{"line":162,"column":8},"end":{"line":164,"column":9}}],"line":162},"6":{"loc":{"start":{"line":166,"column":12},"end":{"line":170,"column":13}},"type":"if","locations":[{"start":{"line":166,"column":12},"end":{"line":170,"column":13}},{"start":{"line":166,"column":12},"end":{"line":170,"column":13}}],"line":166}},"s":{"0":1,"1":1,"2":1,"3":1,"4":1,"5":1,"6":1,"7":1,"8":1,"9":1,"10":1,"11":1,"12":1,"13":1,"14":1,"15":1,"16":1,"17":1,"18":1,"19":1,"20":1,"21":1,"22":4,"23":4,"24":4,"25":1,"26":4,"27":4,"28":1,"29":0,"30":0,"31":1,"32":0,"33":0,"34":1,"35":0,"36":0,"37":1,"38":1,"39":1,"40":1,"41":1,"42":0,"43":0,"44":0,"45":0,"46":4,"47":4,"48":4,"49":2,"50":2,"51":1,"52":1,"53":4,"54":1,"55":3,"56":0,"57":0,"58":0,"59":0,"60":0,"61":0,"62":0,"63":0,"64":0,"65":0,"66":0,"67":0,"68":0,"69":0,"70":0,"71":0,"72":0,"73":0,"74":0,"75":0,"76":0,"77":0,"78":0,"79":0,"80":0,"81":0,"82":0,"83":0,"84":0,"85":0,"86":0,"87":0,"88":0,"89":0,"90":0,"91":1},"f":{"0":1,"1":1,"2":1,"3":1,"4":1,"5":1,"6":4,"7":4,"8":4,"9":0,"10":0,"11":0,"12":0,"13":0,"14":0,"15":1,"16":0,"17":4,"18":1,"19":3,"20":0,"21":0,"22":0,"23":0,"24":0,"25":0,"26":0,"27":0,"28":0,"29":0,"30":0,"31":0,"32":0},"b":{"0":[2,2],"1":[1,1],"2":[0,0],"3":[0,0],"4":[0,0],"5":[0,0],"6":[0,0]},"_coverageSchema":"332fd63041d2c1bcb487cc26dd0d5f7d97098a6c","hash":"7a213966a3a6dfa8d7a01225734d891dc306f7f5","contentHash":"cae447c40e1cea791d64bdb3b4805f41_11.3.0"},"/Users/yujinglai/Projects/project_team253/src/Util.js":{"path":"/Users/yujinglai/Projects/project_team253/src/Util.js","statementMap":{"0":{"start":{"line":2,"column":0},"end":{"line":2,"column":62}},"1":{"start":{"line":5,"column":8},"end":{"line":5,"column":66}},"2":{"start":{"line":8,"column":8},"end":{"line":8,"column":67}},"3":{"start":{"line":11,"column":8},"end":{"line":11,"column":67}},"4":{"start":{"line":14,"column":8},"end":{"line":14,"column":68}},"5":{"start":{"line":17,"column":8},"end":{"line":17,"column":66}},"6":{"start":{"line":20,"column":0},"end":{"line":20,"column":22}}},"fnMap":{"0":{"name":"(anonymous_0)","decl":{"start":{"line":4,"column":4},"end":{"line":4,"column":5}},"loc":{"start":{"line":4,"column":22},"end":{"line":6,"column":5}},"line":4},"1":{"name":"(anonymous_1)","decl":{"start":{"line":7,"column":4},"end":{"line":7,"column":5}},"loc":{"start":{"line":7,"column":21},"end":{"line":9,"column":5}},"line":7},"2":{"name":"(anonymous_2)","decl":{"start":{"line":10,"column":4},"end":{"line":10,"column":5}},"loc":{"start":{"line":10,"column":21},"end":{"line":12,"column":5}},"line":10},"3":{"name":"(anonymous_3)","decl":{"start":{"line":13,"column":4},"end":{"line":13,"column":5}},"loc":{"start":{"line":13,"column":22},"end":{"line":15,"column":5}},"line":13},"4":{"name":"(anonymous_4)","decl":{"start":{"line":16,"column":4},"end":{"line":16,"column":5}},"loc":{"start":{"line":16,"column":21},"end":{"line":18,"column":5}},"line":16}},"branchMap":{},"s":{"0":1,"1":14,"2":6,"3":0,"4":0,"5":14,"6":1},"f":{"0":14,"1":6,"2":0,"3":0,"4":14},"b":{},"_coverageSchema":"332fd63041d2c1bcb487cc26dd0d5f7d97098a6c","hash":"cf62f0ffb2e8918889b1cc072957aaddafc18d12","contentHash":"fa3ed88894ebc42e5edc6c3cb33dfece_11.3.0"},"/Users/yujinglai/Projects/project_team253/src/controller/IInsightFacade.js":{"path":"/Users/yujinglai/Projects/project_team253/src/controller/IInsightFacade.js","statementMap":{"0":{"start":{"line":2,"column":0},"end":{"line":2,"column":62}},"1":{"start":{"line":4,"column":0},"end":{"line":7,"column":89}},"2":{"start":{"line":5,"column":4},"end":{"line":5,"column":46}},"3":{"start":{"line":6,"column":4},"end":{"line":6,"column":42}},"4":{"start":{"line":10,"column":8},"end":{"line":10,"column":23}},"5":{"start":{"line":11,"column":8},"end":{"line":11,"column":52}},"6":{"start":{"line":14,"column":0},"end":{"line":14,"column":36}},"7":{"start":{"line":17,"column":8},"end":{"line":17,"column":23}},"8":{"start":{"line":18,"column":8},"end":{"line":18,"column":53}},"9":{"start":{"line":21,"column":0},"end":{"line":21,"column":38}},"10":{"start":{"line":24,"column":8},"end":{"line":24,"column":23}},"11":{"start":{"line":25,"column":8},"end":{"line":25,"column":59}},"12":{"start":{"line":28,"column":0},"end":{"line":28,"column":50}}},"fnMap":{"0":{"name":"(anonymous_0)","decl":{"start":{"line":4,"column":1},"end":{"line":4,"column":2}},"loc":{"start":{"line":4,"column":31},"end":{"line":7,"column":1}},"line":4},"1":{"name":"(anonymous_1)","decl":{"start":{"line":9,"column":4},"end":{"line":9,"column":5}},"loc":{"start":{"line":9,"column":25},"end":{"line":12,"column":5}},"line":9},"2":{"name":"(anonymous_2)","decl":{"start":{"line":16,"column":4},"end":{"line":16,"column":5}},"loc":{"start":{"line":16,"column":25},"end":{"line":19,"column":5}},"line":16},"3":{"name":"(anonymous_3)","decl":{"start":{"line":23,"column":4},"end":{"line":23,"column":5}},"loc":{"start":{"line":23,"column":25},"end":{"line":26,"column":5}},"line":23}},"branchMap":{"0":{"loc":{"start":{"line":7,"column":24},"end":{"line":7,"column":87}},"type":"binary-expr","locations":[{"start":{"line":7,"column":24},"end":{"line":7,"column":50}},{"start":{"line":7,"column":55},"end":{"line":7,"column":86}}],"line":7}},"s":{"0":1,"1":1,"2":1,"3":1,"4":3,"5":3,"6":1,"7":0,"8":0,"9":1,"10":0,"11":0,"12":1},"f":{"0":1,"1":3,"2":0,"3":0},"b":{"0":[1,1]},"_coverageSchema":"332fd63041d2c1bcb487cc26dd0d5f7d97098a6c","hash":"77b1f5a9c1f62d8a306ca6d3e0d3d99e2e53d78f","contentHash":"6e757b92cccccf0e1c25565896ec5fc1_11.3.0"},"/Users/yujinglai/Projects/project_team253/src/controller/InsightFacade.js":{"path":"/Users/yujinglai/Projects/project_team253/src/controller/InsightFacade.js","statementMap":{"0":{"start":{"line":2,"column":0},"end":{"line":2,"column":62}},"1":{"start":{"line":3,"column":15},"end":{"line":3,"column":33}},"2":{"start":{"line":4,"column":25},"end":{"line":4,"column":52}},"3":{"start":{"line":5,"column":14},"end":{"line":5,"column":30}},"4":{"start":{"line":6,"column":18},"end":{"line":6,"column":38}},"5":{"start":{"line":7,"column":11},"end":{"line":7,"column":24}},"6":{"start":{"line":8,"column":23},"end":{"line":8,"column":48}},"7":{"start":{"line":11,"column":8},"end":{"line":11,"column":36}},"8":{"start":{"line":12,"column":8},"end":{"line":12,"column":42}},"9":{"start":{"line":13,"column":8},"end":{"line":13,"column":58}},"10":{"start":{"line":16,"column":8},"end":{"line":18,"column":9}},"11":{"start":{"line":17,"column":12},"end":{"line":17,"column":122}},"12":{"start":{"line":19,"column":8},"end":{"line":21,"column":9}},"13":{"start":{"line":20,"column":12},"end":{"line":20,"column":104}},"14":{"start":{"line":22,"column":8},"end":{"line":24,"column":9}},"15":{"start":{"line":23,"column":12},"end":{"line":23,"column":114}},"16":{"start":{"line":25,"column":8},"end":{"line":27,"column":9}},"17":{"start":{"line":26,"column":12},"end":{"line":26,"column":101}},"18":{"start":{"line":28,"column":8},"end":{"line":30,"column":9}},"19":{"start":{"line":29,"column":12},"end":{"line":29,"column":53}},"20":{"start":{"line":31,"column":32},"end":{"line":31,"column":45}},"21":{"start":{"line":32,"column":38},"end":{"line":32,"column":57}},"22":{"start":{"line":33,"column":8},"end":{"line":61,"column":11}},"23":{"start":{"line":34,"column":29},"end":{"line":34,"column":60}},"24":{"start":{"line":35,"column":29},"end":{"line":35,"column":31}},"25":{"start":{"line":36,"column":12},"end":{"line":44,"column":15}},"26":{"start":{"line":37,"column":16},"end":{"line":43,"column":20}},"27":{"start":{"line":38,"column":20},"end":{"line":40,"column":21}},"28":{"start":{"line":39,"column":24},"end":{"line":39,"column":58}},"29":{"start":{"line":42,"column":20},"end":{"line":42,"column":79}},"30":{"start":{"line":45,"column":12},"end":{"line":58,"column":15}},"31":{"start":{"line":46,"column":16},"end":{"line":52,"column":17}},"32":{"start":{"line":47,"column":20},"end":{"line":47,"column":53}},"33":{"start":{"line":48,"column":20},"end":{"line":48,"column":55}},"34":{"start":{"line":51,"column":20},"end":{"line":51,"column":122}},"35":{"start":{"line":53,"column":16},"end":{"line":55,"column":17}},"36":{"start":{"line":54,"column":20},"end":{"line":54,"column":68}},"37":{"start":{"line":57,"column":16},"end":{"line":57,"column":124}},"38":{"start":{"line":60,"column":12},"end":{"line":60,"column":89}},"39":{"start":{"line":64,"column":32},"end":{"line":64,"column":45}},"40":{"start":{"line":65,"column":38},"end":{"line":65,"column":57}},"41":{"start":{"line":66,"column":8},"end":{"line":94,"column":11}},"42":{"start":{"line":67,"column":29},"end":{"line":67,"column":97}},"43":{"start":{"line":68,"column":29},"end":{"line":68,"column":31}},"44":{"start":{"line":69,"column":12},"end":{"line":91,"column":15}},"45":{"start":{"line":70,"column":16},"end":{"line":70,"column":76}},"46":{"start":{"line":71,"column":16},"end":{"line":76,"column":20}},"47":{"start":{"line":72,"column":20},"end":{"line":72,"column":52}},"48":{"start":{"line":74,"column":20},"end":{"line":74,"column":79}},"49":{"start":{"line":75,"column":20},"end":{"line":75,"column":38}},"50":{"start":{"line":77,"column":16},"end":{"line":90,"column":19}},"51":{"start":{"line":78,"column":20},"end":{"line":84,"column":21}},"52":{"start":{"line":79,"column":24},"end":{"line":79,"column":57}},"53":{"start":{"line":80,"column":24},"end":{"line":80,"column":59}},"54":{"start":{"line":83,"column":24},"end":{"line":83,"column":126}},"55":{"start":{"line":85,"column":20},"end":{"line":87,"column":21}},"56":{"start":{"line":86,"column":24},"end":{"line":86,"column":72}},"57":{"start":{"line":89,"column":20},"end":{"line":89,"column":128}},"58":{"start":{"line":93,"column":12},"end":{"line":93,"column":89}},"59":{"start":{"line":97,"column":8},"end":{"line":97,"column":32}},"60":{"start":{"line":100,"column":8},"end":{"line":102,"column":9}},"61":{"start":{"line":101,"column":12},"end":{"line":101,"column":25}},"62":{"start":{"line":103,"column":8},"end":{"line":105,"column":9}},"63":{"start":{"line":104,"column":12},"end":{"line":104,"column":25}},"64":{"start":{"line":106,"column":8},"end":{"line":108,"column":9}},"65":{"start":{"line":107,"column":12},"end":{"line":107,"column":25}},"66":{"start":{"line":109,"column":8},"end":{"line":109,"column":20}},"67":{"start":{"line":112,"column":8},"end":{"line":114,"column":9}},"68":{"start":{"line":113,"column":12},"end":{"line":113,"column":103}},"69":{"start":{"line":115,"column":8},"end":{"line":117,"column":9}},"70":{"start":{"line":116,"column":12},"end":{"line":116,"column":104}},"71":{"start":{"line":118,"column":8},"end":{"line":120,"column":9}},"72":{"start":{"line":119,"column":12},"end":{"line":119,"column":101}},"73":{"start":{"line":121,"column":8},"end":{"line":131,"column":9}},"74":{"start":{"line":122,"column":12},"end":{"line":122,"column":123}},"75":{"start":{"line":125,"column":24},"end":{"line":125,"column":55}},"76":{"start":{"line":126,"column":12},"end":{"line":126,"column":49}},"77":{"start":{"line":127,"column":12},"end":{"line":127,"column":43}},"78":{"start":{"line":128,"column":12},"end":{"line":128,"column":68}},"79":{"start":{"line":129,"column":12},"end":{"line":129,"column":61}},"80":{"start":{"line":130,"column":12},"end":{"line":130,"column":39}},"81":{"start":{"line":134,"column":30},"end":{"line":134,"column":41}},"82":{"start":{"line":135,"column":8},"end":{"line":138,"column":9}},"83":{"start":{"line":136,"column":22},"end":{"line":136,"column":77}},"84":{"start":{"line":137,"column":12},"end":{"line":137,"column":38}},"85":{"start":{"line":139,"column":8},"end":{"line":139,"column":48}},"86":{"start":{"line":142,"column":8},"end":{"line":146,"column":9}},"87":{"start":{"line":143,"column":12},"end":{"line":145,"column":13}},"88":{"start":{"line":144,"column":16},"end":{"line":144,"column":29}},"89":{"start":{"line":147,"column":8},"end":{"line":147,"column":20}},"90":{"start":{"line":151,"column":8},"end":{"line":151,"column":52}},"91":{"start":{"line":152,"column":8},"end":{"line":167,"column":11}},"92":{"start":{"line":153,"column":12},"end":{"line":153,"column":61}},"93":{"start":{"line":154,"column":12},"end":{"line":156,"column":13}},"94":{"start":{"line":155,"column":16},"end":{"line":155,"column":90}},"95":{"start":{"line":158,"column":12},"end":{"line":163,"column":13}},"96":{"start":{"line":159,"column":16},"end":{"line":159,"column":82}},"97":{"start":{"line":162,"column":16},"end":{"line":162,"column":47}},"98":{"start":{"line":165,"column":12},"end":{"line":165,"column":58}},"99":{"start":{"line":166,"column":12},"end":{"line":166,"column":39}},"100":{"start":{"line":170,"column":0},"end":{"line":170,"column":32}}},"fnMap":{"0":{"name":"(anonymous_0)","decl":{"start":{"line":10,"column":4},"end":{"line":10,"column":5}},"loc":{"start":{"line":10,"column":18},"end":{"line":14,"column":5}},"line":10},"1":{"name":"(anonymous_1)","decl":{"start":{"line":15,"column":4},"end":{"line":15,"column":5}},"loc":{"start":{"line":15,"column":34},"end":{"line":62,"column":5}},"line":15},"2":{"name":"(anonymous_2)","decl":{"start":{"line":33,"column":63},"end":{"line":33,"column":64}},"loc":{"start":{"line":33,"column":78},"end":{"line":59,"column":9}},"line":33},"3":{"name":"(anonymous_3)","decl":{"start":{"line":36,"column":42},"end":{"line":36,"column":43}},"loc":{"start":{"line":36,"column":79},"end":{"line":44,"column":13}},"line":36},"4":{"name":"(anonymous_4)","decl":{"start":{"line":37,"column":61},"end":{"line":37,"column":62}},"loc":{"start":{"line":37,"column":77},"end":{"line":41,"column":17}},"line":37},"5":{"name":"(anonymous_5)","decl":{"start":{"line":41,"column":25},"end":{"line":41,"column":26}},"loc":{"start":{"line":41,"column":34},"end":{"line":43,"column":17}},"line":41},"6":{"name":"(anonymous_6)","decl":{"start":{"line":45,"column":46},"end":{"line":45,"column":47}},"loc":{"start":{"line":45,"column":58},"end":{"line":56,"column":13}},"line":45},"7":{"name":"(anonymous_7)","decl":{"start":{"line":56,"column":21},"end":{"line":56,"column":22}},"loc":{"start":{"line":56,"column":30},"end":{"line":58,"column":13}},"line":56},"8":{"name":"(anonymous_8)","decl":{"start":{"line":59,"column":17},"end":{"line":59,"column":18}},"loc":{"start":{"line":59,"column":26},"end":{"line":61,"column":9}},"line":59},"9":{"name":"(anonymous_9)","decl":{"start":{"line":63,"column":4},"end":{"line":63,"column":5}},"loc":{"start":{"line":63,"column":33},"end":{"line":95,"column":5}},"line":63},"10":{"name":"(anonymous_10)","decl":{"start":{"line":66,"column":63},"end":{"line":66,"column":64}},"loc":{"start":{"line":66,"column":78},"end":{"line":92,"column":9}},"line":66},"11":{"name":"(anonymous_11)","decl":{"start":{"line":69,"column":76},"end":{"line":69,"column":77}},"loc":{"start":{"line":69,"column":92},"end":{"line":91,"column":13}},"line":69},"12":{"name":"(anonymous_12)","decl":{"start":{"line":71,"column":75},"end":{"line":71,"column":76}},"loc":{"start":{"line":71,"column":92},"end":{"line":73,"column":17}},"line":71},"13":{"name":"(anonymous_13)","decl":{"start":{"line":73,"column":25},"end":{"line":73,"column":26}},"loc":{"start":{"line":73,"column":34},"end":{"line":76,"column":17}},"line":73},"14":{"name":"(anonymous_14)","decl":{"start":{"line":77,"column":50},"end":{"line":77,"column":51}},"loc":{"start":{"line":77,"column":62},"end":{"line":88,"column":17}},"line":77},"15":{"name":"(anonymous_15)","decl":{"start":{"line":88,"column":25},"end":{"line":88,"column":26}},"loc":{"start":{"line":88,"column":34},"end":{"line":90,"column":17}},"line":88},"16":{"name":"(anonymous_16)","decl":{"start":{"line":92,"column":17},"end":{"line":92,"column":18}},"loc":{"start":{"line":92,"column":26},"end":{"line":94,"column":9}},"line":92},"17":{"name":"(anonymous_17)","decl":{"start":{"line":96,"column":4},"end":{"line":96,"column":5}},"loc":{"start":{"line":96,"column":29},"end":{"line":98,"column":5}},"line":96},"18":{"name":"(anonymous_18)","decl":{"start":{"line":99,"column":4},"end":{"line":99,"column":5}},"loc":{"start":{"line":99,"column":40},"end":{"line":110,"column":5}},"line":99},"19":{"name":"(anonymous_19)","decl":{"start":{"line":111,"column":4},"end":{"line":111,"column":5}},"loc":{"start":{"line":111,"column":22},"end":{"line":132,"column":5}},"line":111},"20":{"name":"(anonymous_20)","decl":{"start":{"line":133,"column":4},"end":{"line":133,"column":5}},"loc":{"start":{"line":133,"column":19},"end":{"line":140,"column":5}},"line":133},"21":{"name":"(anonymous_21)","decl":{"start":{"line":141,"column":4},"end":{"line":141,"column":5}},"loc":{"start":{"line":141,"column":23},"end":{"line":148,"column":5}},"line":141},"22":{"name":"(anonymous_22)","decl":{"start":{"line":149,"column":4},"end":{"line":149,"column":5}},"loc":{"start":{"line":149,"column":24},"end":{"line":168,"column":5}},"line":149},"23":{"name":"(anonymous_23)","decl":{"start":{"line":152,"column":87},"end":{"line":152,"column":88}},"loc":{"start":{"line":152,"column":99},"end":{"line":157,"column":9}},"line":152},"24":{"name":"(anonymous_24)","decl":{"start":{"line":157,"column":16},"end":{"line":157,"column":17}},"loc":{"start":{"line":157,"column":28},"end":{"line":164,"column":9}},"line":157},"25":{"name":"(anonymous_25)","decl":{"start":{"line":164,"column":17},"end":{"line":164,"column":18}},"loc":{"start":{"line":164,"column":26},"end":{"line":167,"column":9}},"line":164}},"branchMap":{"0":{"loc":{"start":{"line":16,"column":8},"end":{"line":18,"column":9}},"type":"if","locations":[{"start":{"line":16,"column":8},"end":{"line":18,"column":9}},{"start":{"line":16,"column":8},"end":{"line":18,"column":9}}],"line":16},"1":{"loc":{"start":{"line":19,"column":8},"end":{"line":21,"column":9}},"type":"if","locations":[{"start":{"line":19,"column":8},"end":{"line":21,"column":9}},{"start":{"line":19,"column":8},"end":{"line":21,"column":9}}],"line":19},"2":{"loc":{"start":{"line":22,"column":8},"end":{"line":24,"column":9}},"type":"if","locations":[{"start":{"line":22,"column":8},"end":{"line":24,"column":9}},{"start":{"line":22,"column":8},"end":{"line":24,"column":9}}],"line":22},"3":{"loc":{"start":{"line":25,"column":8},"end":{"line":27,"column":9}},"type":"if","locations":[{"start":{"line":25,"column":8},"end":{"line":27,"column":9}},{"start":{"line":25,"column":8},"end":{"line":27,"column":9}}],"line":25},"4":{"loc":{"start":{"line":28,"column":8},"end":{"line":30,"column":9}},"type":"if","locations":[{"start":{"line":28,"column":8},"end":{"line":30,"column":9}},{"start":{"line":28,"column":8},"end":{"line":30,"column":9}}],"line":28},"5":{"loc":{"start":{"line":38,"column":20},"end":{"line":40,"column":21}},"type":"if","locations":[{"start":{"line":38,"column":20},"end":{"line":40,"column":21}},{"start":{"line":38,"column":20},"end":{"line":40,"column":21}}],"line":38},"6":{"loc":{"start":{"line":46,"column":16},"end":{"line":52,"column":17}},"type":"if","locations":[{"start":{"line":46,"column":16},"end":{"line":52,"column":17}},{"start":{"line":46,"column":16},"end":{"line":52,"column":17}}],"line":46},"7":{"loc":{"start":{"line":53,"column":16},"end":{"line":55,"column":17}},"type":"if","locations":[{"start":{"line":53,"column":16},"end":{"line":55,"column":17}},{"start":{"line":53,"column":16},"end":{"line":55,"column":17}}],"line":53},"8":{"loc":{"start":{"line":78,"column":20},"end":{"line":84,"column":21}},"type":"if","locations":[{"start":{"line":78,"column":20},"end":{"line":84,"column":21}},{"start":{"line":78,"column":20},"end":{"line":84,"column":21}}],"line":78},"9":{"loc":{"start":{"line":85,"column":20},"end":{"line":87,"column":21}},"type":"if","locations":[{"start":{"line":85,"column":20},"end":{"line":87,"column":21}},{"start":{"line":85,"column":20},"end":{"line":87,"column":21}}],"line":85},"10":{"loc":{"start":{"line":100,"column":8},"end":{"line":102,"column":9}},"type":"if","locations":[{"start":{"line":100,"column":8},"end":{"line":102,"column":9}},{"start":{"line":100,"column":8},"end":{"line":102,"column":9}}],"line":100},"11":{"loc":{"start":{"line":100,"column":12},"end":{"line":100,"column":43}},"type":"binary-expr","locations":[{"start":{"line":100,"column":12},"end":{"line":100,"column":23}},{"start":{"line":100,"column":27},"end":{"line":100,"column":43}}],"line":100},"12":{"loc":{"start":{"line":103,"column":8},"end":{"line":105,"column":9}},"type":"if","locations":[{"start":{"line":103,"column":8},"end":{"line":105,"column":9}},{"start":{"line":103,"column":8},"end":{"line":105,"column":9}}],"line":103},"13":{"loc":{"start":{"line":103,"column":12},"end":{"line":103,"column":53}},"type":"binary-expr","locations":[{"start":{"line":103,"column":12},"end":{"line":103,"column":28}},{"start":{"line":103,"column":32},"end":{"line":103,"column":53}}],"line":103},"14":{"loc":{"start":{"line":106,"column":8},"end":{"line":108,"column":9}},"type":"if","locations":[{"start":{"line":106,"column":8},"end":{"line":108,"column":9}},{"start":{"line":106,"column":8},"end":{"line":108,"column":9}}],"line":106},"15":{"loc":{"start":{"line":106,"column":12},"end":{"line":106,"column":47}},"type":"binary-expr","locations":[{"start":{"line":106,"column":12},"end":{"line":106,"column":25}},{"start":{"line":106,"column":29},"end":{"line":106,"column":47}}],"line":106},"16":{"loc":{"start":{"line":112,"column":8},"end":{"line":114,"column":9}},"type":"if","locations":[{"start":{"line":112,"column":8},"end":{"line":114,"column":9}},{"start":{"line":112,"column":8},"end":{"line":114,"column":9}}],"line":112},"17":{"loc":{"start":{"line":112,"column":12},"end":{"line":112,"column":42}},"type":"binary-expr","locations":[{"start":{"line":112,"column":12},"end":{"line":112,"column":22}},{"start":{"line":112,"column":26},"end":{"line":112,"column":42}}],"line":112},"18":{"loc":{"start":{"line":115,"column":8},"end":{"line":117,"column":9}},"type":"if","locations":[{"start":{"line":115,"column":8},"end":{"line":117,"column":9}},{"start":{"line":115,"column":8},"end":{"line":117,"column":9}}],"line":115},"19":{"loc":{"start":{"line":118,"column":8},"end":{"line":120,"column":9}},"type":"if","locations":[{"start":{"line":118,"column":8},"end":{"line":120,"column":9}},{"start":{"line":118,"column":8},"end":{"line":120,"column":9}}],"line":118},"20":{"loc":{"start":{"line":121,"column":8},"end":{"line":131,"column":9}},"type":"if","locations":[{"start":{"line":121,"column":8},"end":{"line":131,"column":9}},{"start":{"line":121,"column":8},"end":{"line":131,"column":9}}],"line":121},"21":{"loc":{"start":{"line":143,"column":12},"end":{"line":145,"column":13}},"type":"if","locations":[{"start":{"line":143,"column":12},"end":{"line":145,"column":13}},{"start":{"line":143,"column":12},"end":{"line":145,"column":13}}],"line":143},"22":{"loc":{"start":{"line":154,"column":12},"end":{"line":156,"column":13}},"type":"if","locations":[{"start":{"line":154,"column":12},"end":{"line":156,"column":13}},{"start":{"line":154,"column":12},"end":{"line":156,"column":13}}],"line":154},"23":{"loc":{"start":{"line":158,"column":12},"end":{"line":163,"column":13}},"type":"if","locations":[{"start":{"line":158,"column":12},"end":{"line":163,"column":13}},{"start":{"line":158,"column":12},"end":{"line":163,"column":13}}],"line":158}},"s":{"0":1,"1":1,"2":1,"3":1,"4":1,"5":1,"6":1,"7":12,"8":12,"9":12,"10":5,"11":1,"12":4,"13":0,"14":4,"15":2,"16":2,"17":0,"18":2,"19":0,"20":2,"21":2,"22":2,"23":2,"24":2,"25":2,"26":11888,"27":11888,"28":11888,"29":0,"30":2,"31":2,"32":2,"33":2,"34":0,"35":2,"36":2,"37":0,"38":0,"39":0,"40":0,"41":0,"42":0,"43":0,"44":0,"45":0,"46":0,"47":0,"48":0,"49":0,"50":0,"51":0,"52":0,"53":0,"54":0,"55":0,"56":0,"57":0,"58":0,"59":4,"60":5,"61":0,"62":5,"63":0,"64":5,"65":1,"66":4,"67":0,"68":0,"69":0,"70":0,"71":0,"72":0,"73":0,"74":0,"75":0,"76":0,"77":0,"78":0,"79":0,"80":0,"81":0,"82":0,"83":0,"84":0,"85":0,"86":2,"87":2,"88":2,"89":0,"90":0,"91":0,"92":0,"93":0,"94":0,"95":0,"96":0,"97":0,"98":0,"99":0,"100":1},"f":{"0":12,"1":5,"2":2,"3":11888,"4":11888,"5":0,"6":2,"7":0,"8":0,"9":0,"10":0,"11":0,"12":0,"13":0,"14":0,"15":0,"16":0,"17":4,"18":5,"19":0,"20":0,"21":2,"22":0,"23":0,"24":0,"25":0},"b":{"0":[1,4],"1":[0,4],"2":[2,2],"3":[0,2],"4":[0,2],"5":[11888,0],"6":[2,0],"7":[2,0],"8":[0,0],"9":[0,0],"10":[0,5],"11":[5,5],"12":[0,5],"13":[5,5],"14":[1,4],"15":[5,4],"16":[0,0],"17":[0,0],"18":[0,0],"19":[0,0],"20":[0,0],"21":[2,0],"22":[0,0],"23":[0,0]},"_coverageSchema":"332fd63041d2c1bcb487cc26dd0d5f7d97098a6c","hash":"2c26cb3c7f3c8ff1e882b632bc4cb9b20cef1d5d","contentHash":"5952222f2bda7b695cf7ae4476b02278_11.3.0"},"/Users/yujinglai/Projects/project_team253/src/controller/Dataset.js":{"path":"/Users/yujinglai/Projects/project_team253/src/controller/Dataset.js","statementMap":{"0":{"start":{"line":2,"column":0},"end":{"line":2,"column":62}},"1":{"start":{"line":3,"column":15},"end":{"line":3,"column":33}},"2":{"start":{"line":4,"column":18},"end":{"line":4,"column":38}},"3":{"start":{"line":5,"column":15},"end":{"line":5,"column":32}},"4":{"start":{"line":6,"column":25},"end":{"line":6,"column":52}},"5":{"start":{"line":7,"column":11},"end":{"line":7,"column":24}},"6":{"start":{"line":10,"column":8},"end":{"line":10,"column":30}},"7":{"start":{"line":11,"column":8},"end":{"line":11,"column":25}},"8":{"start":{"line":12,"column":8},"end":{"line":12,"column":32}},"9":{"start":{"line":13,"column":8},"end":{"line":13,"column":30}},"10":{"start":{"line":14,"column":8},"end":{"line":14,"column":48}},"11":{"start":{"line":15,"column":8},"end":{"line":15,"column":21}},"12":{"start":{"line":16,"column":8},"end":{"line":16,"column":32}},"13":{"start":{"line":19,"column":8},"end":{"line":44,"column":9}},"14":{"start":{"line":20,"column":22},"end":{"line":20,"column":38}},"15":{"start":{"line":21,"column":12},"end":{"line":40,"column":13}},"16":{"start":{"line":22,"column":33},"end":{"line":22,"column":56}},"17":{"start":{"line":23,"column":16},"end":{"line":23,"column":52}},"18":{"start":{"line":24,"column":16},"end":{"line":24,"column":49}},"19":{"start":{"line":25,"column":16},"end":{"line":25,"column":47}},"20":{"start":{"line":26,"column":16},"end":{"line":26,"column":60}},"21":{"start":{"line":27,"column":16},"end":{"line":27,"column":51}},"22":{"start":{"line":28,"column":16},"end":{"line":28,"column":49}},"23":{"start":{"line":29,"column":16},"end":{"line":29,"column":49}},"24":{"start":{"line":30,"column":16},"end":{"line":30,"column":51}},"25":{"start":{"line":31,"column":16},"end":{"line":31,"column":58}},"26":{"start":{"line":32,"column":16},"end":{"line":32,"column":57}},"27":{"start":{"line":33,"column":16},"end":{"line":35,"column":17}},"28":{"start":{"line":34,"column":20},"end":{"line":34,"column":48}},"29":{"start":{"line":36,"column":16},"end":{"line":39,"column":17}},"30":{"start":{"line":37,"column":20},"end":{"line":37,"column":54}},"31":{"start":{"line":38,"column":20},"end":{"line":38,"column":35}},"32":{"start":{"line":43,"column":12},"end":{"line":43,"column":50}},"33":{"start":{"line":47,"column":18},"end":{"line":52,"column":9}},"34":{"start":{"line":53,"column":8},"end":{"line":53,"column":93}},"35":{"start":{"line":54,"column":8},"end":{"line":54,"column":56}},"36":{"start":{"line":55,"column":8},"end":{"line":55,"column":20}},"37":{"start":{"line":58,"column":8},"end":{"line":58,"column":27}},"38":{"start":{"line":59,"column":23},"end":{"line":59,"column":40}},"39":{"start":{"line":60,"column":25},"end":{"line":60,"column":43}},"40":{"start":{"line":61,"column":8},"end":{"line":61,"column":40}},"41":{"start":{"line":62,"column":8},"end":{"line":62,"column":50}},"42":{"start":{"line":63,"column":8},"end":{"line":63,"column":41}},"43":{"start":{"line":66,"column":8},"end":{"line":66,"column":58}},"44":{"start":{"line":69,"column":8},"end":{"line":78,"column":9}},"45":{"start":{"line":70,"column":12},"end":{"line":76,"column":13}},"46":{"start":{"line":72,"column":20},"end":{"line":74,"column":21}},"47":{"start":{"line":73,"column":24},"end":{"line":73,"column":49}},"48":{"start":{"line":75,"column":20},"end":{"line":75,"column":26}},"49":{"start":{"line":77,"column":12},"end":{"line":77,"column":19}},"50":{"start":{"line":79,"column":8},"end":{"line":83,"column":9}},"51":{"start":{"line":80,"column":12},"end":{"line":82,"column":13}},"52":{"start":{"line":81,"column":16},"end":{"line":81,"column":61}},"53":{"start":{"line":87,"column":20},"end":{"line":87,"column":21}},"54":{"start":{"line":88,"column":8},"end":{"line":93,"column":9}},"55":{"start":{"line":89,"column":12},"end":{"line":92,"column":13}},"56":{"start":{"line":90,"column":16},"end":{"line":90,"column":28}},"57":{"start":{"line":91,"column":16},"end":{"line":91,"column":22}},"58":{"start":{"line":94,"column":8},"end":{"line":99,"column":9}},"59":{"start":{"line":95,"column":12},"end":{"line":98,"column":13}},"60":{"start":{"line":96,"column":16},"end":{"line":96,"column":52}},"61":{"start":{"line":97,"column":16},"end":{"line":97,"column":24}},"62":{"start":{"line":100,"column":8},"end":{"line":100,"column":40}},"63":{"start":{"line":103,"column":27},"end":{"line":110,"column":9}},"64":{"start":{"line":111,"column":8},"end":{"line":128,"column":9}},"65":{"start":{"line":112,"column":12},"end":{"line":127,"column":13}},"66":{"start":{"line":113,"column":16},"end":{"line":126,"column":17}},"67":{"start":{"line":115,"column":24},"end":{"line":115,"column":70}},"68":{"start":{"line":116,"column":24},"end":{"line":116,"column":30}},"69":{"start":{"line":118,"column":24},"end":{"line":118,"column":80}},"70":{"start":{"line":119,"column":24},"end":{"line":119,"column":30}},"71":{"start":{"line":121,"column":24},"end":{"line":121,"column":82}},"72":{"start":{"line":122,"column":24},"end":{"line":122,"column":30}},"73":{"start":{"line":124,"column":24},"end":{"line":124,"column":78}},"74":{"start":{"line":125,"column":24},"end":{"line":125,"column":30}},"75":{"start":{"line":129,"column":8},"end":{"line":134,"column":9}},"76":{"start":{"line":130,"column":12},"end":{"line":130,"column":70}},"77":{"start":{"line":133,"column":12},"end":{"line":133,"column":60}},"78":{"start":{"line":137,"column":8},"end":{"line":142,"column":9}},"79":{"start":{"line":138,"column":12},"end":{"line":141,"column":13}},"80":{"start":{"line":139,"column":31},"end":{"line":139,"column":61}},"81":{"start":{"line":140,"column":16},"end":{"line":140,"column":32}},"82":{"start":{"line":145,"column":8},"end":{"line":151,"column":9}},"83":{"start":{"line":146,"column":12},"end":{"line":150,"column":13}},"84":{"start":{"line":147,"column":27},"end":{"line":147,"column":45}},"85":{"start":{"line":148,"column":16},"end":{"line":148,"column":50}},"86":{"start":{"line":149,"column":16},"end":{"line":149,"column":28}},"87":{"start":{"line":154,"column":25},"end":{"line":154,"column":27}},"88":{"start":{"line":155,"column":25},"end":{"line":155,"column":56}},"89":{"start":{"line":156,"column":8},"end":{"line":156,"column":26}},"90":{"start":{"line":157,"column":19},"end":{"line":157,"column":23}},"91":{"start":{"line":158,"column":8},"end":{"line":174,"column":11}},"92":{"start":{"line":159,"column":12},"end":{"line":165,"column":13}},"93":{"start":{"line":160,"column":16},"end":{"line":164,"column":20}},"94":{"start":{"line":161,"column":20},"end":{"line":161,"column":75}},"95":{"start":{"line":163,"column":20},"end":{"line":163,"column":86}},"96":{"start":{"line":166,"column":12},"end":{"line":170,"column":15}},"97":{"start":{"line":167,"column":26},"end":{"line":167,"column":36}},"98":{"start":{"line":168,"column":16},"end":{"line":168,"column":78}},"99":{"start":{"line":169,"column":16},"end":{"line":169,"column":41}},"100":{"start":{"line":172,"column":12},"end":{"line":172,"column":38}},"101":{"start":{"line":173,"column":12},"end":{"line":173,"column":120}},"102":{"start":{"line":177,"column":23},"end":{"line":177,"column":40}},"103":{"start":{"line":178,"column":25},"end":{"line":178,"column":47}},"104":{"start":{"line":179,"column":8},"end":{"line":179,"column":33}},"105":{"start":{"line":180,"column":8},"end":{"line":180,"column":40}},"106":{"start":{"line":182,"column":8},"end":{"line":187,"column":9}},"107":{"start":{"line":183,"column":12},"end":{"line":186,"column":13}},"108":{"start":{"line":184,"column":16},"end":{"line":184,"column":28}},"109":{"start":{"line":185,"column":16},"end":{"line":185,"column":22}},"110":{"start":{"line":188,"column":8},"end":{"line":188,"column":53}},"111":{"start":{"line":191,"column":8},"end":{"line":195,"column":9}},"112":{"start":{"line":192,"column":12},"end":{"line":194,"column":13}},"113":{"start":{"line":193,"column":16},"end":{"line":193,"column":60}},"114":{"start":{"line":198,"column":22},"end":{"line":198,"column":39}},"115":{"start":{"line":199,"column":8},"end":{"line":217,"column":9}},"116":{"start":{"line":200,"column":12},"end":{"line":216,"column":13}},"117":{"start":{"line":201,"column":16},"end":{"line":215,"column":17}},"118":{"start":{"line":203,"column":24},"end":{"line":203,"column":84}},"119":{"start":{"line":204,"column":24},"end":{"line":204,"column":30}},"120":{"start":{"line":206,"column":24},"end":{"line":206,"column":80}},"121":{"start":{"line":207,"column":24},"end":{"line":207,"column":30}},"122":{"start":{"line":209,"column":24},"end":{"line":209,"column":75}},"123":{"start":{"line":210,"column":24},"end":{"line":210,"column":30}},"124":{"start":{"line":212,"column":24},"end":{"line":212,"column":84}},"125":{"start":{"line":213,"column":24},"end":{"line":213,"column":91}},"126":{"start":{"line":214,"column":24},"end":{"line":214,"column":30}},"127":{"start":{"line":218,"column":8},"end":{"line":218,"column":59}},"128":{"start":{"line":219,"column":8},"end":{"line":219,"column":57}},"129":{"start":{"line":220,"column":8},"end":{"line":220,"column":55}},"130":{"start":{"line":221,"column":8},"end":{"line":221,"column":47}},"131":{"start":{"line":222,"column":8},"end":{"line":222,"column":47}},"132":{"start":{"line":223,"column":8},"end":{"line":223,"column":79}},"133":{"start":{"line":224,"column":8},"end":{"line":224,"column":39}},"134":{"start":{"line":225,"column":8},"end":{"line":225,"column":23}},"135":{"start":{"line":228,"column":19},"end":{"line":228,"column":82}},"136":{"start":{"line":229,"column":21},"end":{"line":229,"column":36}},"137":{"start":{"line":230,"column":8},"end":{"line":257,"column":11}},"138":{"start":{"line":231,"column":12},"end":{"line":231,"column":50}},"139":{"start":{"line":232,"column":30},"end":{"line":232,"column":38}},"140":{"start":{"line":233,"column":35},"end":{"line":233,"column":53}},"141":{"start":{"line":234,"column":12},"end":{"line":254,"column":15}},"142":{"start":{"line":235,"column":27},"end":{"line":235,"column":29}},"143":{"start":{"line":236,"column":16},"end":{"line":236,"column":52}},"144":{"start":{"line":237,"column":35},"end":{"line":237,"column":46}},"145":{"start":{"line":238,"column":40},"end":{"line":238,"column":56}},"146":{"start":{"line":239,"column":16},"end":{"line":248,"column":19}},"147":{"start":{"line":240,"column":20},"end":{"line":240,"column":34}},"148":{"start":{"line":241,"column":30},"end":{"line":241,"column":46}},"149":{"start":{"line":242,"column":20},"end":{"line":246,"column":21}},"150":{"start":{"line":243,"column":24},"end":{"line":243,"column":51}},"151":{"start":{"line":244,"column":24},"end":{"line":244,"column":51}},"152":{"start":{"line":245,"column":24},"end":{"line":245,"column":61}},"153":{"start":{"line":247,"column":20},"end":{"line":247,"column":30}},"154":{"start":{"line":249,"column":16},"end":{"line":251,"column":19}},"155":{"start":{"line":250,"column":20},"end":{"line":250,"column":67}},"156":{"start":{"line":253,"column":16},"end":{"line":253,"column":62}},"157":{"start":{"line":256,"column":12},"end":{"line":256,"column":57}},"158":{"start":{"line":260,"column":0},"end":{"line":260,"column":26}}},"fnMap":{"0":{"name":"(anonymous_0)","decl":{"start":{"line":9,"column":4},"end":{"line":9,"column":5}},"loc":{"start":{"line":9,"column":33},"end":{"line":17,"column":5}},"line":9},"1":{"name":"(anonymous_1)","decl":{"start":{"line":18,"column":4},"end":{"line":18,"column":5}},"loc":{"start":{"line":18,"column":27},"end":{"line":45,"column":5}},"line":18},"2":{"name":"(anonymous_2)","decl":{"start":{"line":46,"column":4},"end":{"line":46,"column":5}},"loc":{"start":{"line":46,"column":18},"end":{"line":56,"column":5}},"line":46},"3":{"name":"(anonymous_3)","decl":{"start":{"line":57,"column":4},"end":{"line":57,"column":5}},"loc":{"start":{"line":57,"column":33},"end":{"line":64,"column":5}},"line":57},"4":{"name":"(anonymous_4)","decl":{"start":{"line":65,"column":4},"end":{"line":65,"column":5}},"loc":{"start":{"line":65,"column":31},"end":{"line":67,"column":5}},"line":65},"5":{"name":"(anonymous_5)","decl":{"start":{"line":68,"column":4},"end":{"line":68,"column":5}},"loc":{"start":{"line":68,"column":45},"end":{"line":84,"column":5}},"line":68},"6":{"name":"(anonymous_6)","decl":{"start":{"line":85,"column":4},"end":{"line":85,"column":5}},"loc":{"start":{"line":85,"column":28},"end":{"line":101,"column":5}},"line":85},"7":{"name":"(anonymous_7)","decl":{"start":{"line":102,"column":4},"end":{"line":102,"column":5}},"loc":{"start":{"line":102,"column":35},"end":{"line":135,"column":5}},"line":102},"8":{"name":"(anonymous_8)","decl":{"start":{"line":136,"column":4},"end":{"line":136,"column":5}},"loc":{"start":{"line":136,"column":33},"end":{"line":143,"column":5}},"line":136},"9":{"name":"(anonymous_9)","decl":{"start":{"line":144,"column":4},"end":{"line":144,"column":5}},"loc":{"start":{"line":144,"column":25},"end":{"line":152,"column":5}},"line":144},"10":{"name":"(anonymous_10)","decl":{"start":{"line":153,"column":4},"end":{"line":153,"column":5}},"loc":{"start":{"line":153,"column":25},"end":{"line":175,"column":5}},"line":153},"11":{"name":"(anonymous_11)","decl":{"start":{"line":158,"column":50},"end":{"line":158,"column":51}},"loc":{"start":{"line":158,"column":62},"end":{"line":171,"column":9}},"line":158},"12":{"name":"(anonymous_12)","decl":{"start":{"line":160,"column":83},"end":{"line":160,"column":84}},"loc":{"start":{"line":160,"column":107},"end":{"line":162,"column":17}},"line":160},"13":{"name":"(anonymous_13)","decl":{"start":{"line":162,"column":25},"end":{"line":162,"column":26}},"loc":{"start":{"line":162,"column":34},"end":{"line":164,"column":17}},"line":162},"14":{"name":"(anonymous_14)","decl":{"start":{"line":166,"column":46},"end":{"line":166,"column":47}},"loc":{"start":{"line":166,"column":58},"end":{"line":170,"column":13}},"line":166},"15":{"name":"(anonymous_15)","decl":{"start":{"line":171,"column":17},"end":{"line":171,"column":18}},"loc":{"start":{"line":171,"column":26},"end":{"line":174,"column":9}},"line":171},"16":{"name":"(anonymous_16)","decl":{"start":{"line":176,"column":4},"end":{"line":176,"column":5}},"loc":{"start":{"line":176,"column":56},"end":{"line":189,"column":5}},"line":176},"17":{"name":"(anonymous_17)","decl":{"start":{"line":190,"column":4},"end":{"line":190,"column":5}},"loc":{"start":{"line":190,"column":44},"end":{"line":196,"column":5}},"line":190},"18":{"name":"(anonymous_18)","decl":{"start":{"line":197,"column":4},"end":{"line":197,"column":5}},"loc":{"start":{"line":197,"column":43},"end":{"line":226,"column":5}},"line":197},"19":{"name":"(anonymous_19)","decl":{"start":{"line":227,"column":4},"end":{"line":227,"column":5}},"loc":{"start":{"line":227,"column":30},"end":{"line":258,"column":5}},"line":227},"20":{"name":"(anonymous_20)","decl":{"start":{"line":230,"column":27},"end":{"line":230,"column":28}},"loc":{"start":{"line":230,"column":48},"end":{"line":255,"column":9}},"line":230},"21":{"name":"(anonymous_21)","decl":{"start":{"line":234,"column":66},"end":{"line":234,"column":67}},"loc":{"start":{"line":234,"column":76},"end":{"line":252,"column":13}},"line":234},"22":{"name":"(anonymous_22)","decl":{"start":{"line":239,"column":32},"end":{"line":239,"column":33}},"loc":{"start":{"line":239,"column":43},"end":{"line":248,"column":17}},"line":239},"23":{"name":"(anonymous_23)","decl":{"start":{"line":249,"column":31},"end":{"line":249,"column":32}},"loc":{"start":{"line":249,"column":37},"end":{"line":251,"column":17}},"line":249},"24":{"name":"(anonymous_24)","decl":{"start":{"line":252,"column":27},"end":{"line":252,"column":28}},"loc":{"start":{"line":252,"column":36},"end":{"line":254,"column":13}},"line":252},"25":{"name":"(anonymous_25)","decl":{"start":{"line":255,"column":17},"end":{"line":255,"column":18}},"loc":{"start":{"line":255,"column":26},"end":{"line":257,"column":9}},"line":255}},"branchMap":{"0":{"loc":{"start":{"line":33,"column":16},"end":{"line":35,"column":17}},"type":"if","locations":[{"start":{"line":33,"column":16},"end":{"line":35,"column":17}},{"start":{"line":33,"column":16},"end":{"line":35,"column":17}}],"line":33},"1":{"loc":{"start":{"line":36,"column":16},"end":{"line":39,"column":17}},"type":"if","locations":[{"start":{"line":36,"column":16},"end":{"line":39,"column":17}},{"start":{"line":36,"column":16},"end":{"line":39,"column":17}}],"line":36},"2":{"loc":{"start":{"line":69,"column":8},"end":{"line":78,"column":9}},"type":"if","locations":[{"start":{"line":69,"column":8},"end":{"line":78,"column":9}},{"start":{"line":69,"column":8},"end":{"line":78,"column":9}}],"line":69},"3":{"loc":{"start":{"line":70,"column":12},"end":{"line":76,"column":13}},"type":"switch","locations":[{"start":{"line":71,"column":16},"end":{"line":75,"column":26}}],"line":70},"4":{"loc":{"start":{"line":72,"column":20},"end":{"line":74,"column":21}},"type":"if","locations":[{"start":{"line":72,"column":20},"end":{"line":74,"column":21}},{"start":{"line":72,"column":20},"end":{"line":74,"column":21}}],"line":72},"5":{"loc":{"start":{"line":79,"column":8},"end":{"line":83,"column":9}},"type":"if","locations":[{"start":{"line":79,"column":8},"end":{"line":83,"column":9}},{"start":{"line":79,"column":8},"end":{"line":83,"column":9}}],"line":79},"6":{"loc":{"start":{"line":89,"column":12},"end":{"line":92,"column":13}},"type":"if","locations":[{"start":{"line":89,"column":12},"end":{"line":92,"column":13}},{"start":{"line":89,"column":12},"end":{"line":92,"column":13}}],"line":89},"7":{"loc":{"start":{"line":95,"column":12},"end":{"line":98,"column":13}},"type":"if","locations":[{"start":{"line":95,"column":12},"end":{"line":98,"column":13}},{"start":{"line":95,"column":12},"end":{"line":98,"column":13}}],"line":95},"8":{"loc":{"start":{"line":112,"column":12},"end":{"line":127,"column":13}},"type":"if","locations":[{"start":{"line":112,"column":12},"end":{"line":127,"column":13}},{"start":{"line":112,"column":12},"end":{"line":127,"column":13}}],"line":112},"9":{"loc":{"start":{"line":113,"column":16},"end":{"line":126,"column":17}},"type":"switch","locations":[{"start":{"line":114,"column":20},"end":{"line":116,"column":30}},{"start":{"line":117,"column":20},"end":{"line":119,"column":30}},{"start":{"line":120,"column":20},"end":{"line":122,"column":30}},{"start":{"line":123,"column":20},"end":{"line":125,"column":30}}],"line":113},"10":{"loc":{"start":{"line":138,"column":12},"end":{"line":141,"column":13}},"type":"if","locations":[{"start":{"line":138,"column":12},"end":{"line":141,"column":13}},{"start":{"line":138,"column":12},"end":{"line":141,"column":13}}],"line":138},"11":{"loc":{"start":{"line":146,"column":12},"end":{"line":150,"column":13}},"type":"if","locations":[{"start":{"line":146,"column":12},"end":{"line":150,"column":13}},{"start":{"line":146,"column":12},"end":{"line":150,"column":13}}],"line":146},"12":{"loc":{"start":{"line":183,"column":12},"end":{"line":186,"column":13}},"type":"if","locations":[{"start":{"line":183,"column":12},"end":{"line":186,"column":13}},{"start":{"line":183,"column":12},"end":{"line":186,"column":13}}],"line":183},"13":{"loc":{"start":{"line":192,"column":12},"end":{"line":194,"column":13}},"type":"if","locations":[{"start":{"line":192,"column":12},"end":{"line":194,"column":13}},{"start":{"line":192,"column":12},"end":{"line":194,"column":13}}],"line":192},"14":{"loc":{"start":{"line":200,"column":12},"end":{"line":216,"column":13}},"type":"if","locations":[{"start":{"line":200,"column":12},"end":{"line":216,"column":13}},{"start":{"line":200,"column":12},"end":{"line":216,"column":13}}],"line":200},"15":{"loc":{"start":{"line":201,"column":16},"end":{"line":215,"column":17}},"type":"switch","locations":[{"start":{"line":202,"column":20},"end":{"line":204,"column":30}},{"start":{"line":205,"column":20},"end":{"line":207,"column":30}},{"start":{"line":208,"column":20},"end":{"line":210,"column":30}},{"start":{"line":211,"column":20},"end":{"line":214,"column":30}}],"line":201},"16":{"loc":{"start":{"line":242,"column":20},"end":{"line":246,"column":21}},"type":"if","locations":[{"start":{"line":242,"column":20},"end":{"line":246,"column":21}},{"start":{"line":242,"column":20},"end":{"line":246,"column":21}}],"line":242}},"s":{"0":1,"1":1,"2":1,"3":1,"4":1,"5":1,"6":2,"7":2,"8":2,"9":2,"10":2,"11":2,"12":2,"13":11888,"14":11888,"15":11888,"16":129224,"17":129224,"18":129224,"19":129224,"20":129224,"21":129224,"22":129224,"23":129224,"24":129224,"25":129224,"26":129224,"27":129224,"28":49242,"29":129224,"30":129224,"31":129224,"32":0,"33":2,"34":2,"35":2,"36":2,"37":0,"38":0,"39":0,"40":0,"41":0,"42":0,"43":0,"44":0,"45":0,"46":0,"47":0,"48":0,"49":0,"50":0,"51":0,"52":0,"53":0,"54":0,"55":0,"56":0,"57":0,"58":0,"59":0,"60":0,"61":0,"62":0,"63":0,"64":0,"65":0,"66":0,"67":0,"68":0,"69":0,"70":0,"71":0,"72":0,"73":0,"74":0,"75":0,"76":0,"77":0,"78":0,"79":0,"80":0,"81":0,"82":0,"83":0,"84":0,"85":0,"86":0,"87":0,"88":0,"89":0,"90":0,"91":0,"92":0,"93":0,"94":0,"95":0,"96":0,"97":0,"98":0,"99":0,"100":0,"101":0,"102":0,"103":0,"104":0,"105":0,"106":0,"107":0,"108":0,"109":0,"110":0,"111":0,"112":0,"113":0,"114":0,"115":0,"116":0,"117":0,"118":0,"119":0,"120":0,"121":0,"122":0,"123":0,"124":0,"125":0,"126":0,"127":0,"128":0,"129":0,"130":0,"131":0,"132":0,"133":0,"134":0,"135":0,"136":0,"137":0,"138":0,"139":0,"140":0,"141":0,"142":0,"143":0,"144":0,"145":0,"146":0,"147":0,"148":0,"149":0,"150":0,"151":0,"152":0,"153":0,"154":0,"155":0,"156":0,"157":0,"158":1},"f":{"0":2,"1":11888,"2":2,"3":0,"4":0,"5":0,"6":0,"7":0,"8":0,"9":0,"10":0,"11":0,"12":0,"13":0,"14":0,"15":0,"16":0,"17":0,"18":0,"19":0,"20":0,"21":0,"22":0,"23":0,"24":0,"25":0},"b":{"0":[49242,79982],"1":[129224,0],"2":[0,0],"3":[0],"4":[0,0],"5":[0,0],"6":[0,0],"7":[0,0],"8":[0,0],"9":[0,0,0,0],"10":[0,0],"11":[0,0],"12":[0,0],"13":[0,0],"14":[0,0],"15":[0,0,0,0],"16":[0,0]},"_coverageSchema":"332fd63041d2c1bcb487cc26dd0d5f7d97098a6c","hash":"82e1e5f422e1024e2a2ae32d97b1e36c72e8e527","contentHash":"f0f74d998a3bf69137795611bd23fd7d_11.3.0"},"/Users/yujinglai/Projects/project_team253/src/controller/Section.js":{"path":"/Users/yujinglai/Projects/project_team253/src/controller/Section.js","statementMap":{"0":{"start":{"line":2,"column":0},"end":{"line":2,"column":62}},"1":{"start":{"line":5,"column":8},"end":{"line":16,"column":10}},"2":{"start":{"line":19,"column":29},"end":{"line":19,"column":53}},"3":{"start":{"line":20,"column":8},"end":{"line":24,"column":9}},"4":{"start":{"line":21,"column":12},"end":{"line":23,"column":13}},"5":{"start":{"line":22,"column":16},"end":{"line":22,"column":29}},"6":{"start":{"line":25,"column":8},"end":{"line":25,"column":20}},"7":{"start":{"line":28,"column":0},"end":{"line":28,"column":26}}},"fnMap":{"0":{"name":"(anonymous_0)","decl":{"start":{"line":4,"column":4},"end":{"line":4,"column":5}},"loc":{"start":{"line":4,"column":18},"end":{"line":17,"column":5}},"line":4},"1":{"name":"(anonymous_1)","decl":{"start":{"line":18,"column":4},"end":{"line":18,"column":5}},"loc":{"start":{"line":18,"column":19},"end":{"line":26,"column":5}},"line":18}},"branchMap":{"0":{"loc":{"start":{"line":21,"column":12},"end":{"line":23,"column":13}},"type":"if","locations":[{"start":{"line":21,"column":12},"end":{"line":23,"column":13}},{"start":{"line":21,"column":12},"end":{"line":23,"column":13}}],"line":21},"1":{"loc":{"start":{"line":21,"column":16},"end":{"line":21,"column":51}},"type":"binary-expr","locations":[{"start":{"line":21,"column":16},"end":{"line":21,"column":34}},{"start":{"line":21,"column":38},"end":{"line":21,"column":51}}],"line":21}},"s":{"0":1,"1":129224,"2":129224,"3":129224,"4":1292240,"5":0,"6":129224,"7":1},"f":{"0":129224,"1":129224},"b":{"0":[0,1292240],"1":[1292240,1292240]},"_coverageSchema":"332fd63041d2c1bcb487cc26dd0d5f7d97098a6c","hash":"a303f7bcef60952a7930f6db1dbd5f8fa99213ce","contentHash":"ad3d0282911becc220e86649dcb6088c_11.3.0"},"/Users/yujinglai/Projects/project_team253/src/controller/Room.js":{"path":"/Users/yujinglai/Projects/project_team253/src/controller/Room.js","statementMap":{"0":{"start":{"line":2,"column":0},"end":{"line":2,"column":62}},"1":{"start":{"line":5,"column":8},"end":{"line":17,"column":10}},"2":{"start":{"line":20,"column":0},"end":{"line":20,"column":20}}},"fnMap":{"0":{"name":"(anonymous_0)","decl":{"start":{"line":4,"column":4},"end":{"line":4,"column":5}},"loc":{"start":{"line":4,"column":18},"end":{"line":18,"column":5}},"line":4}},"branchMap":{},"s":{"0":1,"1":0,"2":1},"f":{"0":0},"b":{},"_coverageSchema":"332fd63041d2c1bcb487cc26dd0d5f7d97098a6c","hash":"b24146a4e1a5d17046d04d01f8306dcffad17b93","contentHash":"a96a33770e30eb4d8ad2f514825a82e5_11.3.0"},"/Users/yujinglai/Projects/project_team253/src/controller/InsightQuery.js":{"path":"/Users/yujinglai/Projects/project_team253/src/controller/InsightQuery.js","statementMap":{"0":{"start":{"line":2,"column":0},"end":{"line":2,"column":62}},"1":{"start":{"line":3,"column":15},"end":{"line":3,"column":33}},"2":{"start":{"line":4,"column":25},"end":{"line":4,"column":52}},"3":{"start":{"line":5,"column":32},"end":{"line":5,"column":66}},"4":{"start":{"line":6,"column":29},"end":{"line":6,"column":60}},"5":{"start":{"line":7,"column":33},"end":{"line":7,"column":68}},"6":{"start":{"line":8,"column":11},"end":{"line":8,"column":30}},"7":{"start":{"line":11,"column":8},"end":{"line":11,"column":57}},"8":{"start":{"line":12,"column":8},"end":{"line":12,"column":27}},"9":{"start":{"line":13,"column":8},"end":{"line":13,"column":32}},"10":{"start":{"line":14,"column":8},"end":{"line":14,"column":69}},"11":{"start":{"line":15,"column":8},"end":{"line":15,"column":75}},"12":{"start":{"line":16,"column":8},"end":{"line":16,"column":77}},"13":{"start":{"line":19,"column":8},"end":{"line":34,"column":11}},"14":{"start":{"line":20,"column":12},"end":{"line":32,"column":13}},"15":{"start":{"line":21,"column":16},"end":{"line":30,"column":17}},"16":{"start":{"line":22,"column":20},"end":{"line":28,"column":21}},"17":{"start":{"line":23,"column":24},"end":{"line":26,"column":25}},"18":{"start":{"line":25,"column":28},"end":{"line":25,"column":49}},"19":{"start":{"line":27,"column":24},"end":{"line":27,"column":94}},"20":{"start":{"line":29,"column":20},"end":{"line":29,"column":97}},"21":{"start":{"line":31,"column":16},"end":{"line":31,"column":94}},"22":{"start":{"line":33,"column":12},"end":{"line":33,"column":78}},"23":{"start":{"line":37,"column":22},"end":{"line":37,"column":27}},"24":{"start":{"line":38,"column":27},"end":{"line":38,"column":45}},"25":{"start":{"line":39,"column":8},"end":{"line":49,"column":9}},"26":{"start":{"line":40,"column":12},"end":{"line":45,"column":13}},"27":{"start":{"line":41,"column":16},"end":{"line":41,"column":120}},"28":{"start":{"line":44,"column":16},"end":{"line":44,"column":62}},"29":{"start":{"line":46,"column":12},"end":{"line":48,"column":13}},"30":{"start":{"line":47,"column":16},"end":{"line":47,"column":65}},"31":{"start":{"line":50,"column":8},"end":{"line":50,"column":23}},"32":{"start":{"line":53,"column":8},"end":{"line":59,"column":9}},"33":{"start":{"line":54,"column":31},"end":{"line":54,"column":49}},"34":{"start":{"line":55,"column":12},"end":{"line":58,"column":13}},"35":{"start":{"line":56,"column":16},"end":{"line":57,"column":74}},"36":{"start":{"line":60,"column":8},"end":{"line":60,"column":21}},"37":{"start":{"line":63,"column":8},"end":{"line":84,"column":9}},"38":{"start":{"line":64,"column":31},"end":{"line":64,"column":51}},"39":{"start":{"line":65,"column":12},"end":{"line":83,"column":13}},"40":{"start":{"line":67,"column":20},"end":{"line":67,"column":90}},"41":{"start":{"line":69,"column":20},"end":{"line":81,"column":21}},"42":{"start":{"line":70,"column":24},"end":{"line":74,"column":25}},"43":{"start":{"line":72,"column":42},"end":{"line":72,"column":58}},"44":{"start":{"line":73,"column":28},"end":{"line":73,"column":108}},"45":{"start":{"line":76,"column":25},"end":{"line":81,"column":21}},"46":{"start":{"line":77,"column":24},"end":{"line":80,"column":25}},"47":{"start":{"line":79,"column":28},"end":{"line":79,"column":81}},"48":{"start":{"line":82,"column":20},"end":{"line":82,"column":33}},"49":{"start":{"line":85,"column":8},"end":{"line":85,"column":21}},"50":{"start":{"line":88,"column":23},"end":{"line":88,"column":25}},"51":{"start":{"line":89,"column":8},"end":{"line":89,"column":92}},"52":{"start":{"line":90,"column":8},"end":{"line":90,"column":96}},"53":{"start":{"line":91,"column":8},"end":{"line":93,"column":9}},"54":{"start":{"line":92,"column":12},"end":{"line":92,"column":116}},"55":{"start":{"line":94,"column":22},"end":{"line":94,"column":76}},"56":{"start":{"line":95,"column":8},"end":{"line":95,"column":41}},"57":{"start":{"line":96,"column":8},"end":{"line":96,"column":23}},"58":{"start":{"line":99,"column":8},"end":{"line":112,"column":9}},"59":{"start":{"line":100,"column":28},"end":{"line":100,"column":44}},"60":{"start":{"line":101,"column":25},"end":{"line":101,"column":43}},"61":{"start":{"line":102,"column":26},"end":{"line":102,"column":50}},"62":{"start":{"line":103,"column":26},"end":{"line":103,"column":40}},"63":{"start":{"line":104,"column":26},"end":{"line":104,"column":40}},"64":{"start":{"line":105,"column":28},"end":{"line":105,"column":30}},"65":{"start":{"line":106,"column":12},"end":{"line":108,"column":13}},"66":{"start":{"line":107,"column":16},"end":{"line":107,"column":74}},"67":{"start":{"line":109,"column":30},"end":{"line":109,"column":53}},"68":{"start":{"line":110,"column":12},"end":{"line":111,"column":69}},"69":{"start":{"line":113,"column":8},"end":{"line":113,"column":20}},"70":{"start":{"line":116,"column":25},"end":{"line":116,"column":51}},"71":{"start":{"line":117,"column":22},"end":{"line":117,"column":27}},"72":{"start":{"line":118,"column":8},"end":{"line":122,"column":9}},"73":{"start":{"line":119,"column":12},"end":{"line":121,"column":13}},"74":{"start":{"line":120,"column":16},"end":{"line":120,"column":31}},"75":{"start":{"line":123,"column":8},"end":{"line":131,"column":9}},"76":{"start":{"line":124,"column":12},"end":{"line":130,"column":13}},"77":{"start":{"line":125,"column":32},"end":{"line":125,"column":86}},"78":{"start":{"line":126,"column":16},"end":{"line":126,"column":31}},"79":{"start":{"line":129,"column":16},"end":{"line":129,"column":32}},"80":{"start":{"line":132,"column":8},"end":{"line":132,"column":23}},"81":{"start":{"line":135,"column":8},"end":{"line":161,"column":11}},"82":{"start":{"line":136,"column":25},"end":{"line":136,"column":39}},"83":{"start":{"line":137,"column":28},"end":{"line":137,"column":44}},"84":{"start":{"line":138,"column":25},"end":{"line":138,"column":27}},"85":{"start":{"line":140,"column":12},"end":{"line":143,"column":13}},"86":{"start":{"line":141,"column":16},"end":{"line":141,"column":86}},"87":{"start":{"line":142,"column":16},"end":{"line":142,"column":56}},"88":{"start":{"line":144,"column":24},"end":{"line":144,"column":66}},"89":{"start":{"line":145,"column":12},"end":{"line":145,"column":50}},"90":{"start":{"line":146,"column":12},"end":{"line":151,"column":13}},"91":{"start":{"line":147,"column":16},"end":{"line":147,"column":52}},"92":{"start":{"line":150,"column":16},"end":{"line":150,"column":75}},"93":{"start":{"line":152,"column":12},"end":{"line":152,"column":78}},"94":{"start":{"line":153,"column":12},"end":{"line":155,"column":13}},"95":{"start":{"line":154,"column":16},"end":{"line":154,"column":102}},"96":{"start":{"line":156,"column":12},"end":{"line":156,"column":111}},"97":{"start":{"line":157,"column":12},"end":{"line":159,"column":13}},"98":{"start":{"line":158,"column":16},"end":{"line":158,"column":72}},"99":{"start":{"line":160,"column":12},"end":{"line":160,"column":35}},"100":{"start":{"line":164,"column":8},"end":{"line":182,"column":9}},"101":{"start":{"line":165,"column":12},"end":{"line":167,"column":15}},"102":{"start":{"line":166,"column":16},"end":{"line":166,"column":73}},"103":{"start":{"line":170,"column":24},"end":{"line":170,"column":36}},"104":{"start":{"line":171,"column":31},"end":{"line":171,"column":44}},"105":{"start":{"line":172,"column":12},"end":{"line":178,"column":15}},"106":{"start":{"line":173,"column":27},"end":{"line":173,"column":28}},"107":{"start":{"line":174,"column":16},"end":{"line":176,"column":17}},"108":{"start":{"line":175,"column":20},"end":{"line":175,"column":93}},"109":{"start":{"line":177,"column":16},"end":{"line":177,"column":28}},"110":{"start":{"line":179,"column":12},"end":{"line":181,"column":13}},"111":{"start":{"line":180,"column":16},"end":{"line":180,"column":33}},"112":{"start":{"line":183,"column":8},"end":{"line":183,"column":22}},"113":{"start":{"line":186,"column":20},"end":{"line":186,"column":57}},"114":{"start":{"line":187,"column":22},"end":{"line":187,"column":52}},"115":{"start":{"line":188,"column":8},"end":{"line":188,"column":31}},"116":{"start":{"line":189,"column":19},"end":{"line":189,"column":39}},"117":{"start":{"line":190,"column":20},"end":{"line":190,"column":22}},"118":{"start":{"line":191,"column":20},"end":{"line":191,"column":22}},"119":{"start":{"line":192,"column":8},"end":{"line":200,"column":9}},"120":{"start":{"line":193,"column":22},"end":{"line":193,"column":29}},"121":{"start":{"line":194,"column":12},"end":{"line":199,"column":13}},"122":{"start":{"line":195,"column":16},"end":{"line":195,"column":42}},"123":{"start":{"line":198,"column":16},"end":{"line":198,"column":42}},"124":{"start":{"line":201,"column":8},"end":{"line":202,"column":68}},"125":{"start":{"line":205,"column":8},"end":{"line":207,"column":9}},"126":{"start":{"line":206,"column":12},"end":{"line":206,"column":24}},"127":{"start":{"line":208,"column":8},"end":{"line":212,"column":9}},"128":{"start":{"line":209,"column":12},"end":{"line":211,"column":13}},"129":{"start":{"line":210,"column":16},"end":{"line":210,"column":29}},"130":{"start":{"line":213,"column":8},"end":{"line":213,"column":20}},"131":{"start":{"line":216,"column":0},"end":{"line":216,"column":31}}},"fnMap":{"0":{"name":"(anonymous_0)","decl":{"start":{"line":10,"column":4},"end":{"line":10,"column":5}},"loc":{"start":{"line":10,"column":18},"end":{"line":17,"column":5}},"line":10},"1":{"name":"(anonymous_1)","decl":{"start":{"line":18,"column":4},"end":{"line":18,"column":5}},"loc":{"start":{"line":18,"column":44},"end":{"line":35,"column":5}},"line":18},"2":{"name":"(anonymous_2)","decl":{"start":{"line":19,"column":27},"end":{"line":19,"column":28}},"loc":{"start":{"line":19,"column":48},"end":{"line":34,"column":9}},"line":19},"3":{"name":"(anonymous_3)","decl":{"start":{"line":36,"column":4},"end":{"line":36,"column":5}},"loc":{"start":{"line":36,"column":26},"end":{"line":51,"column":5}},"line":36},"4":{"name":"(anonymous_4)","decl":{"start":{"line":52,"column":4},"end":{"line":52,"column":5}},"loc":{"start":{"line":52,"column":22},"end":{"line":61,"column":5}},"line":52},"5":{"name":"(anonymous_5)","decl":{"start":{"line":62,"column":4},"end":{"line":62,"column":5}},"loc":{"start":{"line":62,"column":26},"end":{"line":86,"column":5}},"line":62},"6":{"name":"(anonymous_6)","decl":{"start":{"line":87,"column":4},"end":{"line":87,"column":5}},"loc":{"start":{"line":87,"column":30},"end":{"line":97,"column":5}},"line":87},"7":{"name":"(anonymous_7)","decl":{"start":{"line":98,"column":4},"end":{"line":98,"column":5}},"loc":{"start":{"line":98,"column":32},"end":{"line":114,"column":5}},"line":98},"8":{"name":"(anonymous_8)","decl":{"start":{"line":115,"column":4},"end":{"line":115,"column":5}},"loc":{"start":{"line":115,"column":35},"end":{"line":133,"column":5}},"line":115},"9":{"name":"(anonymous_9)","decl":{"start":{"line":134,"column":4},"end":{"line":134,"column":5}},"loc":{"start":{"line":134,"column":48},"end":{"line":162,"column":5}},"line":134},"10":{"name":"(anonymous_10)","decl":{"start":{"line":135,"column":27},"end":{"line":135,"column":28}},"loc":{"start":{"line":135,"column":48},"end":{"line":161,"column":9}},"line":135},"11":{"name":"(anonymous_11)","decl":{"start":{"line":163,"column":4},"end":{"line":163,"column":5}},"loc":{"start":{"line":163,"column":35},"end":{"line":184,"column":5}},"line":163},"12":{"name":"(anonymous_12)","decl":{"start":{"line":165,"column":24},"end":{"line":165,"column":25}},"loc":{"start":{"line":165,"column":34},"end":{"line":167,"column":13}},"line":165},"13":{"name":"(anonymous_13)","decl":{"start":{"line":172,"column":24},"end":{"line":172,"column":25}},"loc":{"start":{"line":172,"column":34},"end":{"line":178,"column":13}},"line":172},"14":{"name":"(anonymous_14)","decl":{"start":{"line":185,"column":4},"end":{"line":185,"column":5}},"loc":{"start":{"line":185,"column":65},"end":{"line":203,"column":5}},"line":185},"15":{"name":"(anonymous_15)","decl":{"start":{"line":204,"column":4},"end":{"line":204,"column":5}},"loc":{"start":{"line":204,"column":18},"end":{"line":214,"column":5}},"line":204}},"branchMap":{"0":{"loc":{"start":{"line":20,"column":12},"end":{"line":32,"column":13}},"type":"if","locations":[{"start":{"line":20,"column":12},"end":{"line":32,"column":13}},{"start":{"line":20,"column":12},"end":{"line":32,"column":13}}],"line":20},"1":{"loc":{"start":{"line":20,"column":16},"end":{"line":20,"column":59}},"type":"binary-expr","locations":[{"start":{"line":20,"column":16},"end":{"line":20,"column":41}},{"start":{"line":20,"column":45},"end":{"line":20,"column":59}}],"line":20},"2":{"loc":{"start":{"line":21,"column":16},"end":{"line":30,"column":17}},"type":"if","locations":[{"start":{"line":21,"column":16},"end":{"line":30,"column":17}},{"start":{"line":21,"column":16},"end":{"line":30,"column":17}}],"line":21},"3":{"loc":{"start":{"line":22,"column":20},"end":{"line":28,"column":21}},"type":"if","locations":[{"start":{"line":22,"column":20},"end":{"line":28,"column":21}},{"start":{"line":22,"column":20},"end":{"line":28,"column":21}}],"line":22},"4":{"loc":{"start":{"line":22,"column":24},"end":{"line":22,"column":90}},"type":"binary-expr","locations":[{"start":{"line":22,"column":24},"end":{"line":22,"column":54}},{"start":{"line":22,"column":58},"end":{"line":22,"column":90}}],"line":22},"5":{"loc":{"start":{"line":23,"column":24},"end":{"line":26,"column":25}},"type":"if","locations":[{"start":{"line":23,"column":24},"end":{"line":26,"column":25}},{"start":{"line":23,"column":24},"end":{"line":26,"column":25}}],"line":23},"6":{"loc":{"start":{"line":23,"column":28},"end":{"line":24,"column":94}},"type":"binary-expr","locations":[{"start":{"line":23,"column":28},"end":{"line":23,"column":72}},{"start":{"line":24,"column":28},"end":{"line":24,"column":94}}],"line":23},"7":{"loc":{"start":{"line":39,"column":8},"end":{"line":49,"column":9}},"type":"if","locations":[{"start":{"line":39,"column":8},"end":{"line":49,"column":9}},{"start":{"line":39,"column":8},"end":{"line":49,"column":9}}],"line":39},"8":{"loc":{"start":{"line":39,"column":12},"end":{"line":39,"column":100}},"type":"binary-expr","locations":[{"start":{"line":39,"column":12},"end":{"line":39,"column":33}},{"start":{"line":39,"column":37},"end":{"line":39,"column":58}},{"start":{"line":39,"column":62},"end":{"line":39,"column":78}},{"start":{"line":39,"column":82},"end":{"line":39,"column":100}}],"line":39},"9":{"loc":{"start":{"line":40,"column":12},"end":{"line":45,"column":13}},"type":"if","locations":[{"start":{"line":40,"column":12},"end":{"line":45,"column":13}},{"start":{"line":40,"column":12},"end":{"line":45,"column":13}}],"line":40},"10":{"loc":{"start":{"line":41,"column":26},"end":{"line":41,"column":119}},"type":"binary-expr","locations":[{"start":{"line":41,"column":26},"end":{"line":41,"column":80}},{"start":{"line":41,"column":84},"end":{"line":41,"column":119}}],"line":41},"11":{"loc":{"start":{"line":46,"column":12},"end":{"line":48,"column":13}},"type":"if","locations":[{"start":{"line":46,"column":12},"end":{"line":48,"column":13}},{"start":{"line":46,"column":12},"end":{"line":48,"column":13}}],"line":46},"12":{"loc":{"start":{"line":46,"column":16},"end":{"line":46,"column":50}},"type":"binary-expr","locations":[{"start":{"line":46,"column":16},"end":{"line":46,"column":39}},{"start":{"line":46,"column":43},"end":{"line":46,"column":50}}],"line":46},"13":{"loc":{"start":{"line":53,"column":8},"end":{"line":59,"column":9}},"type":"if","locations":[{"start":{"line":53,"column":8},"end":{"line":59,"column":9}},{"start":{"line":53,"column":8},"end":{"line":59,"column":9}}],"line":53},"14":{"loc":{"start":{"line":53,"column":12},"end":{"line":53,"column":55}},"type":"binary-expr","locations":[{"start":{"line":53,"column":12},"end":{"line":53,"column":37}},{"start":{"line":53,"column":41},"end":{"line":53,"column":55}}],"line":53},"15":{"loc":{"start":{"line":55,"column":12},"end":{"line":58,"column":13}},"type":"if","locations":[{"start":{"line":55,"column":12},"end":{"line":58,"column":13}},{"start":{"line":55,"column":12},"end":{"line":58,"column":13}}],"line":55},"16":{"loc":{"start":{"line":55,"column":16},"end":{"line":55,"column":79}},"type":"binary-expr","locations":[{"start":{"line":55,"column":16},"end":{"line":55,"column":39}},{"start":{"line":55,"column":43},"end":{"line":55,"column":5
[...]
,"column":44}},"79":{"start":{"line":124,"column":12},"end":{"line":126,"column":13}},"80":{"start":{"line":125,"column":16},"end":{"line":125,"column":46}},"81":{"start":{"line":128,"column":8},"end":{"line":128,"column":23}},"82":{"start":{"line":131,"column":20},"end":{"line":131,"column":40}},"83":{"start":{"line":132,"column":20},"end":{"line":132,"column":31}},"84":{"start":{"line":133,"column":22},"end":{"line":133,"column":24}},"85":{"start":{"line":134,"column":8},"end":{"line":139,"column":9}},"86":{"start":{"line":135,"column":23},"end":{"line":135,"column":44}},"87":{"start":{"line":136,"column":12},"end":{"line":138,"column":13}},"88":{"start":{"line":137,"column":16},"end":{"line":137,"column":46}},"89":{"start":{"line":140,"column":8},"end":{"line":140,"column":23}},"90":{"start":{"line":143,"column":20},"end":{"line":143,"column":40}},"91":{"start":{"line":144,"column":20},"end":{"line":144,"column":31}},"92":{"start":{"line":145,"column":22},"end":{"line":145,"column":24}},"93":{"start":{"line":146,"column":8},"end":{"line":151,"column":9}},"94":{"start":{"line":147,"column":23},"end":{"line":147,"column":44}},"95":{"start":{"line":148,"column":12},"end":{"line":150,"column":13}},"96":{"start":{"line":149,"column":16},"end":{"line":149,"column":46}},"97":{"start":{"line":152,"column":8},"end":{"line":152,"column":23}},"98":{"start":{"line":155,"column":20},"end":{"line":155,"column":40}},"99":{"start":{"line":156,"column":20},"end":{"line":156,"column":31}},"100":{"start":{"line":157,"column":18},"end":{"line":157,"column":62}},"101":{"start":{"line":158,"column":22},"end":{"line":158,"column":24}},"102":{"start":{"line":159,"column":8},"end":{"line":164,"column":9}},"103":{"start":{"line":160,"column":23},"end":{"line":160,"column":44}},"104":{"start":{"line":161,"column":12},"end":{"line":163,"column":13}},"105":{"start":{"line":162,"column":16},"end":{"line":162,"column":46}},"106":{"start":{"line":165,"column":8},"end":{"line":165,"column":23}},"107":{"start":{"line":168,"column":0},"end":{"line":168,"column":37}}},"fnMap":{"0":{"name":"(anonymous_0)","decl":{"start":{"line":8,"column":4},"end":{"line":8,"column":5}},"loc":{"start":{"line":8,"column":18},"end":{"line":10,"column":5}},"line":8},"1":{"name":"(anonymous_1)","decl":{"start":{"line":11,"column":4},"end":{"line":11,"column":5}},"loc":{"start":{"line":11,"column":26},"end":{"line":34,"column":5}},"line":11},"2":{"name":"(anonymous_2)","decl":{"start":{"line":35,"column":4},"end":{"line":35,"column":5}},"loc":{"start":{"line":35,"column":27},"end":{"line":39,"column":5}},"line":35},"3":{"name":"(anonymous_3)","decl":{"start":{"line":36,"column":24},"end":{"line":36,"column":25}},"loc":{"start":{"line":36,"column":35},"end":{"line":38,"column":9}},"line":36},"4":{"name":"(anonymous_4)","decl":{"start":{"line":40,"column":4},"end":{"line":40,"column":5}},"loc":{"start":{"line":40,"column":23},"end":{"line":42,"column":5}},"line":40},"5":{"name":"(anonymous_5)","decl":{"start":{"line":43,"column":4},"end":{"line":43,"column":5}},"loc":{"start":{"line":43,"column":37},"end":{"line":47,"column":5}},"line":43},"6":{"name":"(anonymous_6)","decl":{"start":{"line":44,"column":27},"end":{"line":44,"column":28}},"loc":{"start":{"line":44,"column":34},"end":{"line":46,"column":9}},"line":44},"7":{"name":"(anonymous_7)","decl":{"start":{"line":48,"column":4},"end":{"line":48,"column":5}},"loc":{"start":{"line":48,"column":38},"end":{"line":52,"column":5}},"line":48},"8":{"name":"(anonymous_8)","decl":{"start":{"line":49,"column":29},"end":{"line":49,"column":30}},"loc":{"start":{"line":49,"column":36},"end":{"line":51,"column":9}},"line":49},"9":{"name":"(anonymous_9)","decl":{"start":{"line":53,"column":4},"end":{"line":53,"column":5}},"loc":{"start":{"line":53,"column":57},"end":{"line":78,"column":5}},"line":53},"10":{"name":"(anonymous_10)","decl":{"start":{"line":59,"column":47},"end":{"line":59,"column":48}},"loc":{"start":{"line":59,"column":54},"end":{"line":61,"column":13}},"line":59},"11":{"name":"(anonymous_11)","decl":{"start":{"line":79,"column":4},"end":{"line":79,"column":5}},"loc":{"start":{"line":79,"column":20},"end":{"line":82,"column":5}},"line":79},"12":{"name":"(anonymous_12)","decl":{"start":{"line":83,"column":4},"end":{"line":83,"column":5}},"loc":{"start":{"line":83,"column":31},"end":{"line":117,"column":5}},"line":83},"13":{"name":"(anonymous_13)","decl":{"start":{"line":118,"column":4},"end":{"line":118,"column":5}},"loc":{"start":{"line":118,"column":32},"end":{"line":129,"column":5}},"line":118},"14":{"name":"(anonymous_14)","decl":{"start":{"line":130,"column":4},"end":{"line":130,"column":5}},"loc":{"start":{"line":130,"column":32},"end":{"line":141,"column":5}},"line":130},"15":{"name":"(anonymous_15)","decl":{"start":{"line":142,"column":4},"end":{"line":142,"column":5}},"loc":{"start":{"line":142,"column":32},"end":{"line":153,"column":5}},"line":142},"16":{"name":"(anonymous_16)","decl":{"start":{"line":154,"column":4},"end":{"line":154,"column":5}},"loc":{"start":{"line":154,"column":32},"end":{"line":166,"column":5}},"line":154}},"branchMap":{"0":{"loc":{"start":{"line":64,"column":16},"end":{"line":67,"column":17}},"type":"if","locations":[{"start":{"line":64,"column":16},"end":{"line":67,"column":17}},{"start":{"line":64,"column":16},"end":{"line":67,"column":17}}],"line":64},"1":{"loc":{"start":{"line":71,"column":16},"end":{"line":73,"column":17}},"type":"if","locations":[{"start":{"line":71,"column":16},"end":{"line":73,"column":17}},{"start":{"line":71,"column":16},"end":{"line":73,"column":17}}],"line":71},"2":{"loc":{"start":{"line":87,"column":8},"end":{"line":116,"column":9}},"type":"switch","locations":[{"start":{"line":88,"column":12},"end":{"line":94,"column":31}},{"start":{"line":95,"column":12},"end":{"line":100,"column":31}},{"start":{"line":101,"column":12},"end":{"line":103,"column":82}},{"start":{"line":104,"column":12},"end":{"line":106,"column":56}},{"start":{"line":107,"column":12},"end":{"line":109,"column":56}},{"start":{"line":110,"column":12},"end":{"line":112,"column":56}},{"start":{"line":113,"column":12},"end":{"line":115,"column":56}}],"line":87},"3":{"loc":{"start":{"line":124,"column":12},"end":{"line":126,"column":13}},"type":"if","locations":[{"start":{"line":124,"column":12},"end":{"line":126,"column":13}},{"start":{"line":124,"column":12},"end":{"line":126,"column":13}}],"line":124},"4":{"loc":{"start":{"line":136,"column":12},"end":{"line":138,"column":13}},"type":"if","locations":[{"start":{"line":136,"column":12},"end":{"line":138,"column":13}},{"start":{"line":136,"column":12},"end":{"line":138,"column":13}}],"line":136},"5":{"loc":{"start":{"line":148,"column":12},"end":{"line":150,"column":13}},"type":"if","locations":[{"start":{"line":148,"column":12},"end":{"line":150,"column":13}},{"start":{"line":148,"column":12},"end":{"line":150,"column":13}}],"line":148},"6":{"loc":{"start":{"line":161,"column":12},"end":{"line":163,"column":13}},"type":"if","locations":[{"start":{"line":161,"column":12},"end":{"line":163,"column":13}},{"start":{"line":161,"column":12},"end":{"line":163,"column":13}}],"line":161}},"s":{"0":1,"1":1,"2":1,"3":1,"4":1,"5":0,"6":0,"7":0,"8":0,"9":0,"10":0,"11":0,"12":0,"13":0,"14":0,"15":0,"16":0,"17":0,"18":0,"19":0,"20":0,"21":0,"22":0,"23":0,"24":0,"25":0,"26":0,"27":0,"28":0,"29":0,"30":0,"31":0,"32":0,"33":0,"34":0,"35":0,"36":0,"37":0,"38":0,"39":0,"40":0,"41":0,"42":0,"43":0,"44":0,"45":0,"46":0,"47":0,"48":0,"49":0,"50":0,"51":0,"52":0,"53":0,"54":0,"55":0,"56":0,"57":0,"58":0,"59":0,"60":0,"61":0,"62":0,"63":0,"64":0,"65":0,"66":0,"67":0,"68":0,"69":0,"70":0,"71":0,"72":0,"73":0,"74":0,"75":0,"76":0,"77":0,"78":0,"79":0,"80":0,"81":0,"82":0,"83":0,"84":0,"85":0,"86":0,"87":0,"88":0,"89":0,"90":0,"91":0,"92":0,"93":0,"94":0,"95":0,"96":0,"97":0,"98":0,"99":0,"100":0,"101":0,"102":0,"103":0,"104":0,"105":0,"106":0,"107":1},"f":{"0":0,"1":0,"2":0,"3":0,"4":0,"5":0,"6":0,"7":0,"8":0,"9":0,"10":0,"11":0,"12":0,"13":0,"14":0,"15":0,"16":0},"b":{"0":[0,0],"1":[0,0],"2":[0,0,0,0,0,0,0],"3":[0,0],"4":[0,0],"5":[0,0],"6":[0,0]},"_coverageSchema":"332fd63041d2c1bcb487cc26dd0d5f7d97098a6c","hash":"f4867b203447438111013fbb9347635a5d454815","contentHash":"9085a5fa267a249c2c7c8450a7c04cb2_11.3.0"},"/Users/yujinglai/Projects/project_team253/src/controller/InsightTransformHelper.js":{"path":"/Users/yujinglai/Projects/project_team253/src/controller/InsightTransformHelper.js","statementMap":{"0":{"start":{"line":2,"column":0},"end":{"line":2,"column":62}},"1":{"start":{"line":3,"column":15},"end":{"line":3,"column":33}},"2":{"start":{"line":4,"column":21},"end":{"line":4,"column":42}},"3":{"start":{"line":7,"column":8},"end":{"line":7,"column":72}},"4":{"start":{"line":10,"column":26},"end":{"line":12,"column":10}},"5":{"start":{"line":11,"column":12},"end":{"line":11,"column":35}},"6":{"start":{"line":13,"column":28},"end":{"line":21,"column":10}},"7":{"start":{"line":14,"column":24},"end":{"line":14,"column":26}},"8":{"start":{"line":15,"column":12},"end":{"line":19,"column":13}},"9":{"start":{"line":16,"column":26},"end":{"line":16,"column":40}},"10":{"start":{"line":17,"column":27},"end":{"line":17,"column":36}},"11":{"start":{"line":18,"column":16},"end":{"line":18,"column":48}},"12":{"start":{"line":20,"column":12},"end":{"line":20,"column":25}},"13":{"start":{"line":22,"column":32},"end":{"line":22,"column":78}},"14":{"start":{"line":23,"column":8},"end":{"line":23,"column":64}},"15":{"start":{"line":24,"column":8},"end":{"line":24,"column":33}},"16":{"start":{"line":27,"column":8},"end":{"line":51,"column":9}},"17":{"start":{"line":28,"column":24},"end":{"line":28,"column":33}},"18":{"start":{"line":29,"column":27},"end":{"line":29,"column":48}},"19":{"start":{"line":30,"column":12},"end":{"line":30,"column":36}},"20":{"start":{"line":31,"column":29},"end":{"line":31,"column":50}},"21":{"start":{"line":32,"column":22},"end":{"line":32,"column":39}},"22":{"start":{"line":33,"column":12},"end":{"line":33,"column":36}},"23":{"start":{"line":34,"column":12},"end":{"line":50,"column":13}},"24":{"start":{"line":36,"column":20},"end":{"line":36,"column":68}},"25":{"start":{"line":37,"column":20},"end":{"line":37,"column":26}},"26":{"start":{"line":39,"column":20},"end":{"line":39,"column":66}},"27":{"start":{"line":40,"column":20},"end":{"line":40,"column":26}},"28":{"start":{"line":42,"column":20},"end":{"line":42,"column":66}},"29":{"start":{"line":43,"column":20},"end":{"line":43,"column":26}},"30":{"start":{"line":45,"column":20},"end":{"line":45,"column":66}},"31":{"start":{"line":46,"column":20},"end":{"line":46,"column":26}},"32":{"start":{"line":48,"column":20},"end":{"line":48,"column":66}},"33":{"start":{"line":49,"column":20},"end":{"line":49,"column":26}},"34":{"start":{"line":52,"column":8},"end":{"line":52,"column":22}},"35":{"start":{"line":55,"column":27},"end":{"line":55,"column":29}},"36":{"start":{"line":56,"column":8},"end":{"line":58,"column":9}},"37":{"start":{"line":57,"column":12},"end":{"line":57,"column":61}},"38":{"start":{"line":59,"column":8},"end":{"line":59,"column":28}},"39":{"start":{"line":62,"column":8},"end":{"line":64,"column":11}},"40":{"start":{"line":63,"column":12},"end":{"line":63,"column":38}},"41":{"start":{"line":65,"column":21},"end":{"line":65,"column":42}},"42":{"start":{"line":66,"column":8},"end":{"line":66,"column":34}},"43":{"start":{"line":69,"column":8},"end":{"line":75,"column":9}},"44":{"start":{"line":70,"column":24},"end":{"line":70,"column":33}},"45":{"start":{"line":71,"column":22},"end":{"line":73,"column":15}},"46":{"start":{"line":72,"column":16},"end":{"line":72,"column":43}},"47":{"start":{"line":74,"column":12},"end":{"line":74,"column":67}},"48":{"start":{"line":76,"column":8},"end":{"line":76,"column":22}},"49":{"start":{"line":79,"column":8},"end":{"line":85,"column":9}},"50":{"start":{"line":80,"column":24},"end":{"line":80,"column":33}},"51":{"start":{"line":81,"column":22},"end":{"line":83,"column":15}},"52":{"start":{"line":82,"column":16},"end":{"line":82,"column":43}},"53":{"start":{"line":84,"column":12},"end":{"line":84,"column":67}},"54":{"start":{"line":86,"column":8},"end":{"line":86,"column":22}},"55":{"start":{"line":89,"column":8},"end":{"line":95,"column":9}},"56":{"start":{"line":90,"column":24},"end":{"line":90,"column":33}},"57":{"start":{"line":91,"column":28},"end":{"line":93,"column":14}},"58":{"start":{"line":92,"column":16},"end":{"line":92,"column":35}},"59":{"start":{"line":94,"column":12},"end":{"line":94,"column":91}},"60":{"start":{"line":96,"column":8},"end":{"line":96,"column":22}},"61":{"start":{"line":99,"column":8},"end":{"line":99,"column":35}},"62":{"start":{"line":102,"column":8},"end":{"line":108,"column":9}},"63":{"start":{"line":103,"column":24},"end":{"line":103,"column":33}},"64":{"start":{"line":104,"column":24},"end":{"line":106,"column":17}},"65":{"start":{"line":105,"column":16},"end":{"line":105,"column":39}},"66":{"start":{"line":107,"column":12},"end":{"line":107,"column":88}},"67":{"start":{"line":109,"column":8},"end":{"line":109,"column":22}},"68":{"start":{"line":112,"column":8},"end":{"line":121,"column":9}},"69":{"start":{"line":113,"column":24},"end":{"line":113,"column":33}},"70":{"start":{"line":114,"column":24},"end":{"line":118,"column":17}},"71":{"start":{"line":115,"column":31},"end":{"line":115,"column":58}},"72":{"start":{"line":116,"column":31},"end":{"line":116,"column":68}},"73":{"start":{"line":117,"column":16},"end":{"line":117,"column":46}},"74":{"start":{"line":119,"column":24},"end":{"line":119,"column":55}},"75":{"start":{"line":120,"column":12},"end":{"line":120,"column":86}},"76":{"start":{"line":122,"column":8},"end":{"line":122,"column":22}},"77":{"start":{"line":125,"column":21},"end":{"line":125,"column":23}},"78":{"start":{"line":126,"column":8},"end":{"line":130,"column":11}},"79":{"start":{"line":127,"column":24},"end":{"line":127,"column":44}},"80":{"start":{"line":128,"column":12},"end":{"line":128,"column":48}},"81":{"start":{"line":129,"column":12},"end":{"line":129,"column":34}},"82":{"start":{"line":131,"column":8},"end":{"line":133,"column":11}},"83":{"start":{"line":132,"column":12},"end":{"line":132,"column":33}},"84":{"start":{"line":136,"column":0},"end":{"line":136,"column":41}}},"fnMap":{"0":{"name":"(anonymous_0)","decl":{"start":{"line":6,"column":4},"end":{"line":6,"column":5}},"loc":{"start":{"line":6,"column":18},"end":{"line":8,"column":5}},"line":6},"1":{"name":"(anonymous_1)","decl":{"start":{"line":9,"column":4},"end":{"line":9,"column":5}},"loc":{"start":{"line":9,"column":34},"end":{"line":25,"column":5}},"line":9},"2":{"name":"(anonymous_2)","decl":{"start":{"line":10,"column":45},"end":{"line":10,"column":46}},"loc":{"start":{"line":10,"column":52},"end":{"line":12,"column":9}},"line":10},"3":{"name":"(anonymous_3)","decl":{"start":{"line":13,"column":49},"end":{"line":13,"column":50}},"loc":{"start":{"line":13,"column":59},"end":{"line":21,"column":9}},"line":13},"4":{"name":"(anonymous_4)","decl":{"start":{"line":26,"column":4},"end":{"line":26,"column":5}},"loc":{"start":{"line":26,"column":31},"end":{"line":53,"column":5}},"line":26},"5":{"name":"(anonymous_5)","decl":{"start":{"line":54,"column":4},"end":{"line":54,"column":5}},"loc":{"start":{"line":54,"column":24},"end":{"line":60,"column":5}},"line":54},"6":{"name":"(anonymous_6)","decl":{"start":{"line":61,"column":4},"end":{"line":61,"column":5}},"loc":{"start":{"line":61,"column":41},"end":{"line":67,"column":5}},"line":61},"7":{"name":"(anonymous_7)","decl":{"start":{"line":62,"column":22},"end":{"line":62,"column":23}},"loc":{"start":{"line":62,"column":29},"end":{"line":64,"column":9}},"line":62},"8":{"name":"(anonymous_8)","decl":{"start":{"line":68,"column":4},"end":{"line":68,"column":5}},"loc":{"start":{"line":68,"column":36},"end":{"line":77,"column":5}},"line":68},"9":{"name":"(anonymous_9)","decl":{"start":{"line":71,"column":53},"end":{"line":71,"column":54}},"loc":{"start":{"line":71,"column":60},"end":{"line":73,"column":13}},"line":71},"10":{"name":"(anonymous_10)","decl":{"start":{"line":78,"column":4},"end":{"line":78,"column":5}},"loc":{"start":{"line":78,"column":36},"end":{"line":87,"column":5}},"line":78},"11":{"name":"(anonymous_11)","decl":{"start":{"line":81,"column":53},"end":{"line":81,"column":54}},"loc":{"start":{"line":81,"column":60},"end":{"line":83,"column":13}},"line":81},"12":{"name":"(anonymous_12)","decl":{"start":{"line":88,"column":4},"end":{"line":88,"column":5}},"loc":{"start":{"line":88,"column":38},"end":{"line":97,"column":5}},"line":88},"13":{"name":"(anonymous_13)","decl":{"start":{"line":91,"column":38},"end":{"line":91,"column":39}},"loc":{"start":{"line":91,"column":45},"end":{"line":93,"column":13}},"line":91},"14":{"name":"(anonymous_14)","decl":{"start":{"line":98,"column":4},"end":{"line":98,"column":5}},"loc":{"start":{"line":98,"column":23},"end":{"line":100,"column":5}},"line":98},"15":{"name":"(anonymous_15)","decl":{"start":{"line":101,"column":4},"end":{"line":101,"column":5}},"loc":{"start":{"line":101,"column":36},"end":{"line":110,"column":5}},"line":101},"16":{"name":"(anonymous_16)","decl":{"start":{"line":104,"column":37},"end":{"line":104,"column":38}},"loc":{"start":{"line":104,"column":47},"end":{"line":106,"column":13}},"line":104},"17":{"name":"(anonymous_17)","decl":{"start":{"line":111,"column":4},"end":{"line":111,"column":5}},"loc":{"start":{"line":111,"column":36},"end":{"line":123,"column":5}},"line":111},"18":{"name":"(anonymous_18)","decl":{"start":{"line":114,"column":37},"end":{"line":114,"column":38}},"loc":{"start":{"line":114,"column":47},"end":{"line":118,"column":13}},"line":114},"19":{"name":"(anonymous_19)","decl":{"start":{"line":124,"column":4},"end":{"line":124,"column":5}},"loc":{"start":{"line":124,"column":23},"end":{"line":134,"column":5}},"line":124},"20":{"name":"(anonymous_20)","decl":{"start":{"line":126,"column":23},"end":{"line":126,"column":24}},"loc":{"start":{"line":126,"column":30},"end":{"line":130,"column":9}},"line":126},"21":{"name":"(anonymous_21)","decl":{"start":{"line":131,"column":39},"end":{"line":131,"column":40}},"loc":{"start":{"line":131,"column":50},"end":{"line":133,"column":9}},"line":131}},"branchMap":{"0":{"loc":{"start":{"line":34,"column":12},"end":{"line":50,"column":13}},"type":"switch","locations":[{"start":{"line":35,"column":16},"end":{"line":37,"column":26}},{"start":{"line":38,"column":16},"end":{"line":40,"column":26}},{"start":{"line":41,"column":16},"end":{"line":43,"column":26}},{"start":{"line":44,"column":16},"end":{"line":46,"column":26}},{"start":{"line":47,"column":16},"end":{"line":49,"column":26}}],"line":34},"1":{"loc":{"start":{"line":128,"column":28},"end":{"line":128,"column":47}},"type":"binary-expr","locations":[{"start":{"line":128,"column":28},"end":{"line":128,"column":41}},{"start":{"line":128,"column":45},"end":{"line":128,"column":47}}],"line":128}},"s":{"0":1,"1":1,"2":1,"3":0,"4":0,"5":0,"6":0,"7":0,"8":0,"9":0,"10":0,"11":0,"12":0,"13":0,"14":0,"15":0,"16":0,"17":0,"18":0,"19":0,"20":0,"21":0,"22":0,"23":0,"24":0,"25":0,"26":0,"27":0,"28":0,"29":0,"30":0,"31":0,"32":0,"33":0,"34":0,"35":0,"36":0,"37":0,"38":0,"39":0,"40":0,"41":0,"42":0,"43":0,"44":0,"45":0,"46":0,"47":0,"48":0,"49":0,"50":0,"51":0,"52":0,"53":0,"54":0,"55":0,"56":0,"57":0,"58":0,"59":0,"60":0,"61":0,"62":0,"63":0,"64":0,"65":0,"66":0,"67":0,"68":0,"69":0,"70":0,"71":0,"72":0,"73":0,"74":0,"75":0,"76":0,"77":0,"78":0,"79":0,"80":0,"81":0,"82":0,"83":0,"84":1},"f":{"0":0,"1":0,"2":0,"3":0,"4":0,"5":0,"6":0,"7":0,"8":0,"9":0,"10":0,"11":0,"12":0,"13":0,"14":0,"15":0,"16":0,"17":0,"18":0,"19":0,"20":0,"21":0},"b":{"0":[0,0,0,0,0],"1":[0,0]},"_coverageSchema":"332fd63041d2c1bcb487cc26dd0d5f7d97098a6c","hash":"57b862c9cadc3adfcf6c5f24d57b387d6eafdc78","contentHash":"76dcf459f782d8206020da125290340c_11.3.0"}}